Not Found: /static/Lesson/bootstrap.min.css
Not Found: /static/css/all.min.css
Not Found: /static/Lesson/bootstrap.bundle.min.js
Not Found: /favicon.ico
Not Found: /favicon.ico
Not Found: /favicon.ico
Not Found: /robots.txt
Not Found: /static/Lesson/bootstrap.bundle.min.js
Not Found: /static/Lesson/bootstrap.min.css
Not Found: /static/css/all.min.css
Not Found: /favicon.ico
Not Found: /favicon.ico
Not Found: /static/Lesson/bootstrap.min.css
Not Found: /static/css/all.min.css
Not Found: /static/Lesson/bootstrap.bundle.min.js
Not Found: /favicon.ico
[UID:3885][4172275] Child process with pid: 4172522 was killed by signal: 15, core dumped: no
[UID:3885][4172275] Child process with pid: 4188296 was killed by signal: 15, core dumped: no
[UID:3885][4172275] Child process with pid: 19698 was killed by signal: 15, core dumped: no
OSError: LSAPI: File error
Not Found: /favicon.ico
Not Found: /favicon.ico
[UID:3885][721619] Child process with pid: 721633 was killed by signal: 15, core dumped: no
[UID:3885][721619] Child process with pid: 724202 was killed by signal: 15, core dumped: no
[UID:3885][721619] Child process with pid: 721630 was killed by signal: 15, core dumped: no
Not Found: /static/Lesson/bootstrap.min.css
Not Found: /static/css/all.min.css
Not Found: /static/Lesson/bootstrap.bundle.min.js
Not Found: /favicon.ico
Not Found: /robots.txt
Not Found: /static/Lesson/bootstrap.min.css
Not Found: /static/Lesson/bootstrap.bundle.min.js
Not Found: /static/Lesson/bootstrap.min.css
Not Found: /static/css/all.min.css
Not Found: /static/Lesson/bootstrap.bundle.min.js
Not Found: /static/css/all.min.css
Not Found: /static/css/all.min.css
Not Found: /static/Lesson/bootstrap.min.css
Not Found: /favicon.ico
[UID:3885][3091913] Child process with pid: 3092323 was killed by signal: 15, core dumped: no
Internal Server Error: /product/
Traceback (most recent call last):
  File "/home/projectsto/virtualenv/projectstore/3.9/lib/python3.9/site-packages/django/core/handlers/exception.py", line 55, in inner
    response = get_response(request)
  File "/home/projectsto/virtualenv/projectstore/3.9/lib/python3.9/site-packages/django/core/handlers/base.py", line 197, in _get_response
    response = wrapped_callback(request, *callback_args, **callback_kwargs)
  File "/home/projectsto/projectstore/Store/views.py", line 311, in product
    return render(request, 'product.html', context)
  File "/home/projectsto/virtualenv/projectstore/3.9/lib/python3.9/site-packages/django/shortcuts.py", line 24, in render
    content = loader.render_to_string(template_name, context, request, using=using)
  File "/home/projectsto/virtualenv/projectstore/3.9/lib/python3.9/site-packages/django/template/loader.py", line 61, in render_to_string
    template = get_template(template_name, using=using)
  File "/home/projectsto/virtualenv/projectstore/3.9/lib/python3.9/site-packages/django/template/loader.py", line 19, in get_template
    raise TemplateDoesNotExist(template_name, chain=chain)
django.template.exceptions.TemplateDoesNotExist: product.html
Not Found: /favicon.ico
[UID:3885][3542065] Child process with pid: 3546208 was killed by signal: 15, core dumped: no
[UID:3885][3542065] Child process with pid: 3542120 was killed by signal: 15, core dumped: no
[UID:3885][3542065] Child process with pid: 3542077 was killed by signal: 15, core dumped: no
[UID:3885][3542065] Child process with pid: 3547288 was killed by signal: 15, core dumped: no
[UID:3885][3542065] Child process with pid: 3550207 was killed by signal: 15, core dumped: no
Not Found: /robots.txt
Not Found: /wp-content/plugins/hellopress/wp_filemanager.php
Not Found: /lc.php
Not Found: /gmo.php
Not Found: /num.php
Not Found: /CLA.php
Not Found: /gfile.php
Not Found: /ahax.php
Not Found: /gold.php
Not Found: /goods.php
Not Found: /ol.php
Not Found: /wp-gr.php
Not Found: /nc4.php
Not Found: /co.php
Not Found: /aua.php
Not Found: /Sanskrit.php
Not Found: /aa.php
Not Found: /great.php
Not Found: /class9.php
Not Found: /pass.php
Not Found: /lock360.php
Not Found: /ot.php
Not Found: /witmm.php
Not Found: /lo.php
Not Found: /asd67.php
Not Found: /robots.txt
Not Found: /static/Lesson/bootstrap.min.css
Not Found: /static/css/all.min.css
Not Found: /static/Lesson/bootstrap.bundle.min.js
Not Found: /favicon.ico
Not Found: /static/css/all.min.css
Not Found: /static/Lesson/bootstrap.min.css
Not Found: /static/Lesson/bootstrap.bundle.min.js
Not Found: /favicon.ico
Not Found: /static/css/all.min.css
Not Found: /static/Lesson/bootstrap.min.css
Not Found: /static/Lesson/bootstrap.bundle.min.js
Not Found: /favicon.ico
Not Found: /favicon.ico
Not Found: /static/css/all.min.css
Not Found: /static/Lesson/bootstrap.min.css
Not Found: /static/Lesson/bootstrap.bundle.min.js
Not Found: /favicon.ico
Not Found: /static/Lesson/bootstrap.min.css
Not Found: /static/css/all.min.css
Not Found: /static/Lesson/bootstrap.bundle.min.js
Login failed for username: hamza
Login failed for username: hamza
Not Found: /static/Lesson/bootstrap.min.css
Not Found: /static/css/all.min.css
Not Found: /static/Lesson/bootstrap.bundle.min.js
Not Found: /static/Lesson/bootstrap.min.css
Not Found: /static/css/all.min.css
Not Found: /static/Lesson/bootstrap.bundle.min.js
Not Found: /favicon.ico
Not Found: /static/Lesson/bootstrap.min.css
Not Found: /static/Lesson/bootstrap.bundle.min.js
Not Found: /static/css/all.min.css
Login failed for username: fajutt674@gmail.com
Not Found: /static/Lesson/bootstrap.min.css
Not Found: /static/css/all.min.css
Not Found: /static/Lesson/bootstrap.bundle.min.js
Not Found: /robots.txt
Not Found: /robots.txt
Not Found: /favicon.ico
Not Found: /favicon.ico
Not Found: /.well-known/security.txt
[UID:3885][3160213] Child process with pid: 3163138 was killed by signal: 15, core dumped: no
[UID:3885][3160213] Child process with pid: 3160355 was killed by signal: 15, core dumped: no
Not Found: /static/Lesson/bootstrap.min.css
Not Found: /static/css/all.min.css
Not Found: /static/Lesson/bootstrap.bundle.min.js
Not Found: /favicon.ico
Not Found: /static/css/all.min.css
Not Found: /static/Lesson/bootstrap.min.css
Not Found: /static/Lesson/bootstrap.bundle.min.js
Forbidden: /submit-review/14/
Forbidden: /submit-review/14/
Not Found: /products/14/
Not Found: /accounts/login/
Not Found: /static/css/all.min.css
Not Found: /static/Lesson/bootstrap.bundle.min.js
Not Found: /static/Lesson/bootstrap.min.css
Not Found: /static/css/all.min.css
Not Found: /static/Lesson/bootstrap.bundle.min.js
Not Found: /static/Lesson/bootstrap.min.css
Not Found: /static/css/all.min.css
Not Found: /static/Lesson/bootstrap.min.css
Not Found: /robots.txt
Not Found: /robots.txt
Not Found: /robots.txt
Not Found: /robots.txt
Not Found: /robots.txt
Not Found: /robots.txt
Not Found: /static/Lesson/bootstrap.min.css
Not Found: /static/css/all.min.css
Not Found: /static/Lesson/bootstrap.bundle.min.js
Not Found: /favicon.ico
Not Found: /static/Lesson/bootstrap.min.css
Not Found: /static/css/all.min.css
Not Found: /static/Lesson/bootstrap.bundle.min.js
Not Found: /favicon.ico
Not Found: /robots.txt
Not Found: /robots.txt
Not Found: /static/Lesson/bootstrap.bundle.min.js
Not Found: /static/css/all.min.css
Not Found: /static/Lesson/bootstrap.min.css
Not Found: /static/css/all.min.css
Not Found: /static/Lesson/bootstrap.min.css
Not Found: /static/Lesson/bootstrap.bundle.min.js
Not Found: /static/css/all.min.css
Not Found: /favicon.ico
[UID:3885][1549418] Child process with pid: 1629375 was killed by signal: 15, core dumped: no
[UID:3885][1549418] Child process with pid: 1629477 was killed by signal: 15, core dumped: no
[UID:3885][1549418] Child process with pid: 1629417 was killed by signal: 15, core dumped: no
[UID:3885][1549418] Child process with pid: 1629476 was killed by signal: 15, core dumped: no
Not Found: /static/Lesson/bootstrap.min.css
Not Found: /static/Lesson/bootstrap.bundle.min.js
Not Found: /static/css/all.min.css
Not Found: /static/Lesson/bootstrap.bundle.min.js
Not Found: /robots.txt
Not Found: /favicon.ico
Not Found: /favicon.ico
Not Found: /robots.txt
Not Found: /style.php
Not Found: /style.php
Not Found: /robots.txt
Not Found: /wp-content/plugins/hellopress/wp_filemanager.php
Not Found: /dex.php
Not Found: /aaaa.php
Not Found: /cool.php
Not Found: /pp.php
Not Found: /wp.php
Not Found: /ar.php
Not Found: /axx.php
Not Found: /we.php
Not Found: /xpas2.php
Not Found: /bv3.php
Not Found: /robots.txt
Not Found: /static/css/all.min.css
Not Found: /static/Lesson/bootstrap.min.css
Not Found: /static/Lesson/bootstrap.bundle.min.js
Not Found: /favicon.ico
Not Found: /static/css/all.min.css
Not Found: /static/Lesson/bootstrap.min.css
Not Found: /static/Lesson/bootstrap.bundle.min.js
Not Found: /home/login/
Not Found: /robots.txt
Not Found: /favicon.ico
Not Found: /favicon.ico
Not Found: /favicon.ico
Not Found: /favicon.ico
Not Found: /login/login
Not Found: /robots.txt
Method Not Allowed (GET): /place-order/
Not Found: /.well-known/security.txt
Not Found: /robots.txt
Not Found: /robots.txt
Not Found: /robots.txt
Not Found: /static/Lesson/bootstrap.min.css
Not Found: /static/css/all.min.css
Not Found: /static/Lesson/bootstrap.bundle.min.js
Not Found: /static/Lesson/bootstrap.min.css
Not Found: /static/css/all.min.css
Not Found: /static/Lesson/bootstrap.bundle.min.js
Not Found: /robots.txt
Not Found: /static/css/all.min.css
Not Found: /static/Lesson/bootstrap.min.css
Not Found: /static/Lesson/bootstrap.bundle.min.js
Not Found: /robots.txt
Not Found: /robots.txt
Not Found: /robots.txt
[UID:3885][889491] Child process with pid: 891936 was killed by signal: 15, core dumped: no
[UID:3885][889491] Child process with pid: 892445 was killed by signal: 15, core dumped: no
[UID:3885][889491] Child process with pid: 892446 was killed by signal: 15, core dumped: no
OSError: LSAPI: File error
[UID:3885][889491] Child process with pid: 894247 was killed by signal: 15, core dumped: no
[UID:3885][889491] Child process with pid: 894248 was killed by signal: 15, core dumped: no
[UID:3885][889491] Child process with pid: 894249 was killed by signal: 15, core dumped: no
Not Found: /favicon.ico
Not Found: /favicon.ico
Not Found: /sitemap.xml
Not Found: //login/
Not Found: //login/
Not Found: /wp-admin/css/
Not Found: /.well-known/
Not Found: /sites/default/files/
Not Found: /uploads/
Not Found: /images/
Not Found: /files/
Not Found: /favicon.ico
Not Found: /favicon.ico
Not Found: /robots.txt
Not Found: /robots.txt
Not Found: /wp-json/wp/v2/users/
Not Found: /xmlrpc.php
[UID:3885][3031470] packetLen < 0
Not Found: /xmlrpc.php
Not Found: /robots.txt
Not Found: /robots.txt
Not Found: /robots.txt
Not Found: /favicon.ico
Not Found: /robots.txt
Not Found: /robots.txt
[UID:3885][4007936] Child process with pid: 4008298 was killed by signal: 15, core dumped: no
[UID:3885][4007936] Child process with pid: 4008297 was killed by signal: 15, core dumped: no
[UID:3885][4007936] Child process with pid: 4008001 was killed by signal: 15, core dumped: no
Not Found: /wp-login.php
Not Found: /robots.txt
Not Found: /robots.txt
Not Found: /static/css/all.min.css
Not Found: /static/Lesson/bootstrap.bundle.min.js
Not Found: /static/Lesson/bootstrap.min.css
Not Found: /static/Lesson/bootstrap.min.css
Not Found: /static/Lesson/bootstrap.bundle.min.js
Not Found: /static/css/all.min.css
Not Found: /favicon.ico
Not Found: /robots.txt
Not Found: /robots.txt
Not Found: /robots.txt
Not Found: /robots.txt
Not Found: /sitemap.xml
Not Found: /robots.txt
Not Found: /static/Lesson/bootstrap.bundle.min.js
Not Found: /static/css/all.min.css
Not Found: /static/Lesson/bootstrap.min.css
Not Found: /robots.txt
Not Found: /static/css/all.min.css
Not Found: /static/Lesson/bootstrap.bundle.min.js
Not Found: /static/Lesson/bootstrap.min.css
Not Found: /static/css/all.min.css
Not Found: /static/Lesson/bootstrap.min.css
Not Found: /robots.txt
Not Found: /robots.txt
[UID:3885][36489] Child process with pid: 36892 was killed by signal: 15, core dumped: no
[UID:3885][36489] Child process with pid: 37188 was killed by signal: 15, core dumped: no
[UID:3885][36489] Child process with pid: 36986 was killed by signal: 15, core dumped: no
[UID:3885][36489] Child process with pid: 36987 was killed by signal: 15, core dumped: no
[UID:3885][36489] Child process with pid: 37410 was killed by signal: 15, core dumped: no
[UID:3885][36489] Child process with pid: 37189 was killed by signal: 15, core dumped: no
[UID:3885][36489] Child process with pid: 37187 was killed by signal: 15, core dumped: no
[UID:3885][36489] Child process with pid: 37412 was killed by signal: 15, core dumped: no
[UID:3885][36489] Child process with pid: 38432 was killed by signal: 15, core dumped: no
[UID:3885][36489] Child process with pid: 37409 was killed by signal: 15, core dumped: no
[UID:3885][36489] Child process with pid: 37813 was killed by signal: 15, core dumped: no
[UID:3885][36489] Child process with pid: 37411 was killed by signal: 15, core dumped: no
[UID:3885][36489] Child process with pid: 38433 was killed by signal: 15, core dumped: no
OSError: LSAPI: File error
OSError: LSAPI: File error
OSError: LSAPI: File error
Not Found: /static/css/all.min.css
Not Found: /static/Lesson/bootstrap.min.css
Not Found: /static/Lesson/bootstrap.bundle.min.js
Not Found: /favicon.ico
Not Found: /robots.txt
Not Found: /robots.txt
Not Found: /robots.txt
Not Found: /robots.txt
Not Found: /robots.txt
Not Found: /robots.txt
Not Found: /robots.txt
Not Found: /robots.txt
Not Found: /static/css/all.min.css
Not Found: /static/Lesson/bootstrap.min.css
Not Found: /static/Lesson/bootstrap.bundle.min.js
Not Found: /static/Lesson/bootstrap.min.css
Not Found: /static/css/all.min.css
Not Found: /static/Lesson/bootstrap.bundle.min.js
Not Found: /robots.txt
Not Found: /robots.txt
Not Found: /robots.txt
Not Found: /robots.txt
Not Found: /static/Lesson/bootstrap.min.css
Not Found: /static/Lesson/bootstrap.bundle.min.js
Not Found: /static/css/all.min.css
Not Found: /robots.txt
Not Found: /.well-known/security.txt
Not Found: /.well-known/security.txt
Not Found: /.well-known/security.txt
Not Found: /robots.txt
Not Found: /robots.txt
Not Found: /robots.txt
Not Found: /robots.txt
Not Found: /static/Lesson/bootstrap.min.css
Not Found: /static/css/all.min.css
Not Found: /static/Lesson/bootstrap.bundle.min.js
Not Found: /favicon.ico
Not Found: /readme.html
Not Found: /robots.txt
Not Found: /robots.txt
Not Found: /robots.txt
Not Found: /static/Lesson/bootstrap.bundle.min.js
Not Found: /static/Lesson/bootstrap.bundle.min.js
Not Found: /static/Lesson/bootstrap.bundle.min.js
Not Found: /robots.txt
Not Found: /static/Lesson/bootstrap.bundle.min.js
Not Found: /static/Lesson/bootstrap.bundle.min.js
Not Found: /static/css/all.min.css
Not Found: /static/css/all.min.css
Not Found: /static/Lesson/bootstrap.min.css
Not Found: /static/Lesson/bootstrap.min.css
Not Found: /static/Lesson/bootstrap.bundle.min.js
Not Found: /static/css/all.min.css
Not Found: /static/Lesson/bootstrap.min.css
Not Found: /favicon.ico
Not Found: /robots.txt
Not Found: /robots.txt
Not Found: /static/Lesson/bootstrap.bundle.min.js
Not Found: /robots.txt
Not Found: /static/Lesson/bootstrap.min.css
Not Found: /static/css/all.min.css
Not Found: /static/Lesson/bootstrap.bundle.min.js
Not Found: /favicon.ico
Not Found: /robots.txt
Not Found: /static/css/all.min.css
Not Found: /static/Lesson/bootstrap.min.css
Not Found: /static/Lesson/bootstrap.bundle.min.js
Not Found: /static/Lesson/bootstrap.bundle.min.js
Not Found: /static/Lesson/bootstrap.min.css
Not Found: /static/css/all.min.css
Not Found: /static/Lesson/bootstrap.bundle.min.js
Not Found: /favicon.ico
OSError: LSAPI: File error
OSError: LSAPI: File error
OSError: LSAPI: File error
[UID:3885][3260724] Child process with pid: 3273536 was killed by signal: 15, core dumped: no
OSError: LSAPI: File error
OSError: LSAPI: File error
OSError: LSAPI: File error
[UID:3885][3260724] Child process with pid: 3274999 was killed by signal: 15, core dumped: no
Not Found: /robots.txt
Not Found: /static/css/all.min.css
Not Found: /static/Lesson/bootstrap.bundle.min.js
Not Found: /static/Lesson/bootstrap.min.css
Not Found: /static/css/all.min.css
Not Found: /static/Lesson/bootstrap.min.css
Not Found: /robots.txt
Not Found: /robots.txt
Not Found: /robots.txt
Not Found: /robots.txt
Not Found: /sitemap.xml
Not Found: /robots.txt
Not Found: /robots.txt
Not Found: /robots.txt
Not Found: /robots.txt
Not Found: /robots.txt
Not Found: /favicon.ico
Not Found: /robots.txt
Not Found: /robots.txt
Not Found: /robots.txt
Not Found: /robots.txt
Not Found: /static/Lesson/bootstrap.min.css
Not Found: /static/css/all.min.css
Not Found: /static/Lesson/bootstrap.bundle.min.js
Not Found: /robots.txt
Not Found: /robots.txt
Not Found: /robots.txt
Not Found: /static/Lesson/bootstrap.min.css
Not Found: /static/Lesson/bootstrap.bundle.min.js
Not Found: /static/css/all.min.css
Not Found: /favicon.ico
Not Found: /static/Lesson/bootstrap.min.css
Not Found: /static/Lesson/bootstrap.bundle.min.js
Not Found: /static/css/all.min.css
Not Found: /favicon.ico
Not Found: /favicon.ico
Not Found: /favicon.ico
Not Found: /style.php
Not Found: /wp-content/style.php
Not Found: /wp-content/themes/style.php
Not Found: /wp-admin/style.php
Not Found: /wp-includes/style.php
Not Found: /chosen.php
Not Found: /file.php
Not Found: /wp-editor.php
Not Found: /fix.php
Not Found: /flower.php
Not Found: /gifclass.php
Not Found: /bless.php
Not Found: /akcc.php
Not Found: /abcd.php
Not Found: /asas.php
Not Found: /ss.php
Not Found: /robots.txt
Not Found: /robots.txt
Not Found: /robots.txt
Not Found: /static/Lesson/bootstrap.bundle.min.js
Not Found: /static/Lesson/bootstrap.min.css
Not Found: /static/css/all.min.css
Not Found: /favicon.ico
Not Found: /favicon.ico
Not Found: /favicon.ico
Not Found: /favicon.ico
Not Found: /robots.txt
Not Found: /robots.txt
Not Found: /robots.txt
Not Found: /robots.txt
Not Found: /robots.txt
Not Found: /robots.txt
Not Found: /.well-known/security.txt
Not Found: /robots.txt
Not Found: /robots.txt
Not Found: /robots.txt
Not Found: /static/Lesson/bootstrap.bundle.min.js
Not Found: /robots.txt
Not Found: /robots.txt
Not Found: /robots.txt
Not Found: /robots.txt
Not Found: /robots.txt
Not Found: /robots.txt
Not Found: /robots.txt
Not Found: /enhancecp
Not Found: /static/Lesson/bootstrap.min.css
Not Found: /static/css/all.min.css
Not Found: /static/Lesson/bootstrap.bundle.min.js
Not Found: /favicon.ico
Login failed for username: hamza
Not Found: /static/css/all.min.css
Not Found: /static/Lesson/bootstrap.min.css
Not Found: /static/Lesson/bootstrap.bundle.min.js
Not Found: /robots.txt
Not Found: /static/Lesson/bootstrap.min.css
Not Found: /static/css/all.min.css
Not Found: /favicon.ico
Not Found: /favicon.ico
Not Found: /favicon.ico
Not Found: /static/Lesson/bootstrap.min.css
Not Found: /static/css/all.min.css
Not Found: /static/Lesson/bootstrap.bundle.min.js
Not Found: /static/Lesson/bootstrap.min.css
Not Found: /static/Lesson/bootstrap.bundle.min.js
Not Found: /static/css/all.min.css
Not Found: /favicon.ico
Not Found: /static/Lesson/bootstrap.min.css
Not Found: /static/css/all.min.css
Not Found: /static/Lesson/bootstrap.bundle.min.js
Not Found: /favicon.ico
Not Found: /static/Lesson/bootstrap.min.css
Not Found: /static/Lesson/bootstrap.bundle.min.js
Not Found: /static/css/all.min.css
Not Found: /favicon.ico
Not Found: /static/css/all.min.css
Not Found: /static/Lesson/bootstrap.min.css
Not Found: /static/Lesson/bootstrap.bundle.min.js
Not Found: /favicon.ico
OSError: LSAPI: File error
OSError: LSAPI: File error
OSError: LSAPI: File error
[UID:3885][2801898] Child process with pid: 2828280 was killed by signal: 15, core dumped: no
OSError: LSAPI: File error
OSError: LSAPI: File error
OSError: LSAPI: File error
[UID:3885][2801898] Child process with pid: 2855994 was killed by signal: 15, core dumped: no
[UID:3885][2801898] Child process with pid: 2856291 was killed by signal: 15, core dumped: no
OSError: LSAPI: File error
OSError: LSAPI: File error
OSError: LSAPI: File error
Not Found: /static/css/all.min.css
Not Found: /static/Lesson/bootstrap.min.css
Not Found: /static/Lesson/bootstrap.bundle.min.js
Not Found: /static/Lesson/bootstrap.min.css
Not Found: /static/css/all.min.css
Not Found: /static/Lesson/bootstrap.bundle.min.js
Not Found: /robots.txt
Not Found: /robots.txt
Not Found: /static/Lesson/bootstrap.bundle.min.js
Login failed for username: hamza
Login failed for username: hamza
Not Found: /favicon.ico
OSError: LSAPI: File error
[UID:3885][1507562] Child process with pid: 1512192 was killed by signal: 15, core dumped: no
[UID:3885][1507562] Child process with pid: 1507628 was killed by signal: 15, core dumped: no
Not Found: /robots.txt
Not Found: /wp-login.php
Not Found: /robots.txt
Not Found: /static/Lesson/bootstrap.min.css
Not Found: /static/css/all.min.css
Not Found: /static/Lesson/bootstrap.bundle.min.js
Not Found: /robots.txt
Not Found: /static/Lesson/bootstrap.bundle.min.js
Not Found: /static/Lesson/bootstrap.bundle.min.js
Not Found: /static/Lesson/bootstrap.min.css
Not Found: /static/css/all.min.css
Not Found: /static/Lesson/bootstrap.min.css
Not Found: /static/css/all.min.css
Not Found: /static/Lesson/bootstrap.min.css
Not Found: /static/css/all.min.css
Not Found: /static/Lesson/bootstrap.bundle.min.js
Not Found: /favicon.ico
Not Found: /static/css/all.min.css
Not Found: /favicon.ico
Not Found: /robots.txt
Not Found: /robots.txt
Not Found: /robots.txt
Not Found: /robots.txt
Not Found: /robots.txt
Not Found: /favicon.ico
Not Found: /static/css/all.min.css
Not Found: /static/Lesson/bootstrap.min.css
Not Found: /static/Lesson/bootstrap.bundle.min.js
Not Found: /favicon.ico
Not Found: /lhome
OSError: LSAPI: File error
[UID:3885][2778530] Child process with pid: 2792903 was killed by signal: 15, core dumped: no
Not Found: /robots.txt
Not Found: /robots.txt
Not Found: /.well-known/assetlinks.json
Not Found: /robots.txt
Not Found: /robots.txt
Not Found: /robots.txt
Not Found: /wp-login.php
Not Found: /robots.txt
Not Found: /robots.txt
Not Found: /robots.txt
Not Found: /robots.txt
Not Found: /static/css/all.min.css
Not Found: /static/Lesson/bootstrap.min.css
Not Found: /static/Lesson/bootstrap.bundle.min.js
Not Found: /static/Lesson/bootstrap.min.css
Not Found: /static/css/all.min.css
Not Found: /static/Lesson/bootstrap.bundle.min.js
Not Found: /file-manager/ckeditor
Not Found: /robots.txt
Not Found: /robots.txt
Internal Server Error: /static/style.css
Traceback (most recent call last):
  File "/home/projectsto/virtualenv/projectstore/3.9/lib/python3.9/site-packages/django/core/handlers/exception.py", line 55, in inner
    response = get_response(request)
  File "/home/projectsto/virtualenv/projectstore/3.9/lib/python3.9/site-packages/django/core/handlers/base.py", line 197, in _get_response
    response = wrapped_callback(request, *callback_args, **callback_kwargs)
  File "/home/projectsto/virtualenv/projectstore/3.9/lib/python3.9/site-packages/django/views/static.py", line 34, in serve
    fullpath = Path(safe_join(document_root, path))
  File "/home/projectsto/virtualenv/projectstore/3.9/lib/python3.9/site-packages/django/utils/_os.py", line 17, in safe_join
    final_path = abspath(join(base, *paths))
  File "/opt/alt/python39/lib64/python3.9/posixpath.py", line 76, in join
    a = os.fspath(a)
TypeError: expected str, bytes or os.PathLike object, not NoneType
Not Found: /robots.txt
Internal Server Error: /static/style.css
Traceback (most recent call last):
  File "/home/projectsto/virtualenv/projectstore/3.9/lib/python3.9/site-packages/django/core/handlers/exception.py", line 55, in inner
    response = get_response(request)
  File "/home/projectsto/virtualenv/projectstore/3.9/lib/python3.9/site-packages/django/core/handlers/base.py", line 197, in _get_response
    response = wrapped_callback(request, *callback_args, **callback_kwargs)
  File "/home/projectsto/virtualenv/projectstore/3.9/lib/python3.9/site-packages/django/views/static.py", line 34, in serve
    fullpath = Path(safe_join(document_root, path))
  File "/home/projectsto/virtualenv/projectstore/3.9/lib/python3.9/site-packages/django/utils/_os.py", line 17, in safe_join
    final_path = abspath(join(base, *paths))
  File "/opt/alt/python39/lib64/python3.9/posixpath.py", line 76, in join
    a = os.fspath(a)
TypeError: expected str, bytes or os.PathLike object, not NoneType
Internal Server Error: /static/assets/vendor/css/pages/ui-carousel.css
Traceback (most recent call last):
  File "/home/projectsto/virtualenv/projectstore/3.9/lib/python3.9/site-packages/django/core/handlers/exception.py", line 55, in inner
    response = get_response(request)
  File "/home/projectsto/virtualenv/projectstore/3.9/lib/python3.9/site-packages/django/core/handlers/base.py", line 197, in _get_response
    response = wrapped_callback(request, *callback_args, **callback_kwargs)
  File "/home/projectsto/virtualenv/projectstore/3.9/lib/python3.9/site-packages/django/views/static.py", line 34, in serve
    fullpath = Path(safe_join(document_root, path))
  File "/home/projectsto/virtualenv/projectstore/3.9/lib/python3.9/site-packages/django/utils/_os.py", line 17, in safe_join
    final_path = abspath(join(base, *paths))
  File "/opt/alt/python39/lib64/python3.9/posixpath.py", line 76, in join
    a = os.fspath(a)
TypeError: expected str, bytes or os.PathLike object, not NoneType
Internal Server Error: /static/style.css
Traceback (most recent call last):
  File "/home/projectsto/virtualenv/projectstore/3.9/lib/python3.9/site-packages/django/core/handlers/exception.py", line 55, in inner
    response = get_response(request)
  File "/home/projectsto/virtualenv/projectstore/3.9/lib/python3.9/site-packages/django/core/handlers/base.py", line 197, in _get_response
    response = wrapped_callback(request, *callback_args, **callback_kwargs)
  File "/home/projectsto/virtualenv/projectstore/3.9/lib/python3.9/site-packages/django/views/static.py", line 34, in serve
    fullpath = Path(safe_join(document_root, path))
  File "/home/projectsto/virtualenv/projectstore/3.9/lib/python3.9/site-packages/django/utils/_os.py", line 17, in safe_join
    final_path = abspath(join(base, *paths))
  File "/opt/alt/python39/lib64/python3.9/posixpath.py", line 76, in join
    a = os.fspath(a)
TypeError: expected str, bytes or os.PathLike object, not NoneType
Internal Server Error: /static/assets/vendor/libs/swiper/swiper.css
Traceback (most recent call last):
  File "/home/projectsto/virtualenv/projectstore/3.9/lib/python3.9/site-packages/django/core/handlers/exception.py", line 55, in inner
    response = get_response(request)
  File "/home/projectsto/virtualenv/projectstore/3.9/lib/python3.9/site-packages/django/core/handlers/base.py", line 197, in _get_response
    response = wrapped_callback(request, *callback_args, **callback_kwargs)
  File "/home/projectsto/virtualenv/projectstore/3.9/lib/python3.9/site-packages/django/views/static.py", line 34, in serve
    fullpath = Path(safe_join(document_root, path))
  File "/home/projectsto/virtualenv/projectstore/3.9/lib/python3.9/site-packages/django/utils/_os.py", line 17, in safe_join
    final_path = abspath(join(base, *paths))
  File "/opt/alt/python39/lib64/python3.9/posixpath.py", line 76, in join
    a = os.fspath(a)
TypeError: expected str, bytes or os.PathLike object, not NoneType
Not Found: /.well-known/traffic-advice
Not Found: /.well-known/security.txt
Not Found: /robots.txt
Not Found: /robots.txt
Not Found: /robots.txt
Internal Server Error: /static/style.css
Traceback (most recent call last):
  File "/home/projectsto/virtualenv/projectstore/3.9/lib/python3.9/site-packages/django/core/handlers/exception.py", line 55, in inner
    response = get_response(request)
  File "/home/projectsto/virtualenv/projectstore/3.9/lib/python3.9/site-packages/django/core/handlers/base.py", line 197, in _get_response
    response = wrapped_callback(request, *callback_args, **callback_kwargs)
  File "/home/projectsto/virtualenv/projectstore/3.9/lib/python3.9/site-packages/django/views/static.py", line 34, in serve
    fullpath = Path(safe_join(document_root, path))
  File "/home/projectsto/virtualenv/projectstore/3.9/lib/python3.9/site-packages/django/utils/_os.py", line 17, in safe_join
    final_path = abspath(join(base, *paths))
  File "/opt/alt/python39/lib64/python3.9/posixpath.py", line 76, in join
    a = os.fspath(a)
TypeError: expected str, bytes or os.PathLike object, not NoneType
Internal Server Error: /static/Images/collage12.jpg
Traceback (most recent call last):
  File "/home/projectsto/virtualenv/projectstore/3.9/lib/python3.9/site-packages/django/core/handlers/exception.py", line 55, in inner
    response = get_response(request)
  File "/home/projectsto/virtualenv/projectstore/3.9/lib/python3.9/site-packages/django/core/handlers/base.py", line 197, in _get_response
    response = wrapped_callback(request, *callback_args, **callback_kwargs)
  File "/home/projectsto/virtualenv/projectstore/3.9/lib/python3.9/site-packages/django/views/static.py", line 34, in serve
    fullpath = Path(safe_join(document_root, path))
  File "/home/projectsto/virtualenv/projectstore/3.9/lib/python3.9/site-packages/django/utils/_os.py", line 17, in safe_join
    final_path = abspath(join(base, *paths))
  File "/opt/alt/python39/lib64/python3.9/posixpath.py", line 76, in join
    a = os.fspath(a)
TypeError: expected str, bytes or os.PathLike object, not NoneType
Internal Server Error: /static/Images/collages.jpg
Traceback (most recent call last):
  File "/home/projectsto/virtualenv/projectstore/3.9/lib/python3.9/site-packages/django/core/handlers/exception.py", line 55, in inner
    response = get_response(request)
  File "/home/projectsto/virtualenv/projectstore/3.9/lib/python3.9/site-packages/django/core/handlers/base.py", line 197, in _get_response
    response = wrapped_callback(request, *callback_args, **callback_kwargs)
  File "/home/projectsto/virtualenv/projectstore/3.9/lib/python3.9/site-packages/django/views/static.py", line 34, in serve
    fullpath = Path(safe_join(document_root, path))
  File "/home/projectsto/virtualenv/projectstore/3.9/lib/python3.9/site-packages/django/utils/_os.py", line 17, in safe_join
    final_path = abspath(join(base, *paths))
  File "/opt/alt/python39/lib64/python3.9/posixpath.py", line 76, in join
    a = os.fspath(a)
TypeError: expected str, bytes or os.PathLike object, not NoneType
Internal Server Error: /static/Images/collage.jpg
Traceback (most recent call last):
  File "/home/projectsto/virtualenv/projectstore/3.9/lib/python3.9/site-packages/django/core/handlers/exception.py", line 55, in inner
    response = get_response(request)
  File "/home/projectsto/virtualenv/projectstore/3.9/lib/python3.9/site-packages/django/core/handlers/base.py", line 197, in _get_response
    response = wrapped_callback(request, *callback_args, **callback_kwargs)
  File "/home/projectsto/virtualenv/projectstore/3.9/lib/python3.9/site-packages/django/views/static.py", line 34, in serve
    fullpath = Path(safe_join(document_root, path))
  File "/home/projectsto/virtualenv/projectstore/3.9/lib/python3.9/site-packages/django/utils/_os.py", line 17, in safe_join
    final_path = abspath(join(base, *paths))
  File "/opt/alt/python39/lib64/python3.9/posixpath.py", line 76, in join
    a = os.fspath(a)
TypeError: expected str, bytes or os.PathLike object, not NoneType
Internal Server Error: /static/assets/vendor/libs/swiper/swiper.css
Traceback (most recent call last):
  File "/home/projectsto/virtualenv/projectstore/3.9/lib/python3.9/site-packages/django/core/handlers/exception.py", line 55, in inner
    response = get_response(request)
  File "/home/projectsto/virtualenv/projectstore/3.9/lib/python3.9/site-packages/django/core/handlers/base.py", line 197, in _get_response
    response = wrapped_callback(request, *callback_args, **callback_kwargs)
  File "/home/projectsto/virtualenv/projectstore/3.9/lib/python3.9/site-packages/django/views/static.py", line 34, in serve
    fullpath = Path(safe_join(document_root, path))
  File "/home/projectsto/virtualenv/projectstore/3.9/lib/python3.9/site-packages/django/utils/_os.py", line 17, in safe_join
    final_path = abspath(join(base, *paths))
  File "/opt/alt/python39/lib64/python3.9/posixpath.py", line 76, in join
    a = os.fspath(a)
TypeError: expected str, bytes or os.PathLike object, not NoneType
Internal Server Error: /static/assets/vendor/css/pages/ui-carousel.css
Traceback (most recent call last):
  File "/home/projectsto/virtualenv/projectstore/3.9/lib/python3.9/site-packages/django/core/handlers/exception.py", line 55, in inner
    response = get_response(request)
  File "/home/projectsto/virtualenv/projectstore/3.9/lib/python3.9/site-packages/django/core/handlers/base.py", line 197, in _get_response
    response = wrapped_callback(request, *callback_args, **callback_kwargs)
  File "/home/projectsto/virtualenv/projectstore/3.9/lib/python3.9/site-packages/django/views/static.py", line 34, in serve
    fullpath = Path(safe_join(document_root, path))
  File "/home/projectsto/virtualenv/projectstore/3.9/lib/python3.9/site-packages/django/utils/_os.py", line 17, in safe_join
    final_path = abspath(join(base, *paths))
  File "/opt/alt/python39/lib64/python3.9/posixpath.py", line 76, in join
    a = os.fspath(a)
TypeError: expected str, bytes or os.PathLike object, not NoneType
Internal Server Error: /static/Images/settings.png
Traceback (most recent call last):
  File "/home/projectsto/virtualenv/projectstore/3.9/lib/python3.9/site-packages/django/core/handlers/exception.py", line 55, in inner
    response = get_response(request)
  File "/home/projectsto/virtualenv/projectstore/3.9/lib/python3.9/site-packages/django/core/handlers/base.py", line 197, in _get_response
    response = wrapped_callback(request, *callback_args, **callback_kwargs)
  File "/home/projectsto/virtualenv/projectstore/3.9/lib/python3.9/site-packages/django/views/static.py", line 34, in serve
    fullpath = Path(safe_join(document_root, path))
  File "/home/projectsto/virtualenv/projectstore/3.9/lib/python3.9/site-packages/django/utils/_os.py", line 17, in safe_join
    final_path = abspath(join(base, *paths))
  File "/opt/alt/python39/lib64/python3.9/posixpath.py", line 76, in join
    a = os.fspath(a)
TypeError: expected str, bytes or os.PathLike object, not NoneType
Internal Server Error: /static/Images/rename.png
Traceback (most recent call last):
  File "/home/projectsto/virtualenv/projectstore/3.9/lib/python3.9/site-packages/django/core/handlers/exception.py", line 55, in inner
    response = get_response(request)
  File "/home/projectsto/virtualenv/projectstore/3.9/lib/python3.9/site-packages/django/core/handlers/base.py", line 197, in _get_response
    response = wrapped_callback(request, *callback_args, **callback_kwargs)
  File "/home/projectsto/virtualenv/projectstore/3.9/lib/python3.9/site-packages/django/views/static.py", line 34, in serve
    fullpath = Path(safe_join(document_root, path))
  File "/home/projectsto/virtualenv/projectstore/3.9/lib/python3.9/site-packages/django/utils/_os.py", line 17, in safe_join
    final_path = abspath(join(base, *paths))
  File "/opt/alt/python39/lib64/python3.9/posixpath.py", line 76, in join
    a = os.fspath(a)
TypeError: expected str, bytes or os.PathLike object, not NoneType
Internal Server Error: /static/Images/computer.png
Traceback (most recent call last):
  File "/home/projectsto/virtualenv/projectstore/3.9/lib/python3.9/site-packages/django/core/handlers/exception.py", line 55, in inner
    response = get_response(request)
  File "/home/projectsto/virtualenv/projectstore/3.9/lib/python3.9/site-packages/django/core/handlers/base.py", line 197, in _get_response
    response = wrapped_callback(request, *callback_args, **callback_kwargs)
  File "/home/projectsto/virtualenv/projectstore/3.9/lib/python3.9/site-packages/django/views/static.py", line 34, in serve
    fullpath = Path(safe_join(document_root, path))
  File "/home/projectsto/virtualenv/projectstore/3.9/lib/python3.9/site-packages/django/utils/_os.py", line 17, in safe_join
    final_path = abspath(join(base, *paths))
  File "/opt/alt/python39/lib64/python3.9/posixpath.py", line 76, in join
    a = os.fspath(a)
TypeError: expected str, bytes or os.PathLike object, not NoneType
Internal Server Error: /static/Images/robot.png
Traceback (most recent call last):
  File "/home/projectsto/virtualenv/projectstore/3.9/lib/python3.9/site-packages/django/core/handlers/exception.py", line 55, in inner
    response = get_response(request)
  File "/home/projectsto/virtualenv/projectstore/3.9/lib/python3.9/site-packages/django/core/handlers/base.py", line 197, in _get_response
    response = wrapped_callback(request, *callback_args, **callback_kwargs)
  File "/home/projectsto/virtualenv/projectstore/3.9/lib/python3.9/site-packages/django/views/static.py", line 34, in serve
    fullpath = Path(safe_join(document_root, path))
  File "/home/projectsto/virtualenv/projectstore/3.9/lib/python3.9/site-packages/django/utils/_os.py", line 17, in safe_join
    final_path = abspath(join(base, *paths))
  File "/opt/alt/python39/lib64/python3.9/posixpath.py", line 76, in join
    a = os.fspath(a)
TypeError: expected str, bytes or os.PathLike object, not NoneType
Internal Server Error: /static/Images/artificial-intelligence.png
Traceback (most recent call last):
  File "/home/projectsto/virtualenv/projectstore/3.9/lib/python3.9/site-packages/django/core/handlers/exception.py", line 55, in inner
    response = get_response(request)
  File "/home/projectsto/virtualenv/projectstore/3.9/lib/python3.9/site-packages/django/core/handlers/base.py", line 197, in _get_response
    response = wrapped_callback(request, *callback_args, **callback_kwargs)
  File "/home/projectsto/virtualenv/projectstore/3.9/lib/python3.9/site-packages/django/views/static.py", line 34, in serve
    fullpath = Path(safe_join(document_root, path))
  File "/home/projectsto/virtualenv/projectstore/3.9/lib/python3.9/site-packages/django/utils/_os.py", line 17, in safe_join
    final_path = abspath(join(base, *paths))
  File "/opt/alt/python39/lib64/python3.9/posixpath.py", line 76, in join
    a = os.fspath(a)
TypeError: expected str, bytes or os.PathLike object, not NoneType
Internal Server Error: /static/Images/renamebg.png
Traceback (most recent call last):
  File "/home/projectsto/virtualenv/projectstore/3.9/lib/python3.9/site-packages/django/core/handlers/exception.py", line 55, in inner
    response = get_response(request)
  File "/home/projectsto/virtualenv/projectstore/3.9/lib/python3.9/site-packages/django/core/handlers/base.py", line 197, in _get_response
    response = wrapped_callback(request, *callback_args, **callback_kwargs)
  File "/home/projectsto/virtualenv/projectstore/3.9/lib/python3.9/site-packages/django/views/static.py", line 34, in serve
    fullpath = Path(safe_join(document_root, path))
  File "/home/projectsto/virtualenv/projectstore/3.9/lib/python3.9/site-packages/django/utils/_os.py", line 17, in safe_join
    final_path = abspath(join(base, *paths))
  File "/opt/alt/python39/lib64/python3.9/posixpath.py", line 76, in join
    a = os.fspath(a)
TypeError: expected str, bytes or os.PathLike object, not NoneType
Internal Server Error: /static/Images/bg.png
Traceback (most recent call last):
  File "/home/projectsto/virtualenv/projectstore/3.9/lib/python3.9/site-packages/django/core/handlers/exception.py", line 55, in inner
    response = get_response(request)
  File "/home/projectsto/virtualenv/projectstore/3.9/lib/python3.9/site-packages/django/core/handlers/base.py", line 197, in _get_response
    response = wrapped_callback(request, *callback_args, **callback_kwargs)
  File "/home/projectsto/virtualenv/projectstore/3.9/lib/python3.9/site-packages/django/views/static.py", line 34, in serve
    fullpath = Path(safe_join(document_root, path))
  File "/home/projectsto/virtualenv/projectstore/3.9/lib/python3.9/site-packages/django/utils/_os.py", line 17, in safe_join
    final_path = abspath(join(base, *paths))
  File "/opt/alt/python39/lib64/python3.9/posixpath.py", line 76, in join
    a = os.fspath(a)
TypeError: expected str, bytes or os.PathLike object, not NoneType
Internal Server Error: /static/Images/software.png
Traceback (most recent call last):
  File "/home/projectsto/virtualenv/projectstore/3.9/lib/python3.9/site-packages/django/core/handlers/exception.py", line 55, in inner
    response = get_response(request)
  File "/home/projectsto/virtualenv/projectstore/3.9/lib/python3.9/site-packages/django/core/handlers/base.py", line 197, in _get_response
    response = wrapped_callback(request, *callback_args, **callback_kwargs)
  File "/home/projectsto/virtualenv/projectstore/3.9/lib/python3.9/site-packages/django/views/static.py", line 34, in serve
    fullpath = Path(safe_join(document_root, path))
  File "/home/projectsto/virtualenv/projectstore/3.9/lib/python3.9/site-packages/django/utils/_os.py", line 17, in safe_join
    final_path = abspath(join(base, *paths))
  File "/opt/alt/python39/lib64/python3.9/posixpath.py", line 76, in join
    a = os.fspath(a)
TypeError: expected str, bytes or os.PathLike object, not NoneType
Internal Server Error: /static/Images/wlogo.png
Traceback (most recent call last):
  File "/home/projectsto/virtualenv/projectstore/3.9/lib/python3.9/site-packages/django/core/handlers/exception.py", line 55, in inner
    response = get_response(request)
  File "/home/projectsto/virtualenv/projectstore/3.9/lib/python3.9/site-packages/django/core/handlers/base.py", line 197, in _get_response
    response = wrapped_callback(request, *callback_args, **callback_kwargs)
  File "/home/projectsto/virtualenv/projectstore/3.9/lib/python3.9/site-packages/django/views/static.py", line 34, in serve
    fullpath = Path(safe_join(document_root, path))
  File "/home/projectsto/virtualenv/projectstore/3.9/lib/python3.9/site-packages/django/utils/_os.py", line 17, in safe_join
    final_path = abspath(join(base, *paths))
  File "/opt/alt/python39/lib64/python3.9/posixpath.py", line 76, in join
    a = os.fspath(a)
TypeError: expected str, bytes or os.PathLike object, not NoneType
Internal Server Error: /static/assets/vendor/css/pages/ui-carousel.css
Traceback (most recent call last):
  File "/home/projectsto/virtualenv/projectstore/3.9/lib/python3.9/site-packages/django/core/handlers/exception.py", line 55, in inner
    response = get_response(request)
  File "/home/projectsto/virtualenv/projectstore/3.9/lib/python3.9/site-packages/django/core/handlers/base.py", line 197, in _get_response
    response = wrapped_callback(request, *callback_args, **callback_kwargs)
  File "/home/projectsto/virtualenv/projectstore/3.9/lib/python3.9/site-packages/django/views/static.py", line 34, in serve
    fullpath = Path(safe_join(document_root, path))
  File "/home/projectsto/virtualenv/projectstore/3.9/lib/python3.9/site-packages/django/utils/_os.py", line 17, in safe_join
    final_path = abspath(join(base, *paths))
  File "/opt/alt/python39/lib64/python3.9/posixpath.py", line 76, in join
    a = os.fspath(a)
TypeError: expected str, bytes or os.PathLike object, not NoneType
Internal Server Error: /static/Images/collage.jpg
Traceback (most recent call last):
  File "/home/projectsto/virtualenv/projectstore/3.9/lib/python3.9/site-packages/django/core/handlers/exception.py", line 55, in inner
    response = get_response(request)
  File "/home/projectsto/virtualenv/projectstore/3.9/lib/python3.9/site-packages/django/core/handlers/base.py", line 197, in _get_response
    response = wrapped_callback(request, *callback_args, **callback_kwargs)
  File "/home/projectsto/virtualenv/projectstore/3.9/lib/python3.9/site-packages/django/views/static.py", line 34, in serve
    fullpath = Path(safe_join(document_root, path))
  File "/home/projectsto/virtualenv/projectstore/3.9/lib/python3.9/site-packages/django/utils/_os.py", line 17, in safe_join
    final_path = abspath(join(base, *paths))
  File "/opt/alt/python39/lib64/python3.9/posixpath.py", line 76, in join
    a = os.fspath(a)
TypeError: expected str, bytes or os.PathLike object, not NoneType
Internal Server Error: /static/style.css
Traceback (most recent call last):
  File "/home/projectsto/virtualenv/projectstore/3.9/lib/python3.9/site-packages/django/core/handlers/exception.py", line 55, in inner
    response = get_response(request)
  File "/home/projectsto/virtualenv/projectstore/3.9/lib/python3.9/site-packages/django/core/handlers/base.py", line 197, in _get_response
    response = wrapped_callback(request, *callback_args, **callback_kwargs)
  File "/home/projectsto/virtualenv/projectstore/3.9/lib/python3.9/site-packages/django/views/static.py", line 34, in serve
    fullpath = Path(safe_join(document_root, path))
  File "/home/projectsto/virtualenv/projectstore/3.9/lib/python3.9/site-packages/django/utils/_os.py", line 17, in safe_join
    final_path = abspath(join(base, *paths))
  File "/opt/alt/python39/lib64/python3.9/posixpath.py", line 76, in join
    a = os.fspath(a)
TypeError: expected str, bytes or os.PathLike object, not NoneType
Internal Server Error: /static/Images/computer.png
Traceback (most recent call last):
  File "/home/projectsto/virtualenv/projectstore/3.9/lib/python3.9/site-packages/django/core/handlers/exception.py", line 55, in inner
    response = get_response(request)
  File "/home/projectsto/virtualenv/projectstore/3.9/lib/python3.9/site-packages/django/core/handlers/base.py", line 197, in _get_response
    response = wrapped_callback(request, *callback_args, **callback_kwargs)
  File "/home/projectsto/virtualenv/projectstore/3.9/lib/python3.9/site-packages/django/views/static.py", line 34, in serve
    fullpath = Path(safe_join(document_root, path))
  File "/home/projectsto/virtualenv/projectstore/3.9/lib/python3.9/site-packages/django/utils/_os.py", line 17, in safe_join
    final_path = abspath(join(base, *paths))
  File "/opt/alt/python39/lib64/python3.9/posixpath.py", line 76, in join
    a = os.fspath(a)
TypeError: expected str, bytes or os.PathLike object, not NoneType
Internal Server Error: /static/Images/rename.png
Traceback (most recent call last):
  File "/home/projectsto/virtualenv/projectstore/3.9/lib/python3.9/site-packages/django/core/handlers/exception.py", line 55, in inner
    response = get_response(request)
  File "/home/projectsto/virtualenv/projectstore/3.9/lib/python3.9/site-packages/django/core/handlers/base.py", line 197, in _get_response
    response = wrapped_callback(request, *callback_args, **callback_kwargs)
  File "/home/projectsto/virtualenv/projectstore/3.9/lib/python3.9/site-packages/django/views/static.py", line 34, in serve
    fullpath = Path(safe_join(document_root, path))
  File "/home/projectsto/virtualenv/projectstore/3.9/lib/python3.9/site-packages/django/utils/_os.py", line 17, in safe_join
    final_path = abspath(join(base, *paths))
  File "/opt/alt/python39/lib64/python3.9/posixpath.py", line 76, in join
    a = os.fspath(a)
TypeError: expected str, bytes or os.PathLike object, not NoneType
Internal Server Error: /static/Images/collage12.jpg
Traceback (most recent call last):
  File "/home/projectsto/virtualenv/projectstore/3.9/lib/python3.9/site-packages/django/core/handlers/exception.py", line 55, in inner
    response = get_response(request)
  File "/home/projectsto/virtualenv/projectstore/3.9/lib/python3.9/site-packages/django/core/handlers/base.py", line 197, in _get_response
    response = wrapped_callback(request, *callback_args, **callback_kwargs)
  File "/home/projectsto/virtualenv/projectstore/3.9/lib/python3.9/site-packages/django/views/static.py", line 34, in serve
    fullpath = Path(safe_join(document_root, path))
  File "/home/projectsto/virtualenv/projectstore/3.9/lib/python3.9/site-packages/django/utils/_os.py", line 17, in safe_join
    final_path = abspath(join(base, *paths))
  File "/opt/alt/python39/lib64/python3.9/posixpath.py", line 76, in join
    a = os.fspath(a)
TypeError: expected str, bytes or os.PathLike object, not NoneType
Internal Server Error: /static/Images/settings.png
Traceback (most recent call last):
  File "/home/projectsto/virtualenv/projectstore/3.9/lib/python3.9/site-packages/django/core/handlers/exception.py", line 55, in inner
    response = get_response(request)
  File "/home/projectsto/virtualenv/projectstore/3.9/lib/python3.9/site-packages/django/core/handlers/base.py", line 197, in _get_response
    response = wrapped_callback(request, *callback_args, **callback_kwargs)
  File "/home/projectsto/virtualenv/projectstore/3.9/lib/python3.9/site-packages/django/views/static.py", line 34, in serve
    fullpath = Path(safe_join(document_root, path))
  File "/home/projectsto/virtualenv/projectstore/3.9/lib/python3.9/site-packages/django/utils/_os.py", line 17, in safe_join
    final_path = abspath(join(base, *paths))
  File "/opt/alt/python39/lib64/python3.9/posixpath.py", line 76, in join
    a = os.fspath(a)
TypeError: expected str, bytes or os.PathLike object, not NoneType
Internal Server Error: /static/Images/robot.png
Traceback (most recent call last):
  File "/home/projectsto/virtualenv/projectstore/3.9/lib/python3.9/site-packages/django/core/handlers/exception.py", line 55, in inner
    response = get_response(request)
  File "/home/projectsto/virtualenv/projectstore/3.9/lib/python3.9/site-packages/django/core/handlers/base.py", line 197, in _get_response
    response = wrapped_callback(request, *callback_args, **callback_kwargs)
  File "/home/projectsto/virtualenv/projectstore/3.9/lib/python3.9/site-packages/django/views/static.py", line 34, in serve
    fullpath = Path(safe_join(document_root, path))
  File "/home/projectsto/virtualenv/projectstore/3.9/lib/python3.9/site-packages/django/utils/_os.py", line 17, in safe_join
    final_path = abspath(join(base, *paths))
  File "/opt/alt/python39/lib64/python3.9/posixpath.py", line 76, in join
    a = os.fspath(a)
TypeError: expected str, bytes or os.PathLike object, not NoneType
Internal Server Error: /static/assets/vendor/libs/swiper/swiper.css
Traceback (most recent call last):
  File "/home/projectsto/virtualenv/projectstore/3.9/lib/python3.9/site-packages/django/core/handlers/exception.py", line 55, in inner
    response = get_response(request)
  File "/home/projectsto/virtualenv/projectstore/3.9/lib/python3.9/site-packages/django/core/handlers/base.py", line 197, in _get_response
    response = wrapped_callback(request, *callback_args, **callback_kwargs)
  File "/home/projectsto/virtualenv/projectstore/3.9/lib/python3.9/site-packages/django/views/static.py", line 34, in serve
    fullpath = Path(safe_join(document_root, path))
  File "/home/projectsto/virtualenv/projectstore/3.9/lib/python3.9/site-packages/django/utils/_os.py", line 17, in safe_join
    final_path = abspath(join(base, *paths))
  File "/opt/alt/python39/lib64/python3.9/posixpath.py", line 76, in join
    a = os.fspath(a)
TypeError: expected str, bytes or os.PathLike object, not NoneType
Internal Server Error: /static/Images/collages.jpg
Traceback (most recent call last):
  File "/home/projectsto/virtualenv/projectstore/3.9/lib/python3.9/site-packages/django/core/handlers/exception.py", line 55, in inner
    response = get_response(request)
  File "/home/projectsto/virtualenv/projectstore/3.9/lib/python3.9/site-packages/django/core/handlers/base.py", line 197, in _get_response
    response = wrapped_callback(request, *callback_args, **callback_kwargs)
  File "/home/projectsto/virtualenv/projectstore/3.9/lib/python3.9/site-packages/django/views/static.py", line 34, in serve
    fullpath = Path(safe_join(document_root, path))
  File "/home/projectsto/virtualenv/projectstore/3.9/lib/python3.9/site-packages/django/utils/_os.py", line 17, in safe_join
    final_path = abspath(join(base, *paths))
  File "/opt/alt/python39/lib64/python3.9/posixpath.py", line 76, in join
    a = os.fspath(a)
TypeError: expected str, bytes or os.PathLike object, not NoneType
Internal Server Error: /static/Images/collage.jpg
Traceback (most recent call last):
  File "/home/projectsto/virtualenv/projectstore/3.9/lib/python3.9/site-packages/django/core/handlers/exception.py", line 55, in inner
    response = get_response(request)
  File "/home/projectsto/virtualenv/projectstore/3.9/lib/python3.9/site-packages/django/core/handlers/base.py", line 197, in _get_response
    response = wrapped_callback(request, *callback_args, **callback_kwargs)
  File "/home/projectsto/virtualenv/projectstore/3.9/lib/python3.9/site-packages/django/views/static.py", line 34, in serve
    fullpath = Path(safe_join(document_root, path))
  File "/home/projectsto/virtualenv/projectstore/3.9/lib/python3.9/site-packages/django/utils/_os.py", line 17, in safe_join
    final_path = abspath(join(base, *paths))
  File "/opt/alt/python39/lib64/python3.9/posixpath.py", line 76, in join
    a = os.fspath(a)
TypeError: expected str, bytes or os.PathLike object, not NoneType
Internal Server Error: /static/Images/computer.png
Traceback (most recent call last):
  File "/home/projectsto/virtualenv/projectstore/3.9/lib/python3.9/site-packages/django/core/handlers/exception.py", line 55, in inner
    response = get_response(request)
  File "/home/projectsto/virtualenv/projectstore/3.9/lib/python3.9/site-packages/django/core/handlers/base.py", line 197, in _get_response
    response = wrapped_callback(request, *callback_args, **callback_kwargs)
  File "/home/projectsto/virtualenv/projectstore/3.9/lib/python3.9/site-packages/django/views/static.py", line 34, in serve
    fullpath = Path(safe_join(document_root, path))
  File "/home/projectsto/virtualenv/projectstore/3.9/lib/python3.9/site-packages/django/utils/_os.py", line 17, in safe_join
    final_path = abspath(join(base, *paths))
  File "/opt/alt/python39/lib64/python3.9/posixpath.py", line 76, in join
    a = os.fspath(a)
TypeError: expected str, bytes or os.PathLike object, not NoneType
Internal Server Error: /static/Images/bg.png
Traceback (most recent call last):
  File "/home/projectsto/virtualenv/projectstore/3.9/lib/python3.9/site-packages/django/core/handlers/exception.py", line 55, in inner
    response = get_response(request)
  File "/home/projectsto/virtualenv/projectstore/3.9/lib/python3.9/site-packages/django/core/handlers/base.py", line 197, in _get_response
    response = wrapped_callback(request, *callback_args, **callback_kwargs)
  File "/home/projectsto/virtualenv/projectstore/3.9/lib/python3.9/site-packages/django/views/static.py", line 34, in serve
    fullpath = Path(safe_join(document_root, path))
  File "/home/projectsto/virtualenv/projectstore/3.9/lib/python3.9/site-packages/django/utils/_os.py", line 17, in safe_join
    final_path = abspath(join(base, *paths))
  File "/opt/alt/python39/lib64/python3.9/posixpath.py", line 76, in join
    a = os.fspath(a)
TypeError: expected str, bytes or os.PathLike object, not NoneType
Internal Server Error: /static/Images/collage12.jpg
Traceback (most recent call last):
  File "/home/projectsto/virtualenv/projectstore/3.9/lib/python3.9/site-packages/django/core/handlers/exception.py", line 55, in inner
    response = get_response(request)
  File "/home/projectsto/virtualenv/projectstore/3.9/lib/python3.9/site-packages/django/core/handlers/base.py", line 197, in _get_response
    response = wrapped_callback(request, *callback_args, **callback_kwargs)
  File "/home/projectsto/virtualenv/projectstore/3.9/lib/python3.9/site-packages/django/views/static.py", line 34, in serve
    fullpath = Path(safe_join(document_root, path))
  File "/home/projectsto/virtualenv/projectstore/3.9/lib/python3.9/site-packages/django/utils/_os.py", line 17, in safe_join
    final_path = abspath(join(base, *paths))
  File "/opt/alt/python39/lib64/python3.9/posixpath.py", line 76, in join
    a = os.fspath(a)
TypeError: expected str, bytes or os.PathLike object, not NoneType
Internal Server Error: /static/Images/artificial-intelligence.png
Traceback (most recent call last):
  File "/home/projectsto/virtualenv/projectstore/3.9/lib/python3.9/site-packages/django/core/handlers/exception.py", line 55, in inner
    response = get_response(request)
  File "/home/projectsto/virtualenv/projectstore/3.9/lib/python3.9/site-packages/django/core/handlers/base.py", line 197, in _get_response
    response = wrapped_callback(request, *callback_args, **callback_kwargs)
  File "/home/projectsto/virtualenv/projectstore/3.9/lib/python3.9/site-packages/django/views/static.py", line 34, in serve
    fullpath = Path(safe_join(document_root, path))
  File "/home/projectsto/virtualenv/projectstore/3.9/lib/python3.9/site-packages/django/utils/_os.py", line 17, in safe_join
    final_path = abspath(join(base, *paths))
  File "/opt/alt/python39/lib64/python3.9/posixpath.py", line 76, in join
    a = os.fspath(a)
TypeError: expected str, bytes or os.PathLike object, not NoneType
Internal Server Error: /static/style.css
Traceback (most recent call last):
  File "/home/projectsto/virtualenv/projectstore/3.9/lib/python3.9/site-packages/django/core/handlers/exception.py", line 55, in inner
    response = get_response(request)
  File "/home/projectsto/virtualenv/projectstore/3.9/lib/python3.9/site-packages/django/core/handlers/base.py", line 197, in _get_response
    response = wrapped_callback(request, *callback_args, **callback_kwargs)
  File "/home/projectsto/virtualenv/projectstore/3.9/lib/python3.9/site-packages/django/views/static.py", line 34, in serve
    fullpath = Path(safe_join(document_root, path))
  File "/home/projectsto/virtualenv/projectstore/3.9/lib/python3.9/site-packages/django/utils/_os.py", line 17, in safe_join
    final_path = abspath(join(base, *paths))
  File "/opt/alt/python39/lib64/python3.9/posixpath.py", line 76, in join
    a = os.fspath(a)
TypeError: expected str, bytes or os.PathLike object, not NoneType
Internal Server Error: /static/Images/robot.png
Traceback (most recent call last):
  File "/home/projectsto/virtualenv/projectstore/3.9/lib/python3.9/site-packages/django/core/handlers/exception.py", line 55, in inner
    response = get_response(request)
  File "/home/projectsto/virtualenv/projectstore/3.9/lib/python3.9/site-packages/django/core/handlers/base.py", line 197, in _get_response
    response = wrapped_callback(request, *callback_args, **callback_kwargs)
  File "/home/projectsto/virtualenv/projectstore/3.9/lib/python3.9/site-packages/django/views/static.py", line 34, in serve
    fullpath = Path(safe_join(document_root, path))
  File "/home/projectsto/virtualenv/projectstore/3.9/lib/python3.9/site-packages/django/utils/_os.py", line 17, in safe_join
    final_path = abspath(join(base, *paths))
  File "/opt/alt/python39/lib64/python3.9/posixpath.py", line 76, in join
    a = os.fspath(a)
TypeError: expected str, bytes or os.PathLike object, not NoneType
Internal Server Error: /static/Images/settings.png
Traceback (most recent call last):
  File "/home/projectsto/virtualenv/projectstore/3.9/lib/python3.9/site-packages/django/core/handlers/exception.py", line 55, in inner
    response = get_response(request)
  File "/home/projectsto/virtualenv/projectstore/3.9/lib/python3.9/site-packages/django/core/handlers/base.py", line 197, in _get_response
    response = wrapped_callback(request, *callback_args, **callback_kwargs)
  File "/home/projectsto/virtualenv/projectstore/3.9/lib/python3.9/site-packages/django/views/static.py", line 34, in serve
    fullpath = Path(safe_join(document_root, path))
  File "/home/projectsto/virtualenv/projectstore/3.9/lib/python3.9/site-packages/django/utils/_os.py", line 17, in safe_join
    final_path = abspath(join(base, *paths))
  File "/opt/alt/python39/lib64/python3.9/posixpath.py", line 76, in join
    a = os.fspath(a)
TypeError: expected str, bytes or os.PathLike object, not NoneType
Internal Server Error: /static/Images/software.png
Traceback (most recent call last):
  File "/home/projectsto/virtualenv/projectstore/3.9/lib/python3.9/site-packages/django/core/handlers/exception.py", line 55, in inner
    response = get_response(request)
  File "/home/projectsto/virtualenv/projectstore/3.9/lib/python3.9/site-packages/django/core/handlers/base.py", line 197, in _get_response
    response = wrapped_callback(request, *callback_args, **callback_kwargs)
  File "/home/projectsto/virtualenv/projectstore/3.9/lib/python3.9/site-packages/django/views/static.py", line 34, in serve
    fullpath = Path(safe_join(document_root, path))
  File "/home/projectsto/virtualenv/projectstore/3.9/lib/python3.9/site-packages/django/utils/_os.py", line 17, in safe_join
    final_path = abspath(join(base, *paths))
  File "/opt/alt/python39/lib64/python3.9/posixpath.py", line 76, in join
    a = os.fspath(a)
TypeError: expected str, bytes or os.PathLike object, not NoneType
Internal Server Error: /static/Images/renamebg.png
Traceback (most recent call last):
  File "/home/projectsto/virtualenv/projectstore/3.9/lib/python3.9/site-packages/django/core/handlers/exception.py", line 55, in inner
    response = get_response(request)
  File "/home/projectsto/virtualenv/projectstore/3.9/lib/python3.9/site-packages/django/core/handlers/base.py", line 197, in _get_response
    response = wrapped_callback(request, *callback_args, **callback_kwargs)
  File "/home/projectsto/virtualenv/projectstore/3.9/lib/python3.9/site-packages/django/views/static.py", line 34, in serve
    fullpath = Path(safe_join(document_root, path))
  File "/home/projectsto/virtualenv/projectstore/3.9/lib/python3.9/site-packages/django/utils/_os.py", line 17, in safe_join
    final_path = abspath(join(base, *paths))
  File "/opt/alt/python39/lib64/python3.9/posixpath.py", line 76, in join
    a = os.fspath(a)
TypeError: expected str, bytes or os.PathLike object, not NoneType
Internal Server Error: /static/Images/wlogo.png
Traceback (most recent call last):
  File "/home/projectsto/virtualenv/projectstore/3.9/lib/python3.9/site-packages/django/core/handlers/exception.py", line 55, in inner
    response = get_response(request)
  File "/home/projectsto/virtualenv/projectstore/3.9/lib/python3.9/site-packages/django/core/handlers/base.py", line 197, in _get_response
    response = wrapped_callback(request, *callback_args, **callback_kwargs)
  File "/home/projectsto/virtualenv/projectstore/3.9/lib/python3.9/site-packages/django/views/static.py", line 34, in serve
    fullpath = Path(safe_join(document_root, path))
  File "/home/projectsto/virtualenv/projectstore/3.9/lib/python3.9/site-packages/django/utils/_os.py", line 17, in safe_join
    final_path = abspath(join(base, *paths))
  File "/opt/alt/python39/lib64/python3.9/posixpath.py", line 76, in join
    a = os.fspath(a)
TypeError: expected str, bytes or os.PathLike object, not NoneType
Internal Server Error: /static/assets/vendor/css/pages/ui-carousel.css
Traceback (most recent call last):
  File "/home/projectsto/virtualenv/projectstore/3.9/lib/python3.9/site-packages/django/core/handlers/exception.py", line 55, in inner
    response = get_response(request)
  File "/home/projectsto/virtualenv/projectstore/3.9/lib/python3.9/site-packages/django/core/handlers/base.py", line 197, in _get_response
    response = wrapped_callback(request, *callback_args, **callback_kwargs)
  File "/home/projectsto/virtualenv/projectstore/3.9/lib/python3.9/site-packages/django/views/static.py", line 34, in serve
    fullpath = Path(safe_join(document_root, path))
  File "/home/projectsto/virtualenv/projectstore/3.9/lib/python3.9/site-packages/django/utils/_os.py", line 17, in safe_join
    final_path = abspath(join(base, *paths))
  File "/opt/alt/python39/lib64/python3.9/posixpath.py", line 76, in join
    a = os.fspath(a)
TypeError: expected str, bytes or os.PathLike object, not NoneType
Internal Server Error: /static/Images/bg.png
Traceback (most recent call last):
  File "/home/projectsto/virtualenv/projectstore/3.9/lib/python3.9/site-packages/django/core/handlers/exception.py", line 55, in inner
    response = get_response(request)
  File "/home/projectsto/virtualenv/projectstore/3.9/lib/python3.9/site-packages/django/core/handlers/base.py", line 197, in _get_response
    response = wrapped_callback(request, *callback_args, **callback_kwargs)
  File "/home/projectsto/virtualenv/projectstore/3.9/lib/python3.9/site-packages/django/views/static.py", line 34, in serve
    fullpath = Path(safe_join(document_root, path))
  File "/home/projectsto/virtualenv/projectstore/3.9/lib/python3.9/site-packages/django/utils/_os.py", line 17, in safe_join
    final_path = abspath(join(base, *paths))
  File "/opt/alt/python39/lib64/python3.9/posixpath.py", line 76, in join
    a = os.fspath(a)
TypeError: expected str, bytes or os.PathLike object, not NoneType
Internal Server Error: /static/Images/artificial-intelligence.png
Traceback (most recent call last):
  File "/home/projectsto/virtualenv/projectstore/3.9/lib/python3.9/site-packages/django/core/handlers/exception.py", line 55, in inner
    response = get_response(request)
  File "/home/projectsto/virtualenv/projectstore/3.9/lib/python3.9/site-packages/django/core/handlers/base.py", line 197, in _get_response
    response = wrapped_callback(request, *callback_args, **callback_kwargs)
  File "/home/projectsto/virtualenv/projectstore/3.9/lib/python3.9/site-packages/django/views/static.py", line 34, in serve
    fullpath = Path(safe_join(document_root, path))
  File "/home/projectsto/virtualenv/projectstore/3.9/lib/python3.9/site-packages/django/utils/_os.py", line 17, in safe_join
    final_path = abspath(join(base, *paths))
  File "/opt/alt/python39/lib64/python3.9/posixpath.py", line 76, in join
    a = os.fspath(a)
TypeError: expected str, bytes or os.PathLike object, not NoneType
Internal Server Error: /static/Images/rename.png
Traceback (most recent call last):
  File "/home/projectsto/virtualenv/projectstore/3.9/lib/python3.9/site-packages/django/core/handlers/exception.py", line 55, in inner
    response = get_response(request)
  File "/home/projectsto/virtualenv/projectstore/3.9/lib/python3.9/site-packages/django/core/handlers/base.py", line 197, in _get_response
    response = wrapped_callback(request, *callback_args, **callback_kwargs)
  File "/home/projectsto/virtualenv/projectstore/3.9/lib/python3.9/site-packages/django/views/static.py", line 34, in serve
    fullpath = Path(safe_join(document_root, path))
  File "/home/projectsto/virtualenv/projectstore/3.9/lib/python3.9/site-packages/django/utils/_os.py", line 17, in safe_join
    final_path = abspath(join(base, *paths))
  File "/opt/alt/python39/lib64/python3.9/posixpath.py", line 76, in join
    a = os.fspath(a)
TypeError: expected str, bytes or os.PathLike object, not NoneType
Internal Server Error: /static/Images/software.png
Traceback (most recent call last):
  File "/home/projectsto/virtualenv/projectstore/3.9/lib/python3.9/site-packages/django/core/handlers/exception.py", line 55, in inner
    response = get_response(request)
  File "/home/projectsto/virtualenv/projectstore/3.9/lib/python3.9/site-packages/django/core/handlers/base.py", line 197, in _get_response
    response = wrapped_callback(request, *callback_args, **callback_kwargs)
  File "/home/projectsto/virtualenv/projectstore/3.9/lib/python3.9/site-packages/django/views/static.py", line 34, in serve
    fullpath = Path(safe_join(document_root, path))
  File "/home/projectsto/virtualenv/projectstore/3.9/lib/python3.9/site-packages/django/utils/_os.py", line 17, in safe_join
    final_path = abspath(join(base, *paths))
  File "/opt/alt/python39/lib64/python3.9/posixpath.py", line 76, in join
    a = os.fspath(a)
TypeError: expected str, bytes or os.PathLike object, not NoneType
Internal Server Error: /static/Images/collages.jpg
Traceback (most recent call last):
  File "/home/projectsto/virtualenv/projectstore/3.9/lib/python3.9/site-packages/django/core/handlers/exception.py", line 55, in inner
    response = get_response(request)
  File "/home/projectsto/virtualenv/projectstore/3.9/lib/python3.9/site-packages/django/core/handlers/base.py", line 197, in _get_response
    response = wrapped_callback(request, *callback_args, **callback_kwargs)
  File "/home/projectsto/virtualenv/projectstore/3.9/lib/python3.9/site-packages/django/views/static.py", line 34, in serve
    fullpath = Path(safe_join(document_root, path))
  File "/home/projectsto/virtualenv/projectstore/3.9/lib/python3.9/site-packages/django/utils/_os.py", line 17, in safe_join
    final_path = abspath(join(base, *paths))
  File "/opt/alt/python39/lib64/python3.9/posixpath.py", line 76, in join
    a = os.fspath(a)
TypeError: expected str, bytes or os.PathLike object, not NoneType
Internal Server Error: /static/Images/wlogo.png
Traceback (most recent call last):
  File "/home/projectsto/virtualenv/projectstore/3.9/lib/python3.9/site-packages/django/core/handlers/exception.py", line 55, in inner
    response = get_response(request)
  File "/home/projectsto/virtualenv/projectstore/3.9/lib/python3.9/site-packages/django/core/handlers/base.py", line 197, in _get_response
    response = wrapped_callback(request, *callback_args, **callback_kwargs)
  File "/home/projectsto/virtualenv/projectstore/3.9/lib/python3.9/site-packages/django/views/static.py", line 34, in serve
    fullpath = Path(safe_join(document_root, path))
  File "/home/projectsto/virtualenv/projectstore/3.9/lib/python3.9/site-packages/django/utils/_os.py", line 17, in safe_join
    final_path = abspath(join(base, *paths))
  File "/opt/alt/python39/lib64/python3.9/posixpath.py", line 76, in join
    a = os.fspath(a)
TypeError: expected str, bytes or os.PathLike object, not NoneType
Internal Server Error: /static/Images/renamebg.png
Traceback (most recent call last):
  File "/home/projectsto/virtualenv/projectstore/3.9/lib/python3.9/site-packages/django/core/handlers/exception.py", line 55, in inner
    response = get_response(request)
  File "/home/projectsto/virtualenv/projectstore/3.9/lib/python3.9/site-packages/django/core/handlers/base.py", line 197, in _get_response
    response = wrapped_callback(request, *callback_args, **callback_kwargs)
  File "/home/projectsto/virtualenv/projectstore/3.9/lib/python3.9/site-packages/django/views/static.py", line 34, in serve
    fullpath = Path(safe_join(document_root, path))
  File "/home/projectsto/virtualenv/projectstore/3.9/lib/python3.9/site-packages/django/utils/_os.py", line 17, in safe_join
    final_path = abspath(join(base, *paths))
  File "/opt/alt/python39/lib64/python3.9/posixpath.py", line 76, in join
    a = os.fspath(a)
TypeError: expected str, bytes or os.PathLike object, not NoneType
Internal Server Error: /static/assets/vendor/libs/swiper/swiper.css
Traceback (most recent call last):
  File "/home/projectsto/virtualenv/projectstore/3.9/lib/python3.9/site-packages/django/core/handlers/exception.py", line 55, in inner
    response = get_response(request)
  File "/home/projectsto/virtualenv/projectstore/3.9/lib/python3.9/site-packages/django/core/handlers/base.py", line 197, in _get_response
    response = wrapped_callback(request, *callback_args, **callback_kwargs)
  File "/home/projectsto/virtualenv/projectstore/3.9/lib/python3.9/site-packages/django/views/static.py", line 34, in serve
    fullpath = Path(safe_join(document_root, path))
  File "/home/projectsto/virtualenv/projectstore/3.9/lib/python3.9/site-packages/django/utils/_os.py", line 17, in safe_join
    final_path = abspath(join(base, *paths))
  File "/opt/alt/python39/lib64/python3.9/posixpath.py", line 76, in join
    a = os.fspath(a)
TypeError: expected str, bytes or os.PathLike object, not NoneType
Internal Server Error: /static/style.css
Traceback (most recent call last):
  File "/home/projectsto/virtualenv/projectstore/3.9/lib/python3.9/site-packages/django/core/handlers/exception.py", line 55, in inner
    response = get_response(request)
  File "/home/projectsto/virtualenv/projectstore/3.9/lib/python3.9/site-packages/django/core/handlers/base.py", line 197, in _get_response
    response = wrapped_callback(request, *callback_args, **callback_kwargs)
  File "/home/projectsto/virtualenv/projectstore/3.9/lib/python3.9/site-packages/django/views/static.py", line 34, in serve
    fullpath = Path(safe_join(document_root, path))
  File "/home/projectsto/virtualenv/projectstore/3.9/lib/python3.9/site-packages/django/utils/_os.py", line 17, in safe_join
    final_path = abspath(join(base, *paths))
  File "/opt/alt/python39/lib64/python3.9/posixpath.py", line 76, in join
    a = os.fspath(a)
TypeError: expected str, bytes or os.PathLike object, not NoneType
Internal Server Error: /static/assets/vendor/libs/swiper/swiper.css
Traceback (most recent call last):
  File "/home/projectsto/virtualenv/projectstore/3.9/lib/python3.9/site-packages/django/core/handlers/exception.py", line 55, in inner
    response = get_response(request)
  File "/home/projectsto/virtualenv/projectstore/3.9/lib/python3.9/site-packages/django/core/handlers/base.py", line 197, in _get_response
    response = wrapped_callback(request, *callback_args, **callback_kwargs)
  File "/home/projectsto/virtualenv/projectstore/3.9/lib/python3.9/site-packages/django/views/static.py", line 34, in serve
    fullpath = Path(safe_join(document_root, path))
  File "/home/projectsto/virtualenv/projectstore/3.9/lib/python3.9/site-packages/django/utils/_os.py", line 17, in safe_join
    final_path = abspath(join(base, *paths))
  File "/opt/alt/python39/lib64/python3.9/posixpath.py", line 76, in join
    a = os.fspath(a)
TypeError: expected str, bytes or os.PathLike object, not NoneType
Internal Server Error: /static/assets/vendor/css/pages/ui-carousel.css
Traceback (most recent call last):
  File "/home/projectsto/virtualenv/projectstore/3.9/lib/python3.9/site-packages/django/core/handlers/exception.py", line 55, in inner
    response = get_response(request)
  File "/home/projectsto/virtualenv/projectstore/3.9/lib/python3.9/site-packages/django/core/handlers/base.py", line 197, in _get_response
    response = wrapped_callback(request, *callback_args, **callback_kwargs)
  File "/home/projectsto/virtualenv/projectstore/3.9/lib/python3.9/site-packages/django/views/static.py", line 34, in serve
    fullpath = Path(safe_join(document_root, path))
  File "/home/projectsto/virtualenv/projectstore/3.9/lib/python3.9/site-packages/django/utils/_os.py", line 17, in safe_join
    final_path = abspath(join(base, *paths))
  File "/opt/alt/python39/lib64/python3.9/posixpath.py", line 76, in join
    a = os.fspath(a)
TypeError: expected str, bytes or os.PathLike object, not NoneType
Internal Server Error: /static/assets/vendor/css/pages/ui-carousel.css
Traceback (most recent call last):
  File "/home/projectsto/virtualenv/projectstore/3.9/lib/python3.9/site-packages/django/core/handlers/exception.py", line 55, in inner
    response = get_response(request)
  File "/home/projectsto/virtualenv/projectstore/3.9/lib/python3.9/site-packages/django/core/handlers/base.py", line 197, in _get_response
    response = wrapped_callback(request, *callback_args, **callback_kwargs)
  File "/home/projectsto/virtualenv/projectstore/3.9/lib/python3.9/site-packages/django/views/static.py", line 34, in serve
    fullpath = Path(safe_join(document_root, path))
  File "/home/projectsto/virtualenv/projectstore/3.9/lib/python3.9/site-packages/django/utils/_os.py", line 17, in safe_join
    final_path = abspath(join(base, *paths))
  File "/opt/alt/python39/lib64/python3.9/posixpath.py", line 76, in join
    a = os.fspath(a)
TypeError: expected str, bytes or os.PathLike object, not NoneType
Internal Server Error: /static/style.css
Traceback (most recent call last):
  File "/home/projectsto/virtualenv/projectstore/3.9/lib/python3.9/site-packages/django/core/handlers/exception.py", line 55, in inner
    response = get_response(request)
  File "/home/projectsto/virtualenv/projectstore/3.9/lib/python3.9/site-packages/django/core/handlers/base.py", line 197, in _get_response
    response = wrapped_callback(request, *callback_args, **callback_kwargs)
  File "/home/projectsto/virtualenv/projectstore/3.9/lib/python3.9/site-packages/django/views/static.py", line 34, in serve
    fullpath = Path(safe_join(document_root, path))
  File "/home/projectsto/virtualenv/projectstore/3.9/lib/python3.9/site-packages/django/utils/_os.py", line 17, in safe_join
    final_path = abspath(join(base, *paths))
  File "/opt/alt/python39/lib64/python3.9/posixpath.py", line 76, in join
    a = os.fspath(a)
TypeError: expected str, bytes or os.PathLike object, not NoneType
Internal Server Error: /static/assets/vendor/libs/swiper/swiper.css
Traceback (most recent call last):
  File "/home/projectsto/virtualenv/projectstore/3.9/lib/python3.9/site-packages/django/core/handlers/exception.py", line 55, in inner
    response = get_response(request)
  File "/home/projectsto/virtualenv/projectstore/3.9/lib/python3.9/site-packages/django/core/handlers/base.py", line 197, in _get_response
    response = wrapped_callback(request, *callback_args, **callback_kwargs)
  File "/home/projectsto/virtualenv/projectstore/3.9/lib/python3.9/site-packages/django/views/static.py", line 34, in serve
    fullpath = Path(safe_join(document_root, path))
  File "/home/projectsto/virtualenv/projectstore/3.9/lib/python3.9/site-packages/django/utils/_os.py", line 17, in safe_join
    final_path = abspath(join(base, *paths))
  File "/opt/alt/python39/lib64/python3.9/posixpath.py", line 76, in join
    a = os.fspath(a)
TypeError: expected str, bytes or os.PathLike object, not NoneType
Not Found: /robots.txt
Not Found: /robots.txt
Internal Server Error: /static/style.css
Traceback (most recent call last):
  File "/home/projectsto/virtualenv/projectstore/3.9/lib/python3.9/site-packages/django/core/handlers/exception.py", line 55, in inner
    response = get_response(request)
  File "/home/projectsto/virtualenv/projectstore/3.9/lib/python3.9/site-packages/django/core/handlers/base.py", line 197, in _get_response
    response = wrapped_callback(request, *callback_args, **callback_kwargs)
  File "/home/projectsto/virtualenv/projectstore/3.9/lib/python3.9/site-packages/django/views/static.py", line 34, in serve
    fullpath = Path(safe_join(document_root, path))
  File "/home/projectsto/virtualenv/projectstore/3.9/lib/python3.9/site-packages/django/utils/_os.py", line 17, in safe_join
    final_path = abspath(join(base, *paths))
  File "/opt/alt/python39/lib64/python3.9/posixpath.py", line 76, in join
    a = os.fspath(a)
TypeError: expected str, bytes or os.PathLike object, not NoneType
Internal Server Error: /static/assets/vendor/libs/swiper/swiper.css
Traceback (most recent call last):
  File "/home/projectsto/virtualenv/projectstore/3.9/lib/python3.9/site-packages/django/core/handlers/exception.py", line 55, in inner
    response = get_response(request)
  File "/home/projectsto/virtualenv/projectstore/3.9/lib/python3.9/site-packages/django/core/handlers/base.py", line 197, in _get_response
    response = wrapped_callback(request, *callback_args, **callback_kwargs)
  File "/home/projectsto/virtualenv/projectstore/3.9/lib/python3.9/site-packages/django/views/static.py", line 34, in serve
    fullpath = Path(safe_join(document_root, path))
  File "/home/projectsto/virtualenv/projectstore/3.9/lib/python3.9/site-packages/django/utils/_os.py", line 17, in safe_join
    final_path = abspath(join(base, *paths))
  File "/opt/alt/python39/lib64/python3.9/posixpath.py", line 76, in join
    a = os.fspath(a)
TypeError: expected str, bytes or os.PathLike object, not NoneType
Internal Server Error: /static/style.css
Traceback (most recent call last):
  File "/home/projectsto/virtualenv/projectstore/3.9/lib/python3.9/site-packages/django/core/handlers/exception.py", line 55, in inner
    response = get_response(request)
  File "/home/projectsto/virtualenv/projectstore/3.9/lib/python3.9/site-packages/django/core/handlers/base.py", line 197, in _get_response
    response = wrapped_callback(request, *callback_args, **callback_kwargs)
  File "/home/projectsto/virtualenv/projectstore/3.9/lib/python3.9/site-packages/django/views/static.py", line 34, in serve
    fullpath = Path(safe_join(document_root, path))
  File "/home/projectsto/virtualenv/projectstore/3.9/lib/python3.9/site-packages/django/utils/_os.py", line 17, in safe_join
    final_path = abspath(join(base, *paths))
  File "/opt/alt/python39/lib64/python3.9/posixpath.py", line 76, in join
    a = os.fspath(a)
TypeError: expected str, bytes or os.PathLike object, not NoneType
Internal Server Error: /static/assets/vendor/libs/swiper/swiper.css
Traceback (most recent call last):
  File "/home/projectsto/virtualenv/projectstore/3.9/lib/python3.9/site-packages/django/core/handlers/exception.py", line 55, in inner
    response = get_response(request)
  File "/home/projectsto/virtualenv/projectstore/3.9/lib/python3.9/site-packages/django/core/handlers/base.py", line 197, in _get_response
    response = wrapped_callback(request, *callback_args, **callback_kwargs)
  File "/home/projectsto/virtualenv/projectstore/3.9/lib/python3.9/site-packages/django/views/static.py", line 34, in serve
    fullpath = Path(safe_join(document_root, path))
  File "/home/projectsto/virtualenv/projectstore/3.9/lib/python3.9/site-packages/django/utils/_os.py", line 17, in safe_join
    final_path = abspath(join(base, *paths))
  File "/opt/alt/python39/lib64/python3.9/posixpath.py", line 76, in join
    a = os.fspath(a)
TypeError: expected str, bytes or os.PathLike object, not NoneType
Internal Server Error: /static/assets/vendor/css/pages/ui-carousel.css
Traceback (most recent call last):
  File "/home/projectsto/virtualenv/projectstore/3.9/lib/python3.9/site-packages/django/core/handlers/exception.py", line 55, in inner
    response = get_response(request)
  File "/home/projectsto/virtualenv/projectstore/3.9/lib/python3.9/site-packages/django/core/handlers/base.py", line 197, in _get_response
    response = wrapped_callback(request, *callback_args, **callback_kwargs)
  File "/home/projectsto/virtualenv/projectstore/3.9/lib/python3.9/site-packages/django/views/static.py", line 34, in serve
    fullpath = Path(safe_join(document_root, path))
  File "/home/projectsto/virtualenv/projectstore/3.9/lib/python3.9/site-packages/django/utils/_os.py", line 17, in safe_join
    final_path = abspath(join(base, *paths))
  File "/opt/alt/python39/lib64/python3.9/posixpath.py", line 76, in join
    a = os.fspath(a)
TypeError: expected str, bytes or os.PathLike object, not NoneType
Internal Server Error: /static/Images/rename.png
Traceback (most recent call last):
  File "/home/projectsto/virtualenv/projectstore/3.9/lib/python3.9/site-packages/django/core/handlers/exception.py", line 55, in inner
    response = get_response(request)
  File "/home/projectsto/virtualenv/projectstore/3.9/lib/python3.9/site-packages/django/core/handlers/base.py", line 197, in _get_response
    response = wrapped_callback(request, *callback_args, **callback_kwargs)
  File "/home/projectsto/virtualenv/projectstore/3.9/lib/python3.9/site-packages/django/views/static.py", line 34, in serve
    fullpath = Path(safe_join(document_root, path))
  File "/home/projectsto/virtualenv/projectstore/3.9/lib/python3.9/site-packages/django/utils/_os.py", line 17, in safe_join
    final_path = abspath(join(base, *paths))
  File "/opt/alt/python39/lib64/python3.9/posixpath.py", line 76, in join
    a = os.fspath(a)
TypeError: expected str, bytes or os.PathLike object, not NoneType
Internal Server Error: /static/Images/collage.jpg
Traceback (most recent call last):
  File "/home/projectsto/virtualenv/projectstore/3.9/lib/python3.9/site-packages/django/core/handlers/exception.py", line 55, in inner
    response = get_response(request)
  File "/home/projectsto/virtualenv/projectstore/3.9/lib/python3.9/site-packages/django/core/handlers/base.py", line 197, in _get_response
    response = wrapped_callback(request, *callback_args, **callback_kwargs)
  File "/home/projectsto/virtualenv/projectstore/3.9/lib/python3.9/site-packages/django/views/static.py", line 34, in serve
    fullpath = Path(safe_join(document_root, path))
  File "/home/projectsto/virtualenv/projectstore/3.9/lib/python3.9/site-packages/django/utils/_os.py", line 17, in safe_join
    final_path = abspath(join(base, *paths))
  File "/opt/alt/python39/lib64/python3.9/posixpath.py", line 76, in join
    a = os.fspath(a)
TypeError: expected str, bytes or os.PathLike object, not NoneType
Internal Server Error: /static/assets/vendor/css/pages/ui-carousel.css
Traceback (most recent call last):
  File "/home/projectsto/virtualenv/projectstore/3.9/lib/python3.9/site-packages/django/core/handlers/exception.py", line 55, in inner
    response = get_response(request)
  File "/home/projectsto/virtualenv/projectstore/3.9/lib/python3.9/site-packages/django/core/handlers/base.py", line 197, in _get_response
    response = wrapped_callback(request, *callback_args, **callback_kwargs)
  File "/home/projectsto/virtualenv/projectstore/3.9/lib/python3.9/site-packages/django/views/static.py", line 34, in serve
    fullpath = Path(safe_join(document_root, path))
  File "/home/projectsto/virtualenv/projectstore/3.9/lib/python3.9/site-packages/django/utils/_os.py", line 17, in safe_join
    final_path = abspath(join(base, *paths))
  File "/opt/alt/python39/lib64/python3.9/posixpath.py", line 76, in join
    a = os.fspath(a)
TypeError: expected str, bytes or os.PathLike object, not NoneType
Internal Server Error: /static/style.css
Traceback (most recent call last):
  File "/home/projectsto/virtualenv/projectstore/3.9/lib/python3.9/site-packages/django/core/handlers/exception.py", line 55, in inner
    response = get_response(request)
  File "/home/projectsto/virtualenv/projectstore/3.9/lib/python3.9/site-packages/django/core/handlers/base.py", line 197, in _get_response
    response = wrapped_callback(request, *callback_args, **callback_kwargs)
  File "/home/projectsto/virtualenv/projectstore/3.9/lib/python3.9/site-packages/django/views/static.py", line 34, in serve
    fullpath = Path(safe_join(document_root, path))
  File "/home/projectsto/virtualenv/projectstore/3.9/lib/python3.9/site-packages/django/utils/_os.py", line 17, in safe_join
    final_path = abspath(join(base, *paths))
  File "/opt/alt/python39/lib64/python3.9/posixpath.py", line 76, in join
    a = os.fspath(a)
TypeError: expected str, bytes or os.PathLike object, not NoneType
Internal Server Error: /static/Images/collages.jpg
Traceback (most recent call last):
  File "/home/projectsto/virtualenv/projectstore/3.9/lib/python3.9/site-packages/django/core/handlers/exception.py", line 55, in inner
    response = get_response(request)
  File "/home/projectsto/virtualenv/projectstore/3.9/lib/python3.9/site-packages/django/core/handlers/base.py", line 197, in _get_response
    response = wrapped_callback(request, *callback_args, **callback_kwargs)
  File "/home/projectsto/virtualenv/projectstore/3.9/lib/python3.9/site-packages/django/views/static.py", line 34, in serve
    fullpath = Path(safe_join(document_root, path))
  File "/home/projectsto/virtualenv/projectstore/3.9/lib/python3.9/site-packages/django/utils/_os.py", line 17, in safe_join
    final_path = abspath(join(base, *paths))
  File "/opt/alt/python39/lib64/python3.9/posixpath.py", line 76, in join
    a = os.fspath(a)
TypeError: expected str, bytes or os.PathLike object, not NoneType
Internal Server Error: /static/assets/vendor/libs/swiper/swiper.css
Traceback (most recent call last):
  File "/home/projectsto/virtualenv/projectstore/3.9/lib/python3.9/site-packages/django/core/handlers/exception.py", line 55, in inner
    response = get_response(request)
  File "/home/projectsto/virtualenv/projectstore/3.9/lib/python3.9/site-packages/django/core/handlers/base.py", line 197, in _get_response
    response = wrapped_callback(request, *callback_args, **callback_kwargs)
  File "/home/projectsto/virtualenv/projectstore/3.9/lib/python3.9/site-packages/django/views/static.py", line 34, in serve
    fullpath = Path(safe_join(document_root, path))
  File "/home/projectsto/virtualenv/projectstore/3.9/lib/python3.9/site-packages/django/utils/_os.py", line 17, in safe_join
    final_path = abspath(join(base, *paths))
  File "/opt/alt/python39/lib64/python3.9/posixpath.py", line 76, in join
    a = os.fspath(a)
TypeError: expected str, bytes or os.PathLike object, not NoneType
Internal Server Error: /static/Images/rename.png
Traceback (most recent call last):
  File "/home/projectsto/virtualenv/projectstore/3.9/lib/python3.9/site-packages/django/core/handlers/exception.py", line 55, in inner
    response = get_response(request)
  File "/home/projectsto/virtualenv/projectstore/3.9/lib/python3.9/site-packages/django/core/handlers/base.py", line 197, in _get_response
    response = wrapped_callback(request, *callback_args, **callback_kwargs)
  File "/home/projectsto/virtualenv/projectstore/3.9/lib/python3.9/site-packages/django/views/static.py", line 34, in serve
    fullpath = Path(safe_join(document_root, path))
  File "/home/projectsto/virtualenv/projectstore/3.9/lib/python3.9/site-packages/django/utils/_os.py", line 17, in safe_join
    final_path = abspath(join(base, *paths))
  File "/opt/alt/python39/lib64/python3.9/posixpath.py", line 76, in join
    a = os.fspath(a)
TypeError: expected str, bytes or os.PathLike object, not NoneType
Internal Server Error: /static/Images/settings.png
Traceback (most recent call last):
  File "/home/projectsto/virtualenv/projectstore/3.9/lib/python3.9/site-packages/django/core/handlers/exception.py", line 55, in inner
    response = get_response(request)
  File "/home/projectsto/virtualenv/projectstore/3.9/lib/python3.9/site-packages/django/core/handlers/base.py", line 197, in _get_response
    response = wrapped_callback(request, *callback_args, **callback_kwargs)
  File "/home/projectsto/virtualenv/projectstore/3.9/lib/python3.9/site-packages/django/views/static.py", line 34, in serve
    fullpath = Path(safe_join(document_root, path))
  File "/home/projectsto/virtualenv/projectstore/3.9/lib/python3.9/site-packages/django/utils/_os.py", line 17, in safe_join
    final_path = abspath(join(base, *paths))
  File "/opt/alt/python39/lib64/python3.9/posixpath.py", line 76, in join
    a = os.fspath(a)
TypeError: expected str, bytes or os.PathLike object, not NoneType
Internal Server Error: /static/Images/software.png
Traceback (most recent call last):
  File "/home/projectsto/virtualenv/projectstore/3.9/lib/python3.9/site-packages/django/core/handlers/exception.py", line 55, in inner
    response = get_response(request)
  File "/home/projectsto/virtualenv/projectstore/3.9/lib/python3.9/site-packages/django/core/handlers/base.py", line 197, in _get_response
    response = wrapped_callback(request, *callback_args, **callback_kwargs)
  File "/home/projectsto/virtualenv/projectstore/3.9/lib/python3.9/site-packages/django/views/static.py", line 34, in serve
    fullpath = Path(safe_join(document_root, path))
  File "/home/projectsto/virtualenv/projectstore/3.9/lib/python3.9/site-packages/django/utils/_os.py", line 17, in safe_join
    final_path = abspath(join(base, *paths))
  File "/opt/alt/python39/lib64/python3.9/posixpath.py", line 76, in join
    a = os.fspath(a)
TypeError: expected str, bytes or os.PathLike object, not NoneType
Internal Server Error: /static/Images/collage12.jpg
Traceback (most recent call last):
  File "/home/projectsto/virtualenv/projectstore/3.9/lib/python3.9/site-packages/django/core/handlers/exception.py", line 55, in inner
    response = get_response(request)
  File "/home/projectsto/virtualenv/projectstore/3.9/lib/python3.9/site-packages/django/core/handlers/base.py", line 197, in _get_response
    response = wrapped_callback(request, *callback_args, **callback_kwargs)
  File "/home/projectsto/virtualenv/projectstore/3.9/lib/python3.9/site-packages/django/views/static.py", line 34, in serve
    fullpath = Path(safe_join(document_root, path))
  File "/home/projectsto/virtualenv/projectstore/3.9/lib/python3.9/site-packages/django/utils/_os.py", line 17, in safe_join
    final_path = abspath(join(base, *paths))
  File "/opt/alt/python39/lib64/python3.9/posixpath.py", line 76, in join
    a = os.fspath(a)
TypeError: expected str, bytes or os.PathLike object, not NoneType
Internal Server Error: /static/Images/collage.jpg
Traceback (most recent call last):
  File "/home/projectsto/virtualenv/projectstore/3.9/lib/python3.9/site-packages/django/core/handlers/exception.py", line 55, in inner
    response = get_response(request)
  File "/home/projectsto/virtualenv/projectstore/3.9/lib/python3.9/site-packages/django/core/handlers/base.py", line 197, in _get_response
    response = wrapped_callback(request, *callback_args, **callback_kwargs)
  File "/home/projectsto/virtualenv/projectstore/3.9/lib/python3.9/site-packages/django/views/static.py", line 34, in serve
    fullpath = Path(safe_join(document_root, path))
  File "/home/projectsto/virtualenv/projectstore/3.9/lib/python3.9/site-packages/django/utils/_os.py", line 17, in safe_join
    final_path = abspath(join(base, *paths))
  File "/opt/alt/python39/lib64/python3.9/posixpath.py", line 76, in join
    a = os.fspath(a)
TypeError: expected str, bytes or os.PathLike object, not NoneType
Internal Server Error: /static/Images/computer.png
Traceback (most recent call last):
  File "/home/projectsto/virtualenv/projectstore/3.9/lib/python3.9/site-packages/django/core/handlers/exception.py", line 55, in inner
    response = get_response(request)
  File "/home/projectsto/virtualenv/projectstore/3.9/lib/python3.9/site-packages/django/core/handlers/base.py", line 197, in _get_response
    response = wrapped_callback(request, *callback_args, **callback_kwargs)
  File "/home/projectsto/virtualenv/projectstore/3.9/lib/python3.9/site-packages/django/views/static.py", line 34, in serve
    fullpath = Path(safe_join(document_root, path))
  File "/home/projectsto/virtualenv/projectstore/3.9/lib/python3.9/site-packages/django/utils/_os.py", line 17, in safe_join
    final_path = abspath(join(base, *paths))
  File "/opt/alt/python39/lib64/python3.9/posixpath.py", line 76, in join
    a = os.fspath(a)
TypeError: expected str, bytes or os.PathLike object, not NoneType
Internal Server Error: /static/Images/artificial-intelligence.png
Traceback (most recent call last):
  File "/home/projectsto/virtualenv/projectstore/3.9/lib/python3.9/site-packages/django/core/handlers/exception.py", line 55, in inner
    response = get_response(request)
  File "/home/projectsto/virtualenv/projectstore/3.9/lib/python3.9/site-packages/django/core/handlers/base.py", line 197, in _get_response
    response = wrapped_callback(request, *callback_args, **callback_kwargs)
  File "/home/projectsto/virtualenv/projectstore/3.9/lib/python3.9/site-packages/django/views/static.py", line 34, in serve
    fullpath = Path(safe_join(document_root, path))
  File "/home/projectsto/virtualenv/projectstore/3.9/lib/python3.9/site-packages/django/utils/_os.py", line 17, in safe_join
    final_path = abspath(join(base, *paths))
  File "/opt/alt/python39/lib64/python3.9/posixpath.py", line 76, in join
    a = os.fspath(a)
TypeError: expected str, bytes or os.PathLike object, not NoneType
Internal Server Error: /static/Images/robot.png
Traceback (most recent call last):
  File "/home/projectsto/virtualenv/projectstore/3.9/lib/python3.9/site-packages/django/core/handlers/exception.py", line 55, in inner
    response = get_response(request)
  File "/home/projectsto/virtualenv/projectstore/3.9/lib/python3.9/site-packages/django/core/handlers/base.py", line 197, in _get_response
    response = wrapped_callback(request, *callback_args, **callback_kwargs)
  File "/home/projectsto/virtualenv/projectstore/3.9/lib/python3.9/site-packages/django/views/static.py", line 34, in serve
    fullpath = Path(safe_join(document_root, path))
  File "/home/projectsto/virtualenv/projectstore/3.9/lib/python3.9/site-packages/django/utils/_os.py", line 17, in safe_join
    final_path = abspath(join(base, *paths))
  File "/opt/alt/python39/lib64/python3.9/posixpath.py", line 76, in join
    a = os.fspath(a)
TypeError: expected str, bytes or os.PathLike object, not NoneType
Internal Server Error: /static/Images/bg.png
Traceback (most recent call last):
  File "/home/projectsto/virtualenv/projectstore/3.9/lib/python3.9/site-packages/django/core/handlers/exception.py", line 55, in inner
    response = get_response(request)
  File "/home/projectsto/virtualenv/projectstore/3.9/lib/python3.9/site-packages/django/core/handlers/base.py", line 197, in _get_response
    response = wrapped_callback(request, *callback_args, **callback_kwargs)
  File "/home/projectsto/virtualenv/projectstore/3.9/lib/python3.9/site-packages/django/views/static.py", line 34, in serve
    fullpath = Path(safe_join(document_root, path))
  File "/home/projectsto/virtualenv/projectstore/3.9/lib/python3.9/site-packages/django/utils/_os.py", line 17, in safe_join
    final_path = abspath(join(base, *paths))
  File "/opt/alt/python39/lib64/python3.9/posixpath.py", line 76, in join
    a = os.fspath(a)
TypeError: expected str, bytes or os.PathLike object, not NoneType
Internal Server Error: /static/Images/wlogo.png
Traceback (most recent call last):
  File "/home/projectsto/virtualenv/projectstore/3.9/lib/python3.9/site-packages/django/core/handlers/exception.py", line 55, in inner
    response = get_response(request)
  File "/home/projectsto/virtualenv/projectstore/3.9/lib/python3.9/site-packages/django/core/handlers/base.py", line 197, in _get_response
    response = wrapped_callback(request, *callback_args, **callback_kwargs)
  File "/home/projectsto/virtualenv/projectstore/3.9/lib/python3.9/site-packages/django/views/static.py", line 34, in serve
    fullpath = Path(safe_join(document_root, path))
  File "/home/projectsto/virtualenv/projectstore/3.9/lib/python3.9/site-packages/django/utils/_os.py", line 17, in safe_join
    final_path = abspath(join(base, *paths))
  File "/opt/alt/python39/lib64/python3.9/posixpath.py", line 76, in join
    a = os.fspath(a)
TypeError: expected str, bytes or os.PathLike object, not NoneType
Internal Server Error: /static/Images/renamebg.png
Traceback (most recent call last):
  File "/home/projectsto/virtualenv/projectstore/3.9/lib/python3.9/site-packages/django/core/handlers/exception.py", line 55, in inner
    response = get_response(request)
  File "/home/projectsto/virtualenv/projectstore/3.9/lib/python3.9/site-packages/django/core/handlers/base.py", line 197, in _get_response
    response = wrapped_callback(request, *callback_args, **callback_kwargs)
  File "/home/projectsto/virtualenv/projectstore/3.9/lib/python3.9/site-packages/django/views/static.py", line 34, in serve
    fullpath = Path(safe_join(document_root, path))
  File "/home/projectsto/virtualenv/projectstore/3.9/lib/python3.9/site-packages/django/utils/_os.py", line 17, in safe_join
    final_path = abspath(join(base, *paths))
  File "/opt/alt/python39/lib64/python3.9/posixpath.py", line 76, in join
    a = os.fspath(a)
TypeError: expected str, bytes or os.PathLike object, not NoneType
Internal Server Error: /project/
Traceback (most recent call last):
  File "/home/projectsto/virtualenv/projectstore/3.9/lib/python3.9/site-packages/django/core/handlers/exception.py", line 55, in inner
    response = get_response(request)
  File "/home/projectsto/virtualenv/projectstore/3.9/lib/python3.9/site-packages/django/core/handlers/base.py", line 197, in _get_response
    response = wrapped_callback(request, *callback_args, **callback_kwargs)
  File "/home/projectsto/projectstore/Store/views.py", line 350, in project
    return render(request, 'project.html', context)
  File "/home/projectsto/virtualenv/projectstore/3.9/lib/python3.9/site-packages/django/shortcuts.py", line 24, in render
    content = loader.render_to_string(template_name, context, request, using=using)
  File "/home/projectsto/virtualenv/projectstore/3.9/lib/python3.9/site-packages/django/template/loader.py", line 61, in render_to_string
    template = get_template(template_name, using=using)
  File "/home/projectsto/virtualenv/projectstore/3.9/lib/python3.9/site-packages/django/template/loader.py", line 19, in get_template
    raise TemplateDoesNotExist(template_name, chain=chain)
django.template.exceptions.TemplateDoesNotExist: project.html
Not Found: /favicon.ico
Internal Server Error: /static/assets/vendor/libs/swiper/swiper.css
Traceback (most recent call last):
  File "/home/projectsto/virtualenv/projectstore/3.9/lib/python3.9/site-packages/django/core/handlers/exception.py", line 55, in inner
    response = get_response(request)
  File "/home/projectsto/virtualenv/projectstore/3.9/lib/python3.9/site-packages/django/core/handlers/base.py", line 197, in _get_response
    response = wrapped_callback(request, *callback_args, **callback_kwargs)
  File "/home/projectsto/virtualenv/projectstore/3.9/lib/python3.9/site-packages/django/views/static.py", line 34, in serve
    fullpath = Path(safe_join(document_root, path))
  File "/home/projectsto/virtualenv/projectstore/3.9/lib/python3.9/site-packages/django/utils/_os.py", line 17, in safe_join
    final_path = abspath(join(base, *paths))
  File "/opt/alt/python39/lib64/python3.9/posixpath.py", line 76, in join
    a = os.fspath(a)
TypeError: expected str, bytes or os.PathLike object, not NoneType
Internal Server Error: /static/assets/vendor/css/pages/ui-carousel.css
Traceback (most recent call last):
  File "/home/projectsto/virtualenv/projectstore/3.9/lib/python3.9/site-packages/django/core/handlers/exception.py", line 55, in inner
    response = get_response(request)
  File "/home/projectsto/virtualenv/projectstore/3.9/lib/python3.9/site-packages/django/core/handlers/base.py", line 197, in _get_response
    response = wrapped_callback(request, *callback_args, **callback_kwargs)
  File "/home/projectsto/virtualenv/projectstore/3.9/lib/python3.9/site-packages/django/views/static.py", line 34, in serve
    fullpath = Path(safe_join(document_root, path))
  File "/home/projectsto/virtualenv/projectstore/3.9/lib/python3.9/site-packages/django/utils/_os.py", line 17, in safe_join
    final_path = abspath(join(base, *paths))
  File "/opt/alt/python39/lib64/python3.9/posixpath.py", line 76, in join
    a = os.fspath(a)
TypeError: expected str, bytes or os.PathLike object, not NoneType
Internal Server Error: /static/style.css
Traceback (most recent call last):
  File "/home/projectsto/virtualenv/projectstore/3.9/lib/python3.9/site-packages/django/core/handlers/exception.py", line 55, in inner
    response = get_response(request)
  File "/home/projectsto/virtualenv/projectstore/3.9/lib/python3.9/site-packages/django/core/handlers/base.py", line 197, in _get_response
    response = wrapped_callback(request, *callback_args, **callback_kwargs)
  File "/home/projectsto/virtualenv/projectstore/3.9/lib/python3.9/site-packages/django/views/static.py", line 34, in serve
    fullpath = Path(safe_join(document_root, path))
  File "/home/projectsto/virtualenv/projectstore/3.9/lib/python3.9/site-packages/django/utils/_os.py", line 17, in safe_join
    final_path = abspath(join(base, *paths))
  File "/opt/alt/python39/lib64/python3.9/posixpath.py", line 76, in join
    a = os.fspath(a)
TypeError: expected str, bytes or os.PathLike object, not NoneType
Internal Server Error: /static/Images/rename.png
Traceback (most recent call last):
  File "/home/projectsto/virtualenv/projectstore/3.9/lib/python3.9/site-packages/django/core/handlers/exception.py", line 55, in inner
    response = get_response(request)
  File "/home/projectsto/virtualenv/projectstore/3.9/lib/python3.9/site-packages/django/core/handlers/base.py", line 197, in _get_response
    response = wrapped_callback(request, *callback_args, **callback_kwargs)
  File "/home/projectsto/virtualenv/projectstore/3.9/lib/python3.9/site-packages/django/views/static.py", line 34, in serve
    fullpath = Path(safe_join(document_root, path))
  File "/home/projectsto/virtualenv/projectstore/3.9/lib/python3.9/site-packages/django/utils/_os.py", line 17, in safe_join
    final_path = abspath(join(base, *paths))
  File "/opt/alt/python39/lib64/python3.9/posixpath.py", line 76, in join
    a = os.fspath(a)
TypeError: expected str, bytes or os.PathLike object, not NoneType
Internal Server Error: /static/Images/collages.jpg
Traceback (most recent call last):
  File "/home/projectsto/virtualenv/projectstore/3.9/lib/python3.9/site-packages/django/core/handlers/exception.py", line 55, in inner
    response = get_response(request)
  File "/home/projectsto/virtualenv/projectstore/3.9/lib/python3.9/site-packages/django/core/handlers/base.py", line 197, in _get_response
    response = wrapped_callback(request, *callback_args, **callback_kwargs)
  File "/home/projectsto/virtualenv/projectstore/3.9/lib/python3.9/site-packages/django/views/static.py", line 34, in serve
    fullpath = Path(safe_join(document_root, path))
  File "/home/projectsto/virtualenv/projectstore/3.9/lib/python3.9/site-packages/django/utils/_os.py", line 17, in safe_join
    final_path = abspath(join(base, *paths))
  File "/opt/alt/python39/lib64/python3.9/posixpath.py", line 76, in join
    a = os.fspath(a)
TypeError: expected str, bytes or os.PathLike object, not NoneType
Internal Server Error: /static/Images/collage.jpg
Traceback (most recent call last):
  File "/home/projectsto/virtualenv/projectstore/3.9/lib/python3.9/site-packages/django/core/handlers/exception.py", line 55, in inner
    response = get_response(request)
  File "/home/projectsto/virtualenv/projectstore/3.9/lib/python3.9/site-packages/django/core/handlers/base.py", line 197, in _get_response
    response = wrapped_callback(request, *callback_args, **callback_kwargs)
  File "/home/projectsto/virtualenv/projectstore/3.9/lib/python3.9/site-packages/django/views/static.py", line 34, in serve
    fullpath = Path(safe_join(document_root, path))
  File "/home/projectsto/virtualenv/projectstore/3.9/lib/python3.9/site-packages/django/utils/_os.py", line 17, in safe_join
    final_path = abspath(join(base, *paths))
  File "/opt/alt/python39/lib64/python3.9/posixpath.py", line 76, in join
    a = os.fspath(a)
TypeError: expected str, bytes or os.PathLike object, not NoneType
Internal Server Error: /static/Images/collage12.jpg
Traceback (most recent call last):
  File "/home/projectsto/virtualenv/projectstore/3.9/lib/python3.9/site-packages/django/core/handlers/exception.py", line 55, in inner
    response = get_response(request)
  File "/home/projectsto/virtualenv/projectstore/3.9/lib/python3.9/site-packages/django/core/handlers/base.py", line 197, in _get_response
    response = wrapped_callback(request, *callback_args, **callback_kwargs)
  File "/home/projectsto/virtualenv/projectstore/3.9/lib/python3.9/site-packages/django/views/static.py", line 34, in serve
    fullpath = Path(safe_join(document_root, path))
  File "/home/projectsto/virtualenv/projectstore/3.9/lib/python3.9/site-packages/django/utils/_os.py", line 17, in safe_join
    final_path = abspath(join(base, *paths))
  File "/opt/alt/python39/lib64/python3.9/posixpath.py", line 76, in join
    a = os.fspath(a)
TypeError: expected str, bytes or os.PathLike object, not NoneType
Internal Server Error: /static/Images/settings.png
Traceback (most recent call last):
  File "/home/projectsto/virtualenv/projectstore/3.9/lib/python3.9/site-packages/django/core/handlers/exception.py", line 55, in inner
    response = get_response(request)
  File "/home/projectsto/virtualenv/projectstore/3.9/lib/python3.9/site-packages/django/core/handlers/base.py", line 197, in _get_response
    response = wrapped_callback(request, *callback_args, **callback_kwargs)
  File "/home/projectsto/virtualenv/projectstore/3.9/lib/python3.9/site-packages/django/views/static.py", line 34, in serve
    fullpath = Path(safe_join(document_root, path))
  File "/home/projectsto/virtualenv/projectstore/3.9/lib/python3.9/site-packages/django/utils/_os.py", line 17, in safe_join
    final_path = abspath(join(base, *paths))
  File "/opt/alt/python39/lib64/python3.9/posixpath.py", line 76, in join
    a = os.fspath(a)
TypeError: expected str, bytes or os.PathLike object, not NoneType
Internal Server Error: /static/Images/software.png
Traceback (most recent call last):
  File "/home/projectsto/virtualenv/projectstore/3.9/lib/python3.9/site-packages/django/core/handlers/exception.py", line 55, in inner
    response = get_response(request)
  File "/home/projectsto/virtualenv/projectstore/3.9/lib/python3.9/site-packages/django/core/handlers/base.py", line 197, in _get_response
    response = wrapped_callback(request, *callback_args, **callback_kwargs)
  File "/home/projectsto/virtualenv/projectstore/3.9/lib/python3.9/site-packages/django/views/static.py", line 34, in serve
    fullpath = Path(safe_join(document_root, path))
  File "/home/projectsto/virtualenv/projectstore/3.9/lib/python3.9/site-packages/django/utils/_os.py", line 17, in safe_join
    final_path = abspath(join(base, *paths))
  File "/opt/alt/python39/lib64/python3.9/posixpath.py", line 76, in join
    a = os.fspath(a)
TypeError: expected str, bytes or os.PathLike object, not NoneType
Internal Server Error: /static/Images/computer.png
Traceback (most recent call last):
  File "/home/projectsto/virtualenv/projectstore/3.9/lib/python3.9/site-packages/django/core/handlers/exception.py", line 55, in inner
    response = get_response(request)
  File "/home/projectsto/virtualenv/projectstore/3.9/lib/python3.9/site-packages/django/core/handlers/base.py", line 197, in _get_response
    response = wrapped_callback(request, *callback_args, **callback_kwargs)
  File "/home/projectsto/virtualenv/projectstore/3.9/lib/python3.9/site-packages/django/views/static.py", line 34, in serve
    fullpath = Path(safe_join(document_root, path))
  File "/home/projectsto/virtualenv/projectstore/3.9/lib/python3.9/site-packages/django/utils/_os.py", line 17, in safe_join
    final_path = abspath(join(base, *paths))
  File "/opt/alt/python39/lib64/python3.9/posixpath.py", line 76, in join
    a = os.fspath(a)
TypeError: expected str, bytes or os.PathLike object, not NoneType
Internal Server Error: /static/Images/artificial-intelligence.png
Traceback (most recent call last):
  File "/home/projectsto/virtualenv/projectstore/3.9/lib/python3.9/site-packages/django/core/handlers/exception.py", line 55, in inner
    response = get_response(request)
  File "/home/projectsto/virtualenv/projectstore/3.9/lib/python3.9/site-packages/django/core/handlers/base.py", line 197, in _get_response
    response = wrapped_callback(request, *callback_args, **callback_kwargs)
  File "/home/projectsto/virtualenv/projectstore/3.9/lib/python3.9/site-packages/django/views/static.py", line 34, in serve
    fullpath = Path(safe_join(document_root, path))
  File "/home/projectsto/virtualenv/projectstore/3.9/lib/python3.9/site-packages/django/utils/_os.py", line 17, in safe_join
    final_path = abspath(join(base, *paths))
  File "/opt/alt/python39/lib64/python3.9/posixpath.py", line 76, in join
    a = os.fspath(a)
TypeError: expected str, bytes or os.PathLike object, not NoneType
Internal Server Error: /static/Images/robot.png
Traceback (most recent call last):
  File "/home/projectsto/virtualenv/projectstore/3.9/lib/python3.9/site-packages/django/core/handlers/exception.py", line 55, in inner
    response = get_response(request)
  File "/home/projectsto/virtualenv/projectstore/3.9/lib/python3.9/site-packages/django/core/handlers/base.py", line 197, in _get_response
    response = wrapped_callback(request, *callback_args, **callback_kwargs)
  File "/home/projectsto/virtualenv/projectstore/3.9/lib/python3.9/site-packages/django/views/static.py", line 34, in serve
    fullpath = Path(safe_join(document_root, path))
  File "/home/projectsto/virtualenv/projectstore/3.9/lib/python3.9/site-packages/django/utils/_os.py", line 17, in safe_join
    final_path = abspath(join(base, *paths))
  File "/opt/alt/python39/lib64/python3.9/posixpath.py", line 76, in join
    a = os.fspath(a)
TypeError: expected str, bytes or os.PathLike object, not NoneType
Internal Server Error: /static/Images/wlogo.png
Traceback (most recent call last):
  File "/home/projectsto/virtualenv/projectstore/3.9/lib/python3.9/site-packages/django/core/handlers/exception.py", line 55, in inner
    response = get_response(request)
  File "/home/projectsto/virtualenv/projectstore/3.9/lib/python3.9/site-packages/django/core/handlers/base.py", line 197, in _get_response
    response = wrapped_callback(request, *callback_args, **callback_kwargs)
  File "/home/projectsto/virtualenv/projectstore/3.9/lib/python3.9/site-packages/django/views/static.py", line 34, in serve
    fullpath = Path(safe_join(document_root, path))
  File "/home/projectsto/virtualenv/projectstore/3.9/lib/python3.9/site-packages/django/utils/_os.py", line 17, in safe_join
    final_path = abspath(join(base, *paths))
  File "/opt/alt/python39/lib64/python3.9/posixpath.py", line 76, in join
    a = os.fspath(a)
TypeError: expected str, bytes or os.PathLike object, not NoneType
Internal Server Error: /static/Images/renamebg.png
Traceback (most recent call last):
  File "/home/projectsto/virtualenv/projectstore/3.9/lib/python3.9/site-packages/django/core/handlers/exception.py", line 55, in inner
    response = get_response(request)
  File "/home/projectsto/virtualenv/projectstore/3.9/lib/python3.9/site-packages/django/core/handlers/base.py", line 197, in _get_response
    response = wrapped_callback(request, *callback_args, **callback_kwargs)
  File "/home/projectsto/virtualenv/projectstore/3.9/lib/python3.9/site-packages/django/views/static.py", line 34, in serve
    fullpath = Path(safe_join(document_root, path))
  File "/home/projectsto/virtualenv/projectstore/3.9/lib/python3.9/site-packages/django/utils/_os.py", line 17, in safe_join
    final_path = abspath(join(base, *paths))
  File "/opt/alt/python39/lib64/python3.9/posixpath.py", line 76, in join
    a = os.fspath(a)
TypeError: expected str, bytes or os.PathLike object, not NoneType
Internal Server Error: /static/Images/bg.png
Traceback (most recent call last):
  File "/home/projectsto/virtualenv/projectstore/3.9/lib/python3.9/site-packages/django/core/handlers/exception.py", line 55, in inner
    response = get_response(request)
  File "/home/projectsto/virtualenv/projectstore/3.9/lib/python3.9/site-packages/django/core/handlers/base.py", line 197, in _get_response
    response = wrapped_callback(request, *callback_args, **callback_kwargs)
  File "/home/projectsto/virtualenv/projectstore/3.9/lib/python3.9/site-packages/django/views/static.py", line 34, in serve
    fullpath = Path(safe_join(document_root, path))
  File "/home/projectsto/virtualenv/projectstore/3.9/lib/python3.9/site-packages/django/utils/_os.py", line 17, in safe_join
    final_path = abspath(join(base, *paths))
  File "/opt/alt/python39/lib64/python3.9/posixpath.py", line 76, in join
    a = os.fspath(a)
TypeError: expected str, bytes or os.PathLike object, not NoneType
Internal Server Error: /project/
Traceback (most recent call last):
  File "/home/projectsto/virtualenv/projectstore/3.9/lib/python3.9/site-packages/django/core/handlers/exception.py", line 55, in inner
    response = get_response(request)
  File "/home/projectsto/virtualenv/projectstore/3.9/lib/python3.9/site-packages/django/core/handlers/base.py", line 197, in _get_response
    response = wrapped_callback(request, *callback_args, **callback_kwargs)
  File "/home/projectsto/projectstore/Store/views.py", line 350, in project
    return render(request, 'project.html', context)
  File "/home/projectsto/virtualenv/projectstore/3.9/lib/python3.9/site-packages/django/shortcuts.py", line 24, in render
    content = loader.render_to_string(template_name, context, request, using=using)
  File "/home/projectsto/virtualenv/projectstore/3.9/lib/python3.9/site-packages/django/template/loader.py", line 61, in render_to_string
    template = get_template(template_name, using=using)
  File "/home/projectsto/virtualenv/projectstore/3.9/lib/python3.9/site-packages/django/template/loader.py", line 19, in get_template
    raise TemplateDoesNotExist(template_name, chain=chain)
django.template.exceptions.TemplateDoesNotExist: project.html
Not Found: /favicon.ico
Not Found: /favicon.ico
Not Found: /favicon.ico
OSError: LSAPI: File error
OSError: LSAPI: File error
Not Found: /favicon.ico
Error processing Product image: 'ascii' codec can't encode character '\u274c' in position 0: ordinal not in range(128)
Error processing Product image: 'ascii' codec can't encode character '\u274c' in position 0: ordinal not in range(128)
Not Found: /favicon.ico
Not Found: /favicon.ico
Not Found: /favicon.ico
[UID:3885][1173444] Child process with pid: 1891951 was killed by signal: 15, core dumped: no
[UID:3885][2057275] Child process with pid: 2091917 was killed by signal: 15, core dumped: no
OSError: LSAPI: File error
Not Found: /favicon.ico
Not Found: /favicon.ico
Not Found: /favicon.ico
Not Found: /favicon.ico
Not Found: /favicon.ico
Not Found: /favicon.ico
Not Found: /favicon.ico
Not Found: /favicon.ico
Not Found: /favicon.ico
Not Found: /favicon.ico
Error processing Product image: 'ascii' codec can't encode character '\u274c' in position 0: ordinal not in range(128)
Error processing Product image: 'ascii' codec can't encode character '\u274c' in position 0: ordinal not in range(128)
Error processing Product image: 'ascii' codec can't encode character '\u274c' in position 0: ordinal not in range(128)
Not Found: /favicon.ico
Not Found: /favicon.ico
Error processing Product image: 'ascii' codec can't encode character '\u274c' in position 0: ordinal not in range(128)
Error processing Product extra image: 'ascii' codec can't encode character '\u274c' in position 0: ordinal not in range(128)
Error processing Product extra image: 'ascii' codec can't encode character '\u274c' in position 0: ordinal not in range(128)
Error processing Product image: 'ascii' codec can't encode character '\u274c' in position 0: ordinal not in range(128)
Error processing Product image: 'ascii' codec can't encode character '\u274c' in position 0: ordinal not in range(128)
Error processing Product image: 'ascii' codec can't encode character '\u274c' in position 0: ordinal not in range(128)
Error processing Product extra image: 'ascii' codec can't encode character '\u274c' in position 0: ordinal not in range(128)
Not Found: /robots.txt
Not Found: /robots.txt
Not Found: /robots.txt
Not Found: /robots.txt
Not Found: /favicon.ico
Not Found: /favicon.ico
Error processing Product extra image: 'ascii' codec can't encode character '\u274c' in position 0: ordinal not in range(128)
Error processing Product extra image: 'ascii' codec can't encode character '\u274c' in position 0: ordinal not in range(128)
Error processing Product extra image: 'ascii' codec can't encode character '\u274c' in position 0: ordinal not in range(128)
Error processing Product image: 'ascii' codec can't encode character '\u274c' in position 0: ordinal not in range(128)
OSError: LSAPI: File error
[UID:3885][1090834] Child process with pid: 1298167 was killed by signal: 15, core dumped: no
Error processing Product image: 'ascii' codec can't encode character '\u274c' in position 0: ordinal not in range(128)
Error processing Product extra image: 'ascii' codec can't encode character '\u274c' in position 0: ordinal not in range(128)
Error processing Product extra image: 'ascii' codec can't encode character '\u274c' in position 0: ordinal not in range(128)
Error processing Product extra image: 'ascii' codec can't encode character '\u274c' in position 0: ordinal not in range(128)
Not Found: /robots.txt
OSError: LSAPI: File error
Error processing Product image: 'ascii' codec can't encode character '\u274c' in position 0: ordinal not in range(128)
Error processing Product extra image: 'ascii' codec can't encode character '\u274c' in position 0: ordinal not in range(128)
Error processing Product extra image: 'ascii' codec can't encode character '\u274c' in position 0: ordinal not in range(128)
Error processing Product extra image: 'ascii' codec can't encode character '\u274c' in position 0: ordinal not in range(128)
Error processing Product image: 'ascii' codec can't encode character '\u274c' in position 0: ordinal not in range(128)
Error processing Product image: 'ascii' codec can't encode character '\u274c' in position 0: ordinal not in range(128)
Error processing Product extra image: 'ascii' codec can't encode character '\u274c' in position 0: ordinal not in range(128)
Error processing Product extra image: 'ascii' codec can't encode character '\u274c' in position 0: ordinal not in range(128)
Error processing Product extra image: 'ascii' codec can't encode character '\u274c' in position 0: ordinal not in range(128)
OSError: LSAPI: File error
[UID:3885][1090834] Child process with pid: 1622785 was killed by signal: 15, core dumped: no
[UID:3885][1090834] Child process with pid: 1622784 was killed by signal: 15, core dumped: no
[UID:3885][1090834] Child process with pid: 1622782 was killed by signal: 15, core dumped: no
[UID:3885][1090834] Child process with pid: 1622783 was killed by signal: 15, core dumped: no
Not Found: /update-cart/
Not Found: /update-cart/
Not Found: /update-cart/
Not Found: /update-cart/
Not Found: /update-cart/
Not Found: /update-cart/
Not Found: /update-cart/
Not Found: /update-cart/
Not Found: /update-cart/
Not Found: /update-cart/
Not Found: /update-cart/
Not Found: /update-cart/
Not Found: /remove-from-cart/
Not Found: /remove-from-cart/
Not Found: /remove-from-cart/
OSError: LSAPI: File error
[UID:3885][1090834] Child process with pid: 1627127 was killed by signal: 15, core dumped: no
Error processing Product image: 'ascii' codec can't encode character '\u274c' in position 0: ordinal not in range(128)
Error processing Product extra image: 'ascii' codec can't encode character '\u274c' in position 0: ordinal not in range(128)
Error processing Product extra image: 'ascii' codec can't encode character '\u274c' in position 0: ordinal not in range(128)
Error processing Product image: 'ascii' codec can't encode character '\u274c' in position 0: ordinal not in range(128)
Error processing Product extra image: 'ascii' codec can't encode character '\u274c' in position 0: ordinal not in range(128)
Error processing Product extra image: 'ascii' codec can't encode character '\u274c' in position 0: ordinal not in range(128)
Error processing Product extra image: 'ascii' codec can't encode character '\u274c' in position 0: ordinal not in range(128)
Not Found: /favicon.ico
Error processing Product image: 'ascii' codec can't encode character '\u274c' in position 0: ordinal not in range(128)
Error processing Product extra image: 'ascii' codec can't encode character '\u274c' in position 0: ordinal not in range(128)
Error processing Product extra image: 'ascii' codec can't encode character '\u274c' in position 0: ordinal not in range(128)
Error processing Product extra image: 'ascii' codec can't encode character '\u274c' in position 0: ordinal not in range(128)
Error processing Product image: 'ascii' codec can't encode character '\u274c' in position 0: ordinal not in range(128)
Error processing Product extra image: 'ascii' codec can't encode character '\u274c' in position 0: ordinal not in range(128)
Error processing Product extra image: 'ascii' codec can't encode character '\u274c' in position 0: ordinal not in range(128)
OSError: LSAPI: File error
OSError: LSAPI: File error
[UID:3885][1090834] Child process with pid: 1969621 was killed by signal: 15, core dumped: no
[UID:3885][2061969] Child process with pid: 2061998 was killed by signal: 15, core dumped: no
[UID:3885][2061969] Child process with pid: 2061999 was killed by signal: 15, core dumped: no
[UID:3885][2061969] Child process with pid: 2061996 was killed by signal: 15, core dumped: no
[UID:3885][2061969] Child process with pid: 2061997 was killed by signal: 15, core dumped: no
[UID:3885][2169480] Child process with pid: 2169590 was killed by signal: 15, core dumped: no
[UID:3885][2169480] Child process with pid: 2169523 was killed by signal: 15, core dumped: no
[UID:3885][2169480] Child process with pid: 2169524 was killed by signal: 15, core dumped: no
[UID:3885][2169480] Child process with pid: 2169589 was killed by signal: 15, core dumped: no
[UID:3885][2169480] Child process with pid: 2169591 was killed by signal: 15, core dumped: no
[UID:3885][2169480] Child process with pid: 2170008 was killed by signal: 15, core dumped: no
[UID:3885][2169480] Child process with pid: 2170208 was killed by signal: 15, core dumped: no
[UID:3885][2169480] Child process with pid: 2170206 was killed by signal: 15, core dumped: no
[UID:3885][2169480] Child process with pid: 2170207 was killed by signal: 15, core dumped: no
Not Found: /favicon.ico
Not Found: /favicon.ico
Error processing Product image: 'ascii' codec can't encode character '\u274c' in position 0: ordinal not in range(128)
Error processing Product image: 'ascii' codec can't encode character '\u274c' in position 0: ordinal not in range(128)
Error processing Product image: 'ascii' codec can't encode character '\u274c' in position 0: ordinal not in range(128)
Error processing Product extra image: 'ascii' codec can't encode character '\u274c' in position 0: ordinal not in range(128)
Error processing Product extra image: 'ascii' codec can't encode character '\u274c' in position 0: ordinal not in range(128)
Error processing Product extra image: 'ascii' codec can't encode character '\u274c' in position 0: ordinal not in range(128)
Error processing Product image: 'ascii' codec can't encode character '\u274c' in position 0: ordinal not in range(128)
Error processing Product image: 'ascii' codec can't encode character '\u274c' in position 0: ordinal not in range(128)
Not Found: /favicon.ico
[UID:3885][2412153] Child process with pid: 2781192 was killed by signal: 15, core dumped: no
OSError: LSAPI: File error
OSError: LSAPI: File error
[UID:3885][2412153] Child process with pid: 2781076 was killed by signal: 15, core dumped: no
[UID:3885][2412153] Child process with pid: 2792970 was killed by signal: 15, core dumped: no
OSError: LSAPI: File error
Not Found: /robots.txt
Not Found: /robots.txt
Error processing Product image: 'ascii' codec can't encode character '\u274c' in position 0: ordinal not in range(128)
Error processing Product image: 'ascii' codec can't encode character '\u274c' in position 0: ordinal not in range(128)
Error processing Product extra image: 'ascii' codec can't encode character '\u274c' in position 0: ordinal not in range(128)
Error processing Product extra image: 'ascii' codec can't encode character '\u274c' in position 0: ordinal not in range(128)
Not Found: /robots.txt
Not Found: /robots.txt
Not Found: /robots.txt
Not Found: /wp-login.php
Not Found: /robots.txt
Not Found: /robots.txt
Not Found: /robots.txt
OSError: LSAPI: File error
OSError: LSAPI: File error
OSError: LSAPI: File error
[UID:3885][4066822] Child process with pid: 4096262 was killed by signal: 15, core dumped: no
[UID:3885][4066822] Child process with pid: 4091082 was killed by signal: 15, core dumped: no
OSError: LSAPI: File error
OSError: LSAPI: File error
Not Found: /robots.txt
Not Found: /robots.txt
Not Found: /robots.txt
Not Found: /robots.txt
Not Found: /robots.txt
Not Found: /robots.txt
Not Found: /robots.txt
Not Found: /robots.txt
Not Found: /wordpress
Not Found: /detail/single-pole-breaker-schneider/
Not Found: /Wordpress
Not Found: /WORDPRESS
Not Found: /WordPress
Not Found: /wp
Not Found: /Wp
Not Found: /WP
Not Found: /old
Not Found: /Old
Not Found: /OLD
Not Found: /oldsite
Not Found: /new
Not Found: /New
Not Found: /NEW
Not Found: /wp-old
Not Found: /2022
Not Found: /2023
Not Found: /2024
Not Found: /2017
Not Found: /2020
Not Found: /2019
Not Found: /2018
Not Found: /backup
Not Found: /test
Not Found: /Test
Not Found: /TEST
Not Found: /demo
Not Found: /bc
Not Found: /www
Not Found: /WWW
Not Found: /Www
Not Found: /2021
Not Found: /main
Not Found: /old-site
Not Found: /bk
Not Found: /Backup
Not Found: /robots.txt
Not Found: /BACKUP
Not Found: /SHOP
Not Found: /Shop
Not Found: /shop
Not Found: /bak
Not Found: /sitio
Not Found: /bac
Not Found: /sito
Not Found: /site
Not Found: /Site
Not Found: /SITE
Not Found: /blog
Not Found: /BLOG
Not Found: /Blog
Not Found: /robots.txt
Not Found: /robots.txt
Not Found: /robots.txt
Not Found: /robots.txt
Not Found: /detail/esp32/
Not Found: /detail/esp32/
Not Found: /detail/hamza-yaseen/
Not Found: /robots.txt
Not Found: /detail/hamza-yaseen/
Not Found: /robots.txt
Not Found: /favicon.ico
Not Found: /robots.txt
Not Found: /robots.txt
Not Found: /robots.txt
Not Found: /robots.txt
Not Found: /robots.txt
Not Found: /robots.txt
Not Found: /favicon.ico
Not Found: /favicon.ico
Not Found: /robots.txt
Not Found: /robots.txt
Method Not Allowed (GET): /add-to-cart/
Not Found: /favicon.ico
Not Found: /robots.txt
Not Found: /robots.txt
Not Found: /robots.txt
Not Found: /robots.txt
Not Found: /robots.txt
Method Not Allowed (GET): /submit-review/30/
Method Not Allowed (GET): /submit-review/23/
Not Found: /robots.txt
Not Found: /robots.txt
Method Not Allowed (GET): /submit-review/26/
Method Not Allowed (GET): /submit-review/27/
Method Not Allowed (GET): /submit-review/20/
Not Found: /favicon.ico
Not Found: /favicon.ico
Method Not Allowed (GET): /submit-review/25/
Not Found: /favicon.ico
Method Not Allowed (GET): /submit-review/29/
Not Found: /favicon.ico
Error processing Product image: 'ascii' codec can't encode character '\u274c' in position 0: ordinal not in range(128)
Error processing Product image: 'ascii' codec can't encode character '\u274c' in position 0: ordinal not in range(128)
Error processing Product image: 'ascii' codec can't encode character '\u274c' in position 0: ordinal not in range(128)
Error processing Product image: 'ascii' codec can't encode character '\u274c' in position 0: ordinal not in range(128)
Error processing Product image: 'ascii' codec can't encode character '\u274c' in position 0: ordinal not in range(128)
Error processing Product image: 'ascii' codec can't encode character '\u274c' in position 0: ordinal not in range(128)
Error processing Product image: 'ascii' codec can't encode character '\u274c' in position 0: ordinal not in range(128)
Error processing Product image: 'ascii' codec can't encode character '\u274c' in position 0: ordinal not in range(128)
Error processing Product image: 'ascii' codec can't encode character '\u274c' in position 0: ordinal not in range(128)
Error processing Product image: 'ascii' codec can't encode character '\u274c' in position 0: ordinal not in range(128)
Error processing Product image: 'ascii' codec can't encode character '\u274c' in position 0: ordinal not in range(128)
Method Not Allowed (GET): /submit-review/28/
Not Found: /robots.txt
Method Not Allowed (GET): /place-order/
Method Not Allowed (GET): /submit-review/24/
Method Not Allowed (GET): /submit-review/22/
Not Found: /robots.txt
Method Not Allowed (GET): /submit-review/21/
Not Found: /robots.txt
Method Not Allowed (GET): /submit-review/19/
Not Found: /robots.txt
Not Found: /robots.txt
Not Found: /.well-known/security.txt
Not Found: /robots.txt
Not Found: /robots.txt
Not Found: /robots.txt
Not Found: /detail/hamza/
Not Found: /robots.txt
Not Found: /robots.txt
Not Found: /robots.txt
OSError: LSAPI: File error
[UID:3885][428975] Child process with pid: 507451 was killed by signal: 15, core dumped: no
OSError: LSAPI: File error
OSError: LSAPI: File error
OSError: LSAPI: File error
[UID:3885][428975] Child process with pid: 507449 was killed by signal: 15, core dumped: no
[UID:3885][428975] Child process with pid: 507452 was killed by signal: 15, core dumped: no
[UID:3885][428975] Child process with pid: 510770 was killed by signal: 15, core dumped: no
OSError: LSAPI: File error
OSError: LSAPI: File error
OSError: LSAPI: File error
Not Found: /robots.txt
Not Found: /robots.txt
Not Found: /robots.txt
Not Found: /favicon.ico
Not Found: /favicon.ico
Not Found: /robots.txt
Not Found: /detail/esp32/
Not Found: /robots.txt
Not Found: /robots.txt
Not Found: /robots.txt
Method Not Allowed (GET): /place-order/
Method Not Allowed (GET): /add-to-cart/
Not Found: /robots.txt
OSError: LSAPI: File error
Not Found: /robots.txt
Not Found: /robots.txt
Not Found: /robots.txt
Not Found: /robots.txt
Not Found: /wp-login.php
Not Found: /robots.txt
Not Found: /robots.txt
Not Found: /robots.txt
OSError: LSAPI: File error
[UID:3885][2557022] Child process with pid: 2560633 was killed by signal: 15, core dumped: no
[UID:3885][65705] Child process with pid: 67862 was killed by signal: 15, core dumped: no
[UID:3885][65705] Child process with pid: 67861 was killed by signal: 15, core dumped: no
Not Found: /robots.txt
Not Found: /robots.txt
Not Found: /detail/esp32/
Not Found: /robots.txt
Not Found: /favicon.ico
Not Found: /favicon.ico
Not Found: /favicon.ico
Not Found: /favicon.ico
Not Found: /robots.txt
Not Found: /robots.txt
Not Found: /robots.txt
Not Found: /robots.txt
OSError: LSAPI: File error
OSError: LSAPI: File error
OSError: LSAPI: File error
[UID:3885][4179033] Child process with pid: 4183482 was killed by signal: 15, core dumped: no
[UID:3885][4179033] Child process with pid: 4183978 was killed by signal: 15, core dumped: no
[UID:3885][4179033] Child process with pid: 4183979 was killed by signal: 15, core dumped: no
OSError: LSAPI: File error
OSError: LSAPI: File error
OSError: LSAPI: File error
OSError: LSAPI: File error
OSError: LSAPI: File error
OSError: LSAPI: File error
[UID:3885][4179033] Child process with pid: 4187254 was killed by signal: 15, core dumped: no
OSError: LSAPI: File error
OSError: LSAPI: File error
OSError: LSAPI: File error
OSError: LSAPI: File error
Not Found: /robots.txt
Not Found: /robots.txt
Not Found: /detail/facerecognis/
Not Found: /robots.txt
Not Found: /robots.txt
Not Found: /.well-known/traffic-advice
Not Found: /.well-known/assetlinks.json
Not Found: /robots.txt
Not Found: /robots.txt
[UID:3885][127057] Child process with pid: 127078 was killed by signal: 15, core dumped: no
[UID:3885][127057] Reached max children process limit: 6, extra: 2, current: 8, busy: 7, please increase LSAPI_CHILDREN.
[UID:3885][127057] Child process with pid: 127077 was killed by signal: 15, core dumped: no
[UID:3885][127057] Child process with pid: 127066 was killed by signal: 15, core dumped: no
[UID:3885][127057] Child process with pid: 127519 was killed by signal: 15, core dumped: no
[UID:3885][127057] Child process with pid: 127570 was killed by signal: 15, core dumped: no
[UID:3885][127057] Child process with pid: 127571 was killed by signal: 15, core dumped: no
[UID:3885][127057] Child process with pid: 134107 was killed by signal: 15, core dumped: no
Not Found: /robots.txt
Not Found: /.well-known/traffic-advice
Not Found: /robots.txt
Not Found: /robots.txt
Not Found: /robots.txt
Not Found: /robots.txt
Not Found: /robots.txt
Not Found: /robots.txt
Not Found: /robots.txt
Not Found: /robots.txt
Not Found: /robots.txt
Not Found: /robots.txt
Not Found: /robots.txt
Not Found: /robots.txt
Not Found: /robots.txt
Not Found: /robots.txt
Not Found: /robots.txt
Not Found: /robots.txt
Not Found: /robots.txt
Not Found: /robots.txt
Not Found: /detail/hamza-yaseen/
Not Found: /robots.txt
Not Found: /robots.txt
Not Found: /robots.txt
Not Found: /robots.txt
Not Found: /robots.txt
Not Found: /robots.txt
Not Found: /wp-admin/
Not Found: /wp-content/plugins/hellopress/wp_filemanager.php
Not Found: /orm.php
Not Found: /gmo.php
Not Found: /akcc.php
Not Found: /nx.php
Not Found: /php.php
Not Found: /sx21_1.php
Not Found: /bluejackets.php
Not Found: /file17.php
Not Found: /pop.php
Not Found: /nx9.php
Not Found: /kwm4.php
Not Found: /ea3f.php
Not Found: /akp.php
Not Found: /xp.php
Not Found: /cwsd.php
Not Found: /1aa.php
Not Found: /litanies.php
Not Found: /asasx.php
Not Found: /just2.php
Not Found: /classwithtostring.php
Not Found: /j.php
Not Found: /g.php
Not Found: /ex.php
Not Found: /1.php
Not Found: /s.php
Not Found: /sx21_1.php
Not Found: /let.php
Not Found: /akcc.php
Not Found: /amphicyon.php
Not Found: /k.php
Not Found: /sec.php
Not Found: /xp.php
Not Found: /ext.php
Not Found: /robots.txt
Not Found: /robots.txt
Not Found: /robots.txt
Not Found: /robots.txt
Not Found: /robots.txt
Not Found: /robots.txt
Not Found: /robots.txt
Not Found: /robots.txt
Not Found: /robots.txt
Not Found: /robots.txt
Not Found: /robots.txt
Not Found: /favicon.ico
Not Found: /favicon.ico
Not Found: /robots.txt
Not Found: /robots.txt
Not Found: /wp-content/plugins/hellopress/wp_filemanager.php
Not Found: /wsd.php
Not Found: /orm.php
Not Found: /gmo.php
Not Found: /akcc.php
Not Found: /nx.php
Not Found: /php.php
Not Found: /sx21_1.php
Not Found: /bluejackets.php
Not Found: /file17.php
Not Found: /pop.php
Not Found: /nx9.php
Not Found: /kwm4.php
Not Found: /ea3f.php
Not Found: /akp.php
Not Found: /xp.php
Not Found: /cwsd.php
Not Found: /1aa.php
Not Found: /litanies.php
Not Found: /asasx.php
Not Found: /just2.php
Not Found: /classwithtostring.php
Not Found: /j.php
Not Found: /g.php
Not Found: /ex.php
Not Found: /1.php
Not Found: /s.php
Not Found: /sx21_1.php
Not Found: /let.php
Not Found: /akcc.php
Not Found: /amphicyon.php
Not Found: /k.php
Not Found: /sec.php
Not Found: /xp.php
Not Found: /ext.php
Not Found: /robots.txt
Not Found: /robots.txt
Not Found: /favicon.ico
Not Found: /robots.txt
Not Found: /robots.txt
Not Found: /robots.txt
Not Found: /robots.txt
Not Found: /robots.txt
Not Found: /detail/hamza-yaseen/
Not Found: /favicon.ico
Not Found: /favicon.ico
Not Found: /favicon.ico
OSError: LSAPI: File error
OSError: LSAPI: File error
[UID:3885][1235218] Child process with pid: 1259845 was killed by signal: 15, core dumped: no
[UID:3885][1235218] Child process with pid: 1259846 was killed by signal: 15, core dumped: no
Not Found: /robots.txt
Not Found: /robots.txt
[UID:3885][1783091] Child process with pid: 1788175 was killed by signal: 15, core dumped: no
Not Found: /favicon.ico
Not Found: /robots.txt
Not Found: /robots.txt
Not Found: /favicon.ico
Not Found: /favicon.ico
OSError: LSAPI: File error
OSError: LSAPI: File error
[UID:3885][2484319] Child process with pid: 2502129 was killed by signal: 15, core dumped: no
[UID:3885][2484319] Child process with pid: 2502131 was killed by signal: 15, core dumped: no
OSError: LSAPI: File error
OSError: LSAPI: File error
OSError: LSAPI: File error
Not Found: /.well-known/traffic-advice
OSError: LSAPI: File error
OSError: LSAPI: File error
[UID:3885][3860409] Child process with pid: 3860654 was killed by signal: 15, core dumped: no
[UID:3885][3860409] Child process with pid: 3869776 was killed by signal: 15, core dumped: no
Not Found: /robots.txt
Not Found: /robots.txt
Not Found: /robots.txt
Not Found: /detail/goodman/
Not Found: /robots.txt
Not Found: /robots.txt
Not Found: /robots.txt
Not Found: /robots.txt
[UID:3885][1749985] Child process with pid: 1750151 was killed by signal: 15, core dumped: no
Not Found: /detail/eldcdsffsdafds/
Not Found: /robots.txt
Not Found: /robots.txt
[UID:3885][2301778] Child process with pid: 2301826 was killed by signal: 15, core dumped: no
Not Found: /robots.txt
Not Found: /favicon.ico
[UID:3885][2588343] Child process with pid: 2724321 was killed by signal: 15, core dumped: no
OSError: LSAPI: File error
[UID:3885][2588343] Child process with pid: 2724323 was killed by signal: 15, core dumped: no
[UID:3885][2588343] Child process with pid: 2724320 was killed by signal: 15, core dumped: no
[UID:3885][2588343] Child process with pid: 2724322 was killed by signal: 15, core dumped: no
[UID:3885][2588343] Child process with pid: 2725263 was killed by signal: 15, core dumped: no
Not Found: /favicon.ico
Not Found: /favicon.ico
Not Found: /favicon.ico
Not Found: /favicon.ico
Not Found: /favicon.ico
Not Found: /favicon.ico
Not Found: /favicon.ico
Error processing Product image: 'ascii' codec can't encode character '\u274c' in position 0: ordinal not in range(128)
Error processing Product extra image: 'ascii' codec can't encode character '\u274c' in position 0: ordinal not in range(128)
[UID:3885][3351041] Child process with pid: 3351246 was killed by signal: 15, core dumped: no
OSError: LSAPI: File error
OSError: LSAPI: File error
OSError: LSAPI: File error
OSError: LSAPI: File error
Not Found: /robots.txt
Not Found: /robots.txt
Not Found: /wordpress/
Not Found: /favicon.ico
Method Not Allowed (GET): /submit-review/31/
Not Found: /robots.txt
Not Found: /detail/fruitvison/
Not Found: /robots.txt
Not Found: /robots.txt
Not Found: /robots.txt
Not Found: /robots.txt
Not Found: /robots.txt
Not Found: /detail/
Not Found: /robots.txt
Not Found: /robots.txt
Not Found: /robots.txt
Not Found: /robots.txt
Not Found: /favicon.ico
Not Found: /favicon.ico
Not Found: /robots.txt
Not Found: /robots.txt
Forbidden (CSRF token from POST incorrect.): /login/
Not Found: /favicon.ico
Not Found: /robots.txt
Not Found: /robots.txt
Not Found: /robots.txt
Not Found: /robots.txt
Not Found: /robots.txt
Not Found: /detail/
Not Found: /favicon.ico
Not Found: /robots.txt
Not Found: /detail/
Not Found: /favicon.ico
Not Found: /favicon.ico
Not Found: /favicon.ico
Not Found: /favicon.ico
Not Found: /favicon.ico
Not Found: /favicon.ico
Not Found: /favicon.ico
Not Found: /favicon.ico
Error processing Product image: 'ascii' codec can't encode character '\u274c' in position 0: ordinal not in range(128)
Error processing Product extra image: 'ascii' codec can't encode character '\u274c' in position 0: ordinal not in range(128)
Not Found: /favicon.ico
Error processing Product extra image: 'ascii' codec can't encode character '\u274c' in position 0: ordinal not in range(128)
Not Found: /favicon.ico
Not Found: /favicon.ico
Error processing Product extra image: 'ascii' codec can't encode character '\u274c' in position 0: ordinal not in range(128)
Not Found: /favicon.ico
Error processing Product image: 'ascii' codec can't encode character '\u274c' in position 0: ordinal not in range(128)
OSError: LSAPI: File error
[UID:3885][2620747] Child process with pid: 2854124 was killed by signal: 15, core dumped: no
OSError: LSAPI: File error
[UID:3885][2620747] Child process with pid: 2854129 was killed by signal: 15, core dumped: no
[UID:3885][2620747] Child process with pid: 2855438 was killed by signal: 15, core dumped: no
Not Found: /favicon.ico
Not Found: /favicon.ico
Error processing Product extra image: 'ascii' codec can't encode character '\u274c' in position 0: ordinal not in range(128)
Error processing Product extra image: 'ascii' codec can't encode character '\u274c' in position 0: ordinal not in range(128)
Error processing Product extra image: 'ascii' codec can't encode character '\u274c' in position 0: ordinal not in range(128)
Error processing Product extra image: 'ascii' codec can't encode character '\u274c' in position 0: ordinal not in range(128)
Error processing Product image: 'ascii' codec can't encode character '\u274c' in position 0: ordinal not in range(128)
Error processing Product extra image: 'ascii' codec can't encode character '\u274c' in position 0: ordinal not in range(128)
Error processing Product extra image: 'ascii' codec can't encode character '\u274c' in position 0: ordinal not in range(128)
Error processing Product extra image: 'ascii' codec can't encode character '\u274c' in position 0: ordinal not in range(128)
Not Found: /robots.txt
Not Found: /robots.txt
Not Found: /detail/sign-language1/
Not Found: /robots.txt
Not Found: /robots.txt
Not Found: /robots.txt
Not Found: /robots.txt
Not Found: /robots.txt
Method Not Allowed (GET): /submit-review/34/
Method Not Allowed (GET): /submit-review/33/
Method Not Allowed (GET): /submit-review/32/
Not Found: /robots.txt
Not Found: /robots.txt
Not Found: /.well-known/security.txt
Not Found: /favicon.ico
Not Found: /robots.txt
Not Found: /robots.txt
Not Found: /robots.txt
Not Found: /robots.txt
Not Found: /robots.txt
Not Found: /robots.txt
Not Found: /detail/eldcdsffsdafds/
Not Found: /robots.txt
Not Found: /detail/goodman/
Not Found: /robots.txt
Not Found: /.well-known/traffic-advice
Not Found: /robots.txt
Not Found: /robots.txt
Not Found: /robots.txt
Not Found: /robots.txt
Not Found: /robots.txt
Not Found: /favicon.ico
Not Found: /robots.txt
Not Found: /robots.txt
Not Found: /robots.txt
Not Found: /robots.txt
Not Found: /robots.txt
Not Found: /robots.txt
Not Found: /robots.txt
Not Found: /robots.txt
Not Found: /robots.txt
Not Found: /robots.txt
Not Found: /robots.txt
Not Found: /robots.txt
Not Found: /sitemap.xml
Not Found: /llms.txt
Not Found: /humans.txt
Not Found: /ads.txt
Not Found: /security.txt
Not Found: /.well-known/security.txt
Not Found: /robots.txt
Not Found: /robots.txt
Not Found: /robots.txt
Not Found: /robots.txt
Not Found: /robots.txt
Not Found: /robots.txt
Not Found: /robots.txt
Not Found: /robots.txt
Not Found: /robots.txt
Not Found: /robots.txt
Not Found: /robots.txt
Not Found: /robots.txt
Not Found: /robots.txt
Not Found: /robots.txt
Not Found: /robots.txt
Not Found: /media/system/js/core.js
Not Found: /wp-includes/js/jquery/jquery.js
Not Found: /media/system/js/core.js
Not Found: /wp-includes/js/jquery/jquery.js
Not Found: /robots.txt
Not Found: /robots.txt
Not Found: /detail/sign-language1/
Not Found: /detail/fruitvison/
Not Found: /detail/farooq342/
Not Found: /media/system/js/core.js
Not Found: /wp-includes/js/jquery/jquery.js
Not Found: /robots.txt
Not Found: /robots.txt
Not Found: /robots.txt
Not Found: /robots.txt
Not Found: /app/
Not Found: /app/
Not Found: /app/
Not Found: /robots.txt
Not Found: /favicon.ico
Not Found: /robots.txt
Not Found: /robots.txt
Not Found: /robots.txt
Not Found: /robots.txt
Not Found: /robots.txt
Not Found: /robots.txt
Not Found: /robots.txt
Not Found: /robots.txt
Not Found: /robots.txt
Not Found: /robots.txt
Not Found: /robots.txt
Not Found: /robots.txt
Not Found: /robots.txt
Not Found: /robots.txt
Not Found: /robots.txt
Not Found: /robots.txt
Not Found: /robots.txt
Not Found: /robots.txt
Not Found: /robots.txt
Not Found: /robots.txt
Not Found: /robots.txt
Not Found: /robots.txt
Not Found: /robots.txt
Not Found: /robots.txt
Not Found: /robots.txt
Not Found: /robots.txt
Not Found: /robots.txt
Not Found: /robots.txt
Not Found: /robots.txt
Not Found: /robots.txt
Not Found: /robots.txt
[UID:3885][1961180] Child process with pid: 1961242 was killed by signal: 15, core dumped: no
[UID:3885][1961180] Child process with pid: 1970075 was killed by signal: 15, core dumped: no
OSError: LSAPI: File error
[UID:3885][1961180] Child process with pid: 1970093 was killed by signal: 15, core dumped: no
OSError: LSAPI: File error
OSError: LSAPI: File error
OSError: LSAPI: File error
OSError: LSAPI: File error
OSError: LSAPI: File error
OSError: LSAPI: File error
[UID:3885][1961180] Child process with pid: 2023774 was killed by signal: 15, core dumped: no
OSError: LSAPI: File error
OSError: LSAPI: File error
[UID:3885][1961180] Child process with pid: 2028925 was killed by signal: 15, core dumped: no
OSError: LSAPI: File error
Not Found: /robots.txt
Not Found: /robots.txt
Not Found: /detail/sign-language/
Not Found: /robots.txt
Not Found: /robots.txt
Not Found: /robots.txt
Not Found: /robots.txt
Not Found: /robots.txt
Not Found: /robots.txt
Not Found: /robots.txt
Not Found: /robots.txt
OSError: LSAPI: File error
[UID:3885][3122583] Child process with pid: 3125348 was killed by signal: 15, core dumped: no
[UID:3885][3122583] Child process with pid: 3123749 was killed by signal: 15, core dumped: no
[UID:3885][3122583] Reached max children process limit: 6, extra: 2, current: 8, busy: 7, please increase LSAPI_CHILDREN.
OSError: LSAPI: File error
[UID:3885][3122583] Child process with pid: 3132945 was killed by signal: 15, core dumped: no
[UID:3885][3122583] Child process with pid: 3132946 was killed by signal: 15, core dumped: no
[UID:3885][3122583] Child process with pid: 3132947 was killed by signal: 15, core dumped: no
OSError: LSAPI: File error
[UID:3885][3122583] Child process with pid: 3122598 was killed by signal: 15, core dumped: no
OSError: LSAPI: File error
[UID:3885][3122583] Child process with pid: 3154027 was killed by signal: 15, core dumped: no
OSError: LSAPI: File error
OSError: LSAPI: File error
[UID:3885][3122583] Child process with pid: 3161913 was killed by signal: 15, core dumped: no
[UID:3885][3122583] Child process with pid: 3154108 was killed by signal: 15, core dumped: no
[UID:3885][3122583] Child process with pid: 3154107 was killed by signal: 15, core dumped: no
OSError: LSAPI: File error
Not Found: /favicon.ico
[UID:3885][3464542] Child process with pid: 3541461 was killed by signal: 15, core dumped: no
OSError: LSAPI: File error
OSError: LSAPI: File error
OSError: LSAPI: File error
Not Found: /robots.txt
Not Found: /robots.txt
Not Found: /admin.php
Not Found: /wp-includes/customize/
Not Found: /wp-includes/blocks/shortcode/
Not Found: /wp-includes/js/crop/
Not Found: /wp-content/languages/
Not Found: /wp-includes/css/dist/list-reusable-blocks/
Not Found: /wp-includes/Requests/src/Auth/
Not Found: /wp-admin/css/colors/midnight/
Not Found: /robots.txt
Not Found: /robots.txt
Not Found: /robots.txt
Not Found: /robots.txt
Not Found: /robots.txt
Not Found: /sitemap.xml
Not Found: /llms.txt
Not Found: /humans.txt
Not Found: /ads.txt
Not Found: /security.txt
Not Found: /.well-known/security.txt
Not Found: /robots.txt
Not Found: /sitemap.xml
Not Found: /sitemap_index.xml
Not Found: /sitemap
Not Found: /robots.txt
Not Found: /robots.txt
Not Found: /robots.txt
Not Found: /robots.txt
Not Found: /robots.txt
Not Found: /robots.txt
Not Found: /robots.txt
Not Found: /robots.txt
Not Found: /app/
Not Found: /app/
Not Found: /.well-known/security.txt
Not Found: /robots.txt
Not Found: /app/
Not Found: /app/
Not Found: /app/
Not Found: /app/
Not Found: /detail/farooq342/
Not Found: /robots.txt
Not Found: /robots.txt
Not Found: /robots.txt
Not Found: /robots.txt
Not Found: /wp-login.php
Not Found: /robots.txt
Not Found: /robots.txt
Not Found: /robots.txt
Not Found: /robots.txt
Not Found: /detail/sign-language/
Not Found: /robots.txt
Not Found: /robots.txt
Not Found: /robots.txt
Not Found: /robots.txt
Not Found: /robots.txt
Not Found: /robots.txt
Not Found: /robots.txt
Not Found: /robots.txt
Not Found: /robots.txt
Not Found: /robots.txt
Not Found: /robots.txt
Not Found: /robots.txt
Not Found: /robots.txt
Not Found: /enhancecp
Not Found: /robots.txt
Not Found: /robots.txt
Not Found: /robots.txt
Not Found: /robots.txt
Not Found: /robots.txt
Not Found: /robots.txt
Not Found: /robots.txt
Not Found: /robots.txt
Not Found: /favicon.ico
Not Found: /https%3A/www.facebook.com/IsolPaki
Not Found: /%23
Not Found: /https%3A/wa.me/923104505008
Not Found: /https%3A/www.youtube.com/%40Isol_pk
Not Found: /home/%23faq
Not Found: /https%3A/www.isol.pk/
Not Found: /https%3A/www.facebook.com/IsolPaki
Not Found: /%23
Not Found: /https%3A/wa.me/923104505008
Not Found: /https%3A/www.youtube.com/%40Isol_pk
Not Found: /home/%23faq
Not Found: /https%3A/www.isol.pk/
Not Found: /favicon.ico
Not Found: /favicon.png
Not Found: /robots.txt
Not Found: /robots.txt
Not Found: /robots.txt
Not Found: /robots.txt
Not Found: /wordpress/
Not Found: /robots.txt
Not Found: /robots.txt
Not Found: /robots.txt
Not Found: /favicon.ico
Not Found: /favicon.ico
Not Found: /favicon.ico
Not Found: /robots.txt
Not Found: /robots.txt
Not Found: /favicon.ico
Not Found: /robots.txt
Not Found: /robots.txt
Not Found: /robots.txt
Not Found: /robots.txt
Not Found: /favicon.ico
Not Found: /robots.txt
Not Found: /wordpress/
Not Found: /wordpress/
Not Found: /wp-login.php
Not Found: /robots.txt
Not Found: /media/system/js/core.js
Not Found: /wp-includes/js/jquery/jquery.js
Not Found: /robots.txt
Not Found: /robots.txt
Not Found: /.well-known/traffic-advice
[UID:3885][2863372] Child process with pid: 2868178 was killed by signal: 15, core dumped: no
[UID:3885][2863372] Child process with pid: 2868837 was killed by signal: 15, core dumped: no
Not Found: /.well-known/traffic-advice
Not Found: /favicon.ico
Not Found: /robots.txt
Not Found: /robots.txt
Not Found: /robots.txt
Not Found: /robots.txt
Not Found: /robots.txt
Not Found: /robots.txt
Not Found: /robots.txt
Not Found: /robots.txt
Not Found: /robots.txt
Not Found: /robots.txt
Not Found: /robots.txt
Not Found: /robots.txt
Not Found: /favicon.ico
Not Found: /robots.txt
Not Found: /robots.txt
Not Found: /robots.txt
Not Found: /robots.txt
Not Found: /favicon.ico
Not Found: /robots.txt
Not Found: /robots.txt
Not Found: /robots.txt
Not Found: /robots.txt
Not Found: /robots.txt
[UID:3885][2594741] Child process with pid: 2595162 was killed by signal: 15, core dumped: no
[UID:3885][2594741] Child process with pid: 2594777 was killed by signal: 15, core dumped: no
[UID:3885][2594741] Child process with pid: 2594962 was killed by signal: 15, core dumped: no
[UID:3885][2594741] Child process with pid: 2594826 was killed by signal: 15, core dumped: no
Not Found: /robots.txt
Not Found: /detail/watch/
Not Found: /media/system/js/core.js
Not Found: /wp-includes/js/jquery/jquery.js
Not Found: /robots.txt
Not Found: /favicon.ico
Not Found: /robots.txt
Not Found: /wp-login.php
Not Found: /.well-known/traffic-advice
Not Found: /robots.txt
Not Found: /robots.txt
Not Found: /robots.txt
Not Found: /robots.txt
Not Found: /robots.txt
Not Found: /robots.txt
Not Found: /robots.txt
Not Found: /robots.txt
Not Found: /robots.txt
Not Found: /robots.txt
Not Found: /robots.txt
Not Found: /sitemap.xml
Not Found: /robots.txt
Not Found: /sitemap_index.xml
Not Found: /robots.txt
Not Found: /favicon.ico
Not Found: /SiteMap.aspx
Not Found: /favicon.ico
Not Found: /robots.txt
Not Found: /robots.txt
Not Found: /favicon.ico
OSError: LSAPI: File error
Not Found: /robots.txt
Not Found: /robots.txt
Not Found: /robots.txt
Not Found: /news-sitemap.xml
Not Found: /favicon.ico
Not Found: /robots.txt
Not Found: /robots.txt
Not Found: /cord.php
Not Found: /file2.php
Not Found: /shelp.php
Not Found: /133.php
Not Found: /wp-admin/admin-ajax.php
Not Found: /ahax.php
Not Found: /cord.php
Not Found: /file2.php
Not Found: /shelp.php
Not Found: /133.php
Not Found: /wp-admin/admin-ajax.php
Not Found: /ahax.php
Not Found: /robots.txt
Not Found: /robots.txt
Not Found: /robots.txt
Not Found: /robots.txt
Not Found: /robots.txt
Not Found: /favicon.ico
Not Found: /robots.txt
Not Found: /robots.txt
Not Found: /js
Not Found: /sitemap-index.xml
Not Found: /robots.txt
Not Found: /robots.txt
Not Found: /robots.txt
Not Found: /robots.txt
OSError: LSAPI: File error
OSError: LSAPI: File error
OSError: LSAPI: File error
Not Found: /sitemap.txt
Not Found: /robots.txt
Not Found: /robots.txt
Not Found: /robots.txt
Not Found: /robots.txt
Not Found: /robots.txt
Not Found: /robots.txt
Not Found: /robots.txt
Not Found: /robots.txt
Not Found: /robots.txt
Not Found: /robots.txt
Not Found: /robots.txt
Not Found: /robots.txt
Not Found: /robots.txt
Not Found: /robots.txt
Not Found: /news_sitemap.xml
Not Found: /robots.txt
Not Found: /wp-confiq.php
Not Found: /detail/watch/
Not Found: /media/system/js/core.js
Not Found: /wp-includes/js/jquery/jquery.js
Not Found: /robots.txt
Not Found: /sitemap.html
Not Found: /robots.txt
Not Found: /wp-admin/install.php
Not Found: /wp/wp-admin/install.php
Not Found: /new/wp-admin/install.php
Not Found: /old/wp-admin/install.php
Not Found: /wordpress/wp-admin/install.php
Not Found: /test/wp-admin/install.php
Not Found: /blog/wp-admin/install.php
Not Found: /cms/wp-admin/install.php
Not Found: /web/wp-admin/install.php
Not Found: /backup/wp-admin/install.php
Not Found: /site/wp-admin/install.php
Not Found: /oldsite/wp-admin/install.php
Not Found: /shop/wp-admin/install.php
Not Found: /robots.txt
Not Found: /robots.txt
Not Found: /robots.txt
Not Found: /sitemap.xml
Not Found: /llms.txt
Not Found: /humans.txt
Not Found: /ads.txt
Not Found: /security.txt
Not Found: /.well-known/security.txt
Not Found: /robots.txt
Not Found: /robots.txt
Not Found: /robots.txt
Not Found: /robots.txt
Not Found: /robots.txt
Not Found: /robots.txt
Not Found: /robots.txt
Not Found: /robots.txt
Not Found: /robots.txt
Not Found: /robots.txt
Not Found: /news-sitemap.xml
Not Found: /sitemap-index.xml
Not Found: /SiteMap.aspx
Not Found: /sitemap.xml
Not Found: /sitemap_index.xml
Not Found: /sitemap.txt
Not Found: /robots.txt
OSError: LSAPI: File error
OSError: LSAPI: File error
OSError: LSAPI: File error
[UID:3885][1966803] Child process with pid: 2091109 was killed by signal: 15, core dumped: no
[UID:3885][1966803] Child process with pid: 2091110 was killed by signal: 15, core dumped: no
Not Found: /.well-known/traffic-advice
Not Found: /.well-known/traffic-advice
Not Found: /robots.txt
Not Found: /robots.txt
Not Found: /robots.txt
Not Found: /sitemap.html
Not Found: /news_sitemap.xml
Not Found: /robots.txt
Not Found: /robots.txt
Not Found: /favicon.ico
Not Found: /robots.txt
Not Found: /robots.txt
Not Found: /robots.txt
Not Found: /js
Not Found: /robots.txt
Not Found: /robots.txt
Not Found: /robots.txt
Not Found: /robots.txt
Not Found: /robots.txt
Not Found: /robots.txt
Not Found: /robots.txt
Method Not Allowed (GET): /submit-review/27/
Not Found: /robots.txt
Not Found: /robots.txt
Method Not Allowed (GET): /submit-review/21/
Not Found: /sitemap.txt
Not Found: /sitemap-index.xml
Not Found: /sitemap_index.xml
Not Found: /sitemap.html
Not Found: /sitemap.xml
Not Found: /news_sitemap.xml
Not Found: /SiteMap.aspx
Not Found: /news-sitemap.xml
Not Found: /robots.txt
Not Found: /robots.txt
Not Found: /robots.txt
Not Found: /robots.txt
Not Found: /robots.txt
Not Found: /wp-login.php
Not Found: /robots.txt
Not Found: /robots.txt
Not Found: /robots.txt
Not Found: /robots.txt
Not Found: /robots.txt
Not Found: /robots.txt
Not Found: /robots.txt
Not Found: /robots.txt
Not Found: /robots.txt
Not Found: /robots.txt
Method Not Allowed (GET): /submit-review/22/
Not Found: /SiteMap.aspx
Not Found: /sitemap-index.xml
Not Found: /sitemap_index.xml
Not Found: /sitemap.txt
Not Found: /news-sitemap.xml
Not Found: /sitemap.html
Not Found: /sitemap.xml
Not Found: /news_sitemap.xml
Not Found: /robots.txt
Not Found: /robots.txt
Method Not Allowed (GET): /submit-review/22/
Not Found: /robots.txt
Not Found: /adminer.php/adminer.php
Not Found: /robots.txt
Not Found: /robots.txt
Not Found: /robots.txt
Not Found: /robots.txt
Not Found: /favicon.ico
Not Found: /favicon.ico
Not Found: /favicon.ico
Not Found: /favicon.ico
Not Found: /favicon.ico
Not Found: /robots.txt
Not Found: /robots.txt
Not Found: /favicon.ico
Not Found: /favicon.ico
Not Found: /favicon.ico
Not Found: /favicon.ico
Not Found: /favicon.ico
Not Found: /favicon.ico
OSError: LSAPI: File error
[UID:3885][2630165] Child process with pid: 2792653 was killed by signal: 15, core dumped: no
[UID:3885][2630165] Child process with pid: 2793714 was killed by signal: 15, core dumped: no
[UID:3885][2630165] Child process with pid: 2793708 was killed by signal: 15, core dumped: no
Error processing Product image: 'ascii' codec can't encode character '\u274c' in position 0: ordinal not in range(128)
Error processing Product image: 'ascii' codec can't encode character '\u274c' in position 0: ordinal not in range(128)
Not Found: /favicon.ico
Not Found: /favicon.ico
Not Found: /favicon.ico
Not Found: /favicon.ico
Not Found: /favicon.ico
Not Found: /favicon.ico
Error processing Product image: 'ascii' codec can't encode character '\u274c' in position 0: ordinal not in range(128)
Not Found: /favicon.ico
Not Found: /favicon.ico
Error processing Product image: 'ascii' codec can't encode character '\u274c' in position 0: ordinal not in range(128)
Not Found: /favicon.ico
Not Found: /favicon.ico
Error processing Product image: 'ascii' codec can't encode character '\u274c' in position 0: ordinal not in range(128)
Not Found: /robots.txt
Not Found: /robots.txt
Not Found: /favicon.ico
Not Found: /favicon.ico
Error processing Product image: 'ascii' codec can't encode character '\u274c' in position 0: ordinal not in range(128)
Not Found: /favicon.ico
Not Found: /favicon.ico
Not Found: /favicon.ico
Not Found: /favicon.ico
Not Found: /favicon.ico
Not Found: /favicon.ico
Error processing Product image: 'ascii' codec can't encode character '\u274c' in position 0: ordinal not in range(128)
Error processing Product image: 'ascii' codec can't encode character '\u274c' in position 0: ordinal not in range(128)
[UID:3885][3452140] Child process with pid: 3636538 was killed by signal: 15, core dumped: no
OSError: LSAPI: File error
OSError: LSAPI: File error
OSError: LSAPI: File error
[UID:3885][3452140] Child process with pid: 3636539 was killed by signal: 15, core dumped: no
[UID:3885][3452140] Child process with pid: 3637148 was killed by signal: 15, core dumped: no
Error processing Product image: 'ascii' codec can't encode character '\u274c' in position 0: ordinal not in range(128)
Not Found: /robots.txt
Not Found: /robots.txt
Not Found: /.well-known/traffic-advice
Not Found: /robots.txt
Not Found: /https%3A/www.facebook.com/IsolPaki
Not Found: /%23
Not Found: /https%3A/www.isol.pk/
Not Found: /https%3A/wa.me/923104505008
Not Found: /home/%23faq
Not Found: /https%3A/www.youtube.com/%40Isol_pk
Not Found: /favicon.ico
Not Found: /robots.txt
Not Found: /robots.txt
Not Found: /robots.txt
Method Not Allowed (GET): /submit-review/22/
Not Found: /sitemap.html
Not Found: /news-sitemap.xml
Not Found: /news_sitemap.xml
Not Found: /SiteMap.aspx
Not Found: /sitemap.xml
Not Found: /sitemap.txt
Not Found: /sitemap-index.xml
Not Found: /sitemap_index.xml
Not Found: /favicon.ico
Method Not Allowed (GET): /submit-review/22/
Not Found: /robots.txt
Method Not Allowed (GET): /submit-review/30/
Method Not Allowed (GET): /submit-review/23/
Not Found: /robots.txt
Not Found: /wp-login.php
Not Found: /robots.txt
Method Not Allowed (GET): /submit-review/22/
Not Found: /robots.txt
Not Found: /media/system/js/core.js
Not Found: /wp-includes/js/jquery/jquery.js
Method Not Allowed (GET): /submit-review/26/
Not Found: /favicon.ico
Method Not Allowed (GET): /submit-review/25/
Not Found: /robots.txt
Not Found: /robots.txt
Not Found: /robots.txt
[UID:3885][3533061] Child process with pid: 3533651 was killed by signal: 15, core dumped: no
[UID:3885][3533061] Child process with pid: 3533096 was killed by signal: 15, core dumped: no
[UID:3885][3533061] Child process with pid: 3533095 was killed by signal: 15, core dumped: no
[UID:3885][3533061] Child process with pid: 3533650 was killed by signal: 15, core dumped: no
[UID:3885][3533061] Child process with pid: 3533084 was killed by signal: 15, core dumped: no
Not Found: /robots.txt
Method Not Allowed (GET): /submit-review/22/
Not Found: /robots.txt
Not Found: /robots.txt
Method Not Allowed (GET): /submit-review/25/
Not Found: /robots.txt
Not Found: /robots.txt
Not Found: /favicon.ico
Not Found: /favicon.ico
Not Found: /favicon.ico
Not Found: /robots.txt
OSError: LSAPI: File error
OSError: LSAPI: File error
Not Found: /favicon.ico
Not Found: /favicon.ico
Not Found: /favicon.ico
Not Found: /favicon.ico
Not Found: /favicon.ico
Not Found: /favicon.ico
Not Found: /favicon.ico
Not Found: /favicon.ico
Not Found: /favicon.ico
Not Found: /favicon.ico
Not Found: /favicon.ico
Not Found: /favicon.ico
Not Found: /favicon.ico
Not Found: /favicon.ico
Not Found: /favicon.ico
Not Found: /favicon.ico
Not Found: /favicon.ico
Not Found: /favicon.ico
Not Found: /favicon.ico
Not Found: /favicon.ico
Not Found: /favicon.ico
Not Found: /favicon.ico
Not Found: /favicon.ico
Not Found: /favicon.ico
Not Found: /favicon.ico
Not Found: /favicon.ico
Not Found: /favicon.ico
Not Found: /favicon.ico
Not Found: /favicon.ico
Not Found: /favicon.ico
Error processing Product image: 'ascii' codec can't encode character '\u274c' in position 0: ordinal not in range(128)
Error processing Product image: 'ascii' codec can't encode character '\u274c' in position 0: ordinal not in range(128)
Error processing Product image: 'ascii' codec can't encode character '\u274c' in position 0: ordinal not in range(128)
Method Not Allowed (GET): /submit-review/29/
Not Found: /favicon.ico
Not Found: /robots.txt
Not Found: /robots.txt
Not Found: /robots.txt
Not Found: /robots.txt
Not Found: /robots.txt
Not Found: /robots.txt
Method Not Allowed (GET): /submit-review/25/
Method Not Allowed (GET): /submit-review/28/
Not Found: /robots.txt
Method Not Allowed (GET): /submit-review/25/
Method Not Allowed (GET): /submit-review/24/
Method Not Allowed (GET): /submit-review/19/
Not Found: /robots.txt
Method Not Allowed (GET): /submit-review/37/
Method Not Allowed (GET): /submit-review/36/
Method Not Allowed (GET): /submit-review/35/
Not Found: /robots.txt
Method Not Allowed (GET): /submit-review/40/
Method Not Allowed (GET): /submit-review/41/
Method Not Allowed (GET): /submit-review/38/
Not Found: /robots.txt
Not Found: /robots.txt
Not Found: /sitemap.xml
Not Found: /favicon.ico
Not Found: /favicon.ico
Not Found: /favicon.ico
Not Found: /favicon.ico
Not Found: /favicon.ico
Not Found: /favicon.ico
Not Found: /favicon.ico
Not Found: /favicon.ico
Not Found: /favicon.ico
Not Found: /favicon.ico
Not Found: /favicon.ico
Not Found: /favicon.ico
Not Found: /favicon.ico
Not Found: /favicon.ico
Not Found: /favicon.ico
Not Found: /favicon.ico
Not Found: /favicon.ico
Method Not Allowed (GET): /submit-review/41/
Method Not Allowed (GET): /submit-review/38/
Not Found: /robots.txt
Not Found: /robots.txt
Not Found: /robots.txt
Not Found: /.well-known/security.txt
Not Found: /robots.txt
Not Found: /robots.txt
Method Not Allowed (GET): /submit-review/41/
Not Found: /robots.txt
Not Found: /robots.txt
Not Found: /robots.txt
Not Found: /robots.txt
Not Found: /robots.txt
Not Found: /.well-known/security.txt
Not Found: /robots.txt
Method Not Allowed (GET): /submit-review/41/
Method Not Allowed (GET): /submit-review/38/
Not Found: /robots.txt
Not Found: /sitemap.xml
Not Found: /sitemap_index.xml
Not Found: /sitemap-index.xml
Not Found: /news_sitemap.xml
Not Found: /news-sitemap.xml
Not Found: /SiteMap.aspx
Not Found: /sitemap.txt
Not Found: /sitemap.html
Not Found: /robots.txt
Not Found: /robots.txt
Method Not Allowed (GET): /submit-review/41/
Method Not Allowed (GET): /submit-review/38/
Method Not Allowed (GET): /submit-review/39/
Not Found: /wp-login.php
Not Found: /robots.txt
Not Found: /favicon.ico
Not Found: /robots.txt
Not Found: /robots.txt
Not Found: /favicon.ico
Not Found: /robots.txt
Not Found: /robots.txt
Not Found: /robots.txt
Not Found: /robots.txt
Not Found: /robots.txt
Not Found: /robots.txt
Not Found: /robots.txt
Not Found: /robots.txt
Not Found: /robots.txt
Not Found: /robots.txt
Not Found: /robots.txt
Not Found: /robots.txt
Not Found: /robots.txt
Not Found: /robots.txt
Not Found: /robots.txt
Not Found: /robots.txt
Not Found: /robots.txt
Not Found: /robots.txt
Not Found: /robots.txt
Not Found: /robots.txt
Not Found: /robots.txt
[UID:3885][3021530] Child process with pid: 3021551 was killed by signal: 15, core dumped: no
[UID:3885][3021530] Child process with pid: 3021552 was killed by signal: 15, core dumped: no
[UID:3885][3021530] Child process with pid: 3021780 was killed by signal: 15, core dumped: no
[UID:3885][3021530] Child process with pid: 3021694 was killed by signal: 15, core dumped: no
Not Found: /robots.txt
Not Found: /robots.txt
Not Found: /robots.txt
Not Found: /robots.txt
Not Found: /robots.txt
Not Found: /robots.txt
Not Found: /robots.txt
Not Found: /robots.txt
Not Found: /robots.txt
Not Found: /robots.txt
Not Found: /robots.txt
Method Not Allowed (GET): /submit-review/20/
Not Found: /robots.txt
Not Found: /robots.txt
Not Found: /robots.txt
Not Found: /robots.txt
Not Found: /robots.txt
Not Found: /w/api.php
Not Found: /api.php
Not Found: /wiki/api.php
Not Found: /media/system/js/core.js
Not Found: /wp-includes/js/jquery/jquery.js
Not Found: /robots.txt
Not Found: /robots.txt
Not Found: /robots.txt
Not Found: /robots.txt
Not Found: /robots.txt
Not Found: /favicon.ico
Not Found: /robots.txt
Not Found: /robots.txt
Not Found: /favicon.ico
Not Found: /robots.txt
Not Found: /robots.txt
Not Found: /robots.txt
Not Found: /favicon.ico
Not Found: /robots.txt
Not Found: /robots.txt
Not Found: /robots.txt
Not Found: /robots.txt
Not Found: /w/api.php
Not Found: /robots.txt
Not Found: /robots.txt
Not Found: /robots.txt
Not Found: /SiteMap.aspx
Not Found: /news-sitemap.xml
Not Found: /news_sitemap.xml
Not Found: /sitemap.html
Not Found: /sitemap.xml
Not Found: /sitemap_index.xml
Not Found: /sitemap-index.xml
Not Found: /sitemap.txt
Not Found: /favicon.ico
Not Found: /api.php
Not Found: /wiki/api.php
Not Found: /favicon.ico
Not Found: /favicon.ico
Not Found: /favicon.ico
Not Found: /robots.txt
Not Found: /favicon.ico
Not Found: /favicon.ico
Error processing Product image: 'ascii' codec can't encode character '\u274c' in position 0: ordinal not in range(128)
Not Found: /favicon.ico
Not Found: /favicon.ico
Not Found: /favicon.ico
Not Found: /favicon.ico
Not Found: /favicon.ico
Not Found: /favicon.ico
Error processing Product image: 'ascii' codec can't encode character '\u274c' in position 0: ordinal not in range(128)
Error processing Product image: 'ascii' codec can't encode character '\u274c' in position 0: ordinal not in range(128)
Error processing Product image: 'ascii' codec can't encode character '\u274c' in position 0: ordinal not in range(128)
Not Found: /robots.txt
Not Found: /robots.txt
Not Found: /robots.txt
Not Found: /robots.txt
Not Found: /robots.txt
Not Found: /robots.txt
Not Found: /robots.txt
Not Found: /robots.txt
Not Found: /robots.txt
Not Found: /robots.txt
Not Found: /robots.txt
Not Found: /robots.txt
Not Found: /robots.txt
Not Found: /robots.txt
Not Found: /robots.txt
Not Found: /robots.txt
Not Found: /robots.txt
Not Found: /robots.txt
Not Found: /robots.txt
Not Found: /robots.txt
Not Found: /robots.txt
Not Found: /.env
Not Found: //wp-includes/wlwmanifest.xml
Not Found: //xmlrpc.php
Not Found: //blog/wp-includes/wlwmanifest.xml
Not Found: //web/wp-includes/wlwmanifest.xml
Not Found: //wordpress/wp-includes/wlwmanifest.xml
Not Found: //website/wp-includes/wlwmanifest.xml
Not Found: //wp/wp-includes/wlwmanifest.xml
Not Found: //news/wp-includes/wlwmanifest.xml
Not Found: //2018/wp-includes/wlwmanifest.xml
Not Found: //2019/wp-includes/wlwmanifest.xml
Not Found: //shop/wp-includes/wlwmanifest.xml
Not Found: //wp1/wp-includes/wlwmanifest.xml
Not Found: //test/wp-includes/wlwmanifest.xml
Not Found: //media/wp-includes/wlwmanifest.xml
Not Found: //wp2/wp-includes/wlwmanifest.xml
Not Found: //site/wp-includes/wlwmanifest.xml
Not Found: //cms/wp-includes/wlwmanifest.xml
Not Found: //sito/wp-includes/wlwmanifest.xml
Not Found: /robots.txt
Not Found: /robots.txt
Not Found: /sitemap.xml
Not Found: /sitemap_index.xml
Not Found: /sitemap.html
Not Found: /favicon.ico
Not Found: /robots.txt
Not Found: /robots.txt
Not Found: /robots.txt
Not Found: /robots.txt
Not Found: /.well-known/traffic-advice
Not Found: /.well-known/traffic-advice
Not Found: /contact.php
Not Found: /robots.txt
Not Found: /robots.txt
Not Found: /robots.txt
Not Found: /robots.txt
Not Found: /robots.txt
Not Found: /robots.txt
Not Found: /robots.txt
Not Found: /news_sitemap.xml
Not Found: /robots.txt
Not Found: /robots.txt
Not Found: /robots.txt
Not Found: /sitemap.txt
Not Found: /sitemap-index.xml
Not Found: /robots.txt
Not Found: //installer.php
Not Found: /robots.txt
Not Found: /robots.txt
Not Found: /sitemap.xml
Not Found: /robots.txt
Not Found: /sitemap.xml
Not Found: /robots.txt
Not Found: /robots.txt
Not Found: /robots.txt
Not Found: /robots.txt
Not Found: /robots.txt
Not Found: /robots.txt
Not Found: /sitemap.xml
Not Found: /robots.txt
Not Found: /robots.txt
Not Found: /robots.txt
Not Found: /robots.txt
Not Found: /robots.txt
Not Found: /robots.txt
Not Found: /favicon.ico
Not Found: /robots.txt
Not Found: /robots.txt
Not Found: /robots.txt
Not Found: /robots.txt
Not Found: /robots.txt
Not Found: /robots.txt
Not Found: /robots.txt
Not Found: /sitemap.html
Not Found: /robots.txt
Not Found: /robots.txt
Not Found: /robots.txt
Not Found: /robots.txt
Not Found: /robots.txt
Not Found: /robots.txt
Not Found: /sitemap.xml
Not Found: /wp-includes/ID3/index.php
Not Found: /wp-includes/fonts/
Not Found: /wp/wp-admin/includes/
Not Found: /wp-admin/admin-ajax.php
Not Found: /wp-admin/css/colors/modern/
Not Found: /wp-admin/js/about.php
Not Found: /wp-admin/network/
Not Found: /wp-includes/customize/
Not Found: /WSO.php
Not Found: /wp-includes/css/
Not Found: /templates/beez3/error.php
Not Found: /wp-admin/css/colors/blue/atomlib.php
Not Found: /wp-includes/ID3/autoload_classmap.php
Not Found: /wp-includes/css/dist/
Not Found: /wp-includes/images/crystal/
Not Found: /wp-admin/css/
Not Found: /wp-admin/wp-conflg.php
Not Found: /wp-includes/ID3/file.php
Not Found: /wp-includes/autoload_classmap.php
Not Found: /wp-content/cong.php
Not Found: /wp-includes/ID3/
Not Found: /wp-includes/images/media/
Not Found: /wp-admin/admin.php
Not Found: /wp-content/languages/chosen.php
Not Found: /wp-content/plugins/
Not Found: /wp-content/uploads/2024/index.php
Not Found: /goods.php
Not Found: /plugins/
Not Found: /wp-admin/js/widgets/index.php
Not Found: /wp-content/themes/wp-pridmag/init.php
Not Found: /cgi-bin/wp-2019.php
Not Found: /wp-admin/setup-config.php
Not Found: /wp-content/file.php
Not Found: /edit.php
Not Found: /file5.php
Not Found: /wp-includes/images/smilies/index.php
Not Found: /wp-admin/
Not Found: /wp-includes/
Not Found: /aa.php
Not Found: /wp-admin/css/colors/blue/index.php
Not Found: /wp-includes/blocks/
Not Found: /wp-content/index.php
Not Found: /wp-content/plugins/seoplugins/index.php
Not Found: /.well-known/
Not Found: /modules/file.php
Not Found: /wp-admin/css/colors/coffee/
Not Found: /wp-admin/css/colors/sunrise/
Not Found: /autoload_classmap.php
Not Found: /public/index.php
Not Found: /wp-admin/network/index.php
Not Found: /wp-content/uploads/2022/
Not Found: /wp-content/uploads/json.php
Not Found: /wp-includes/SimplePie/
Not Found: /wp-includes/customize/chosen.php
Not Found: /wp-includes/shell20211028.php
Not Found: /index/function.php
Not Found: /wp-admin/css/colors/midnight/
Not Found: /wp-content/style-css.php
Not Found: /wp-includes/Requests/
Not Found: /wp-includes/pomo/
Not Found: /file.php
Not Found: /wp-admin/css/colors/light/
Not Found: /wp-includes/certificates/
Not Found: /wp-admin/css/colors/index.php
Not Found: /wp-admin/css/colors/blue/about.php
Not Found: /wp-content/alfa.php
Not Found: /inputs.php
Not Found: /wp-admin/js/widgets/cloud.php
Not Found: /wp-content/about.php
Not Found: /1.php
Not Found: /wp-admin/images/index.php
Not Found: /wp-includes/block-supports/
Not Found: /wp-content/themes/twentytwenty/404.php
Not Found: /wp-content/upgrade/
Not Found: /wp-admin/images/cloud.php
Not Found: /wp-admin/user/
Not Found: /wp-admin/user/chosen.php
Not Found: /wp-content/admin.php
Not Found: /wp-includes/file.php
Not Found: /wp-includes/assets/index.php
Not Found: /wp-includes/images/smilies/about.php
Not Found: /wp-includes/sitemaps/providers/
Not Found: /wp-content/themes/
Not Found: /wp-includes/block-patterns/
Not Found: /aspera/faspex/
Not Found: /cgi-bin/
Not Found: /flower.php
Not Found: /wp-admin/js/
Not Found: /.well-known/gecko-litespeed.php
Not Found: /wp-admin/network/chosen.php
Not Found: /wp-content/plugins/hellopress/wp_filemanager.php
Not Found: /wp-content/uploads/
Not Found: /wp-includes/assets/admin.php
Not Found: /wp-includes/images/
Not Found: /.well-known/classwithtostring.php
Not Found: /anonse/lock360.php
Not Found: /cgi-bin/wp-login.php
Not Found: /wp-admin/css/colors/ectoplasm/wp-login.php
Not Found: /wp-content/themes/about.php
Not Found: /wp-content/uploads/2021/
Not Found: /wp-includes/html-api/
Not Found: /assets/images/doc.php
Not Found: /ioxi-o.php
Not Found: /radio.php
Not Found: /wp-admin/js/widgets/about.php
Not Found: /wp-admin/includes/cloud.php
Not Found: /wp-admin/includes/index.php
Not Found: /wp-admin/js/widgets/
Not Found: /wp-content/
Not Found: /admin.php
Not Found: /functions.php
Not Found: /modules/
Not Found: /wp-admin/css/colors/ocean/
Not Found: /ccx/index.php
Not Found: /robots.txt
Not Found: /robots.txt
Not Found: /SiteMap.aspx
Not Found: /robots.txt
Method Not Allowed (GET): /submit-review/29/
Not Found: /sitemap-index.xml
Not Found: /robots.txt
Not Found: /robots.txt
Not Found: /news_sitemap.xml
Not Found: /robots.txt
Not Found: /robots.txt
Not Found: /robots.txt
Not Found: /.well-known/security.txt
Not Found: /robots.txt
Not Found: /.well-known/security.txt
Not Found: /robots.txt
Not Found: /wp-content/
Not Found: /robots.txt
Not Found: /.env.dev
Not Found: /.env.prod
Not Found: /.env.staging
Not Found: /.env.local
Not Found: /.env
Not Found: /.env.development
Not Found: /.env.production
Not Found: /.env.test
Not Found: /.env~
Not Found: /.env.sample
Not Found: /.env.backup
Not Found: /.env.bak
Not Found: /.env.save
Not Found: /.env.old
Not Found: /.env.swp
Not Found: /.env.orig
Not Found: /.env.tmp
Not Found: /.env.dist
Not Found: /api/.env
Not Found: /api/.env.save
Not Found: /api/.env.bak
Not Found: /api/.env.old
Not Found: /app/.env.save
Not Found: /app/.env
Not Found: /config/.env
Not Found: /app/.env.bak
Not Found: /app/.env.old
Not Found: /config/.env.bak
Not Found: /config/.env.save
Not Found: /src/.env
Not Found: /config/.env.old
Not Found: /src/.env.save
Not Found: /public/.env
Not Found: /src/.env.old
Not Found: /public/.env.old
Not Found: /public/.env.bak
Not Found: /includes/.env.bak
Not Found: /assets/.env.old
Not Found: /includes/.env.save
Not Found: /assets/.env
Not Found: /includes/.env
Not Found: /lib/.env.save
Not Found: /public/.env.save
Not Found: /assets/.env.bak
Not Found: /lib/.env
Not Found: /includes/.env.old
Not Found: /src/.env.bak
Not Found: /assets/.env.save
Not Found: /lib/.env.old
Not Found: /application/.env.bak
Not Found: /application/.env.old
Not Found: /application/.env
Not Found: /system/.env.save
Not Found: /lib/.env.bak
Not Found: /application/.env.save
Not Found: /system/.env.old
Not Found: /core/.env
Not Found: /system/.env.bak
Not Found: /system/.env
Not Found: /core/.env.save
Not Found: /plugins/.env.bak
Not Found: /modules/.env
Not Found: /modules/.env.bak
Not Found: /modules/.env.save
Not Found: /themes/.env.save
Not Found: /plugins/.env.save
Not Found: /themes/.env.bak
Not Found: /plugins/.env.old
Not Found: /vendor/.env
Not Found: /plugins/.env
Not Found: /themes/.env
Not Found: /storage/.env.old
Not Found: /storage/.env.save
Not Found: /themes/.env.old
Not Found: /core/.env.old
Not Found: /vendor/.env.old
Not Found: /storage/.env
Not Found: /core/.env.bak
Not Found: /phpinfo.php
Not Found: /modules/.env.old
Not Found: /storage/.env.bak
Not Found: /vendor/.env.bak
Not Found: /vendor/.env.save
Not Found: /php_info.php
Not Found: /info.php
Not Found: /phpinfo
Not Found: /_profiler/phpinfo
Not Found: /test.php
Not Found: /info1.php
Not Found: /phpversion.php
Not Found: /info2.php
Not Found: /php.php
Not Found: /pi.php
Not Found: /i.php
Not Found: /php_version.php
Not Found: /server.php
Not Found: /serverinfo.php
Not Found: /debug.php
Not Found: /diagnostic.php
Not Found: /php_info.php.save
Not Found: /check.php
Not Found: /php_info.php.old
Not Found: /phpinfo.php.save
Not Found: /test.php.save
Not Found: /phpinfo.php.orig
Not Found: /php_info.php.orig
Not Found: /info.php.bak
Not Found: /phpinfo.php.old
Not Found: /phptest.php
Not Found: /info.php.old
Not Found: /test.php.old
Not Found: /test.php.bak
Not Found: /info.php.orig
Not Found: /phpinfo.php.bak
Not Found: /test.php.orig
Not Found: /php_info.php.bak
Not Found: /info.php.save
Not Found: /php_info.php.backup
Not Found: /info.php.backup
Not Found: /phpinfo.php.backup
Not Found: /test.php.backup
Not Found: /phpinfo.php~
Not Found: /info.php~
Not Found: /test.php~
Not Found: /test.php.swp
Not Found: /php_info.php~
Not Found: /php_info.php.swp
Not Found: /info.php.tmp
Not Found: /info.php.swp
Not Found: /phpinfo.php.swp
Not Found: /test.php.tmp
Not Found: /php_info.php.tmp
Not Found: /phpinfo.php.tmp
Not Found: /test/phpinfo.php
Not Found: /test/phpinfo.php.save
Not Found: /test/info.php
Not Found: /dev/phpinfo.php
Not Found: /test/info.php.save
Not Found: /dev/info.php
Not Found: /dev/phpinfo.php.save
Not Found: /dev/info.php.save
Not Found: /tmp/phpinfo.php
Not Found: /tmp/info.php
Not Found: /tmp/phpinfo.php.save
Not Found: /tmp/info.php.save
Not Found: /includes/phpinfo.php
Not Found: /includes/info.php
Not Found: /includes/info.php.save
Not Found: /includes/phpinfo.php.save
Not Found: /cgi-bin/info.php
Not Found: /scripts/phpinfo.php.save
Not Found: /scripts/info.php
Not Found: /scripts/phpinfo.php
Not Found: /cgi-bin/info.php.save
Not Found: /scripts/info.php.save
Not Found: /cgi-bin/phpinfo.php
Not Found: /cgi-bin/phpinfo.php.save
Not Found: /public/phpinfo.php
Not Found: /public/info.php
Not Found: /web/info.php
Not Found: /public/phpinfo.php.save
Not Found: /web/phpinfo.php
Not Found: /public/info.php.save
Not Found: /web/phpinfo.php.save
Not Found: /www/info.php
Not Found: /site/phpinfo.php.save
Not Found: /www/phpinfo.php
Not Found: /www/phpinfo.php.save
Not Found: /site/info.php.save
Not Found: /site/info.php
Not Found: /site/phpinfo.php
Not Found: /www/info.php.save
Not Found: /web/info.php.save
Not Found: /.well-known/traffic-advice
Not Found: /robots.txt
Not Found: /robots.txt
Not Found: /robots.txt
Not Found: /robots.txt
Not Found: /robots.txt
Not Found: /robots.txt
Not Found: /robots.txt
Not Found: /robots.txt
Not Found: /robots.txt
Not Found: /media/system/js/core.js
Not Found: /wp-includes/js/jquery/jquery.js
Not Found: /robots.txt
Not Found: /robots.txt
Not Found: /robots.txt
Not Found: /robots.txt
Not Found: /robots.txt
Not Found: /media/system/js/core.js
Not Found: /wp-includes/js/jquery/jquery.js
[UID:3885][973499] Child process with pid: 975547 was killed by signal: 15, core dumped: no
[UID:3885][973499] Child process with pid: 975358 was killed by signal: 15, core dumped: no
OSError: LSAPI: File error
[UID:3885][973499] Child process with pid: 979144 was killed by signal: 15, core dumped: no
OSError: LSAPI: File error
[UID:3885][973499] Child process with pid: 979145 was killed by signal: 15, core dumped: no
[UID:3885][973499] Child process with pid: 979143 was killed by signal: 15, core dumped: no
Not Found: /favicon.ico
Not Found: /favicon.ico
Not Found: /favicon.ico
OSError: LSAPI: File error
[UID:3885][973499] Child process with pid: 1096099 was killed by signal: 15, core dumped: no
[UID:3885][973499] Child process with pid: 1096100 was killed by signal: 15, core dumped: no
[UID:3885][973499] Child process with pid: 1096086 was killed by signal: 15, core dumped: no
Not Found: /remove-from-cart/
Not Found: /favicon.ico
Error processing Product extra image: 'ascii' codec can't encode character '\u274c' in position 0: ordinal not in range(128)
Not Found: /favicon.ico
OSError: LSAPI: File error
OSError: LSAPI: File error
[UID:3885][973499] Child process with pid: 1126811 was killed by signal: 15, core dumped: no
[UID:3885][973499] Child process with pid: 1126812 was killed by signal: 15, core dumped: no
[UID:3885][973499] Child process with pid: 1126810 was killed by signal: 15, core dumped: no
Error processing Product extra image: 'ascii' codec can't encode character '\u274c' in position 0: ordinal not in range(128)
[UID:3885][973499] Child process with pid: 1134536 was killed by signal: 15, core dumped: no
Not Found: /favicon.ico
OSError: LSAPI: File error
[UID:3885][973499] Child process with pid: 1157895 was killed by signal: 15, core dumped: no
Error processing Product extra image: 'ascii' codec can't encode character '\u274c' in position 0: ordinal not in range(128)
Error processing Product extra image: 'ascii' codec can't encode character '\u274c' in position 0: ordinal not in range(128)
Error processing Product extra image: 'ascii' codec can't encode character '\u274c' in position 0: ordinal not in range(128)
Error processing Product extra image: 'ascii' codec can't encode character '\u274c' in position 0: ordinal not in range(128)
Error processing Product extra image: 'ascii' codec can't encode character '\u274c' in position 0: ordinal not in range(128)
Error processing Product extra image: 'ascii' codec can't encode character '\u274c' in position 0: ordinal not in range(128)
Error processing Product extra image: 'ascii' codec can't encode character '\u274c' in position 0: ordinal not in range(128)
Error processing Product extra image: 'ascii' codec can't encode character '\u274c' in position 0: ordinal not in range(128)
Error processing Product image: 'ascii' codec can't encode character '\u274c' in position 0: ordinal not in range(128)
Error processing Product extra image: 'ascii' codec can't encode character '\u274c' in position 0: ordinal not in range(128)
Error processing Product extra image: 'ascii' codec can't encode character '\u274c' in position 0: ordinal not in range(128)
Error processing Product extra image: 'ascii' codec can't encode character '\u274c' in position 0: ordinal not in range(128)
Error processing Product extra image: 'ascii' codec can't encode character '\u274c' in position 0: ordinal not in range(128)
Error processing Product extra image: 'ascii' codec can't encode character '\u274c' in position 0: ordinal not in range(128)
Error processing Product extra image: 'ascii' codec can't encode character '\u274c' in position 0: ordinal not in range(128)
Not Found: /robots.txt
Not Found: /wp-login.php
Not Found: /robots.txt
Not Found: /robots.txt
Not Found: /robots.txt
Not Found: /robots.txt
Not Found: /media/products/main/127.0.0.1_8000_home__132.png
Not Found: /robots.txt
Not Found: /robots.txt
Not Found: /robots.txt
Not Found: /wp-admin/setup-config.php
Not Found: /news_sitemap.xml
Not Found: /sitemap.html
Not Found: /robots.txt
Not Found: /sitemap_index.xml
Not Found: /robots.txt
Not Found: /sitemap.txt
Not Found: /robots.txt
Not Found: /robots.txt
Not Found: /robots.txt
Not Found: /robots.txt
Not Found: /robots.txt
Not Found: /news-sitemap.xml
Not Found: /robots.txt
Not Found: /robots.txt
Not Found: /robots.txt
Not Found: /robots.txt
Not Found: /robots.txt
Not Found: /robots.txt
Not Found: /robots.txt
Not Found: /robots.txt
Method Not Allowed (GET): /submit-review/22/
Method Not Allowed (GET): /submit-review/23/
Not Found: /sitemap-index.xml
Method Not Allowed (GET): /submit-review/21/
Method Not Allowed (GET): /submit-review/26/
Method Not Allowed (GET): /submit-review/24/
Method Not Allowed (GET): /submit-review/33/
Method Not Allowed (GET): /submit-review/34/
Method Not Allowed (GET): /submit-review/27/
Method Not Allowed (GET): /submit-review/28/
Method Not Allowed (GET): /submit-review/32/
Not Found: /robots.txt
Method Not Allowed (GET): /submit-review/36/
Not Found: /robots.txt
Method Not Allowed (GET): /submit-review/40/
Method Not Allowed (GET): /submit-review/41/
Not Found: /SiteMap.aspx
Method Not Allowed (GET): /submit-review/38/
Method Not Allowed (GET): /submit-review/37/
Method Not Allowed (GET): /submit-review/39/
Method Not Allowed (GET): /submit-review/30/
Not Found: /robots.txt
Method Not Allowed (GET): /submit-review/29/
Not Found: /robots.txt
Method Not Allowed (GET): /submit-review/19/
Method Not Allowed (GET): /submit-review/31/
Method Not Allowed (GET): /submit-review/35/
Not Found: /robots.txt
Not Found: /robots.txt
Method Not Allowed (GET): /submit-review/25/
Not Found: /sitemap.xml
Not Found: /robots.txt
Not Found: /robots.txt
Not Found: /robots.txt
Not Found: /robots.txt
Not Found: /robots.txt
Not Found: /robots.txt
Not Found: /.well-known/traffic-advice
Not Found: /cord.php
Not Found: /file2.php
Not Found: /shelp.php
Not Found: /133.php
Not Found: /wp-admin/admin-ajax.php
Not Found: /ahax.php
Not Found: /cord.php
Not Found: /file2.php
Not Found: /shelp.php
Not Found: /133.php
Not Found: /robots.txt
Not Found: /robots.txt
Not Found: /robots.txt
Not Found: /sitemap_index.xml
Not Found: /robots.txt
Not Found: /favicon.ico
Not Found: /sitemap.html
Not Found: /wordpress
Not Found: /wp-admin/install.php
Not Found: /wp
Not Found: /wp-admin/install.php
Not Found: /blog
Not Found: /wp-admin/install.php
Not Found: /test
Not Found: /wp-admin/install.php
Not Found: /site
Not Found: /wp-admin/install.php
Not Found: /cms
Not Found: /wp-admin/install.php
Not Found: /new
Not Found: /wp-admin/install.php
Not Found: /old
Not Found: /wp-admin/install.php
Not Found: /beta
Not Found: /wp-admin/install.php
Not Found: /demo
Not Found: /wp-admin/install.php
Not Found: /backup
Not Found: /wp-admin/install.php
Not Found: /wordpress
Not Found: /wp-admin/install.php
Not Found: /wp
Not Found: /wp-admin/install.php
Not Found: /blog
Not Found: /wp-admin/install.php
Not Found: /test
Not Found: /wp-admin/install.php
Not Found: /site
Not Found: /wp-admin/install.php
Not Found: /cms
Not Found: /wp-admin/install.php
Not Found: /new
Not Found: /wp-admin/install.php
Not Found: /old
Not Found: /wp-admin/install.php
Not Found: /beta
Not Found: /wp-admin/install.php
Not Found: /demo
Not Found: /wp-admin/install.php
Not Found: /backup
Not Found: /wp-admin/install.php
Not Found: /robots.txt
Not Found: /sitemap.txt
Not Found: /robots.txt
Not Found: /news_sitemap.xml
Not Found: /robots.txt
Not Found: /wp-login.php
Not Found: /robots.txt
Not Found: /robots.txt
Not Found: /robots.txt
Not Found: /robots.txt
Not Found: /robots.txt
Not Found: /wp-login.php
Not Found: /news-sitemap.xml
Not Found: /sitemap-index.xml
Not Found: /robots.txt
Not Found: /robots.txt
Not Found: /robots.txt
Not Found: /robots.txt
Not Found: /robots.txt
Not Found: /robots.txt
Not Found: /robots.txt
Not Found: /robots.txt
Not Found: /SiteMap.aspx
Not Found: /robots.txt
Not Found: /robots.txt
Not Found: /robots.txt
Not Found: /media/products/main/127.0.0.1_8000_home__132.png
Not Found: /robots.txt
Not Found: /robots.txt
Not Found: /robots.txt
Not Found: /robots.txt
Not Found: /robots.txt
Method Not Allowed (GET): /submit-review/31/
Not Found: /style.php
Not Found: /style.php
Not Found: /robots.txt
Not Found: /sitemap.html
Not Found: /robots.txt
Not Found: /media/system/js/core.js
Not Found: /wp-includes/js/jquery/jquery.js
Not Found: /media/system/js/core.js
Not Found: /wp-includes/js/jquery/jquery.js
Not Found: /.well-known/traffic-advice
Not Found: /robots.txt
Not Found: /robots.txt
Not Found: /robots.txt
Not Found: /news_sitemap.xml
Not Found: /sitemap_index.xml
Not Found: /sitemap.txt
Not Found: /news-sitemap.xml
Not Found: /media/system/js/core.js
Not Found: /wp-includes/js/jquery/jquery.js
[UID:3885][2239414] Child process with pid: 2239521 was killed by signal: 15, core dumped: no
[UID:3885][2239414] Child process with pid: 2239795 was killed by signal: 15, core dumped: no
[UID:3885][2239414] Child process with pid: 2239794 was killed by signal: 15, core dumped: no
Forbidden: /submit-review/19/
Login failed for username: sameer
Login failed for username: sameer
Form errors: email: <ul class="errorlist"><li>User with same email address already exist!</li></ul>
Login failed for username: sameer
Not Found: /robots.txt
Not Found: /sitemap-index.xml
Not Found: /robots.txt
Not Found: /wp-admin/install.php
Not Found: /wp/wp-admin/install.php
Not Found: /new/wp-admin/install.php
Not Found: /old/wp-admin/install.php
Not Found: /wordpress/wp-admin/install.php
Not Found: /test/wp-admin/install.php
Not Found: /blog/wp-admin/install.php
Not Found: /cms/wp-admin/install.php
Not Found: /web/wp-admin/install.php
Not Found: /backup/wp-admin/install.php
Not Found: /site/wp-admin/install.php
Not Found: /oldsite/wp-admin/install.php
Not Found: /shop/wp-admin/install.php
Not Found: /ads.txt
Not Found: /robots.txt
Not Found: /robots.txt
Not Found: /robots.txt
Method Not Allowed (GET): /submit-review/29/
Not Found: /robots.txt
Not Found: /robots.txt
Not Found: /robots.txt
Not Found: /robots.txt
Not Found: /robots.txt
Not Found: /robots.txt
Not Found: /robots.txt
Not Found: /robots.txt
Not Found: /robots.txt
Not Found: /robots.txt
Not Found: /robots.txt
Not Found: /robots.txt
Not Found: /robots.txt
Not Found: /robots.txt
Not Found: /robots.txt
Not Found: /robots.txt
Not Found: /robots.txt
Not Found: /robots.txt
Not Found: /robots.txt
Not Found: /sitemap.xml
Not Found: /SiteMap.aspx
Not Found: /robots.txt
Not Found: /.well-known/traffic-advice
Not Found: /robots.txt
Not Found: /sitemap.txt
Not Found: /robots.txt
Not Found: /news-sitemap.xml
Forbidden (CSRF cookie not set.): /
Forbidden (Referer checking failed - no Referer.): /
Not Found: /robots.txt
Not Found: /sitemap.xml
Not Found: /llms.txt
Not Found: /humans.txt
Not Found: /ads.txt
Not Found: /security.txt
Not Found: /.well-known/security.txt
Not Found: /robots.txt
Not Found: /news_sitemap.xml
Not Found: /sitemap_index.xml
Not Found: /sitemap.html
Not Found: /sitemap-index.xml
Not Found: /robots.txt
Not Found: /robots.txt
Not Found: /robots.txt
Not Found: /media/products/main/127.0.0.1_8000_home__132.png
Not Found: /robots.txt
Not Found: /.well-known/traffic-advice
Not Found: /robots.txt
Not Found: /robots.txt
Not Found: /robots.txt
Not Found: /robots.txt
Not Found: /robots.txt
Not Found: /robots.txt
Not Found: /robots.txt
Not Found: /robots.txt
Not Found: /wp/xmlrpc.php
Not Found: /robots.txt
Not Found: /robots.txt
Not Found: /robots.txt
Not Found: /wp-login.php
Not Found: /robots.txt
Not Found: /robots.txt
Not Found: /robots.txt
Not Found: /wp-content/
Not Found: /robots.txt
Not Found: /robots.txt
Not Found: /robots.txt
Not Found: /robots.txt
Not Found: /favicon.ico
Not Found: /robots.txt
Not Found: /news-sitemap.xml
Not Found: /robots.txt
Not Found: /robots.txt
Not Found: /robots.txt
Not Found: /.well-known/traffic-advice
Not Found: /robots.txt
Not Found: /robots.txt
Not Found: /robots.txt
Not Found: /robots.txt
Not Found: /robots.txt
Not Found: /robots.txt
Not Found: /robots.txt
Not Found: /detail/
Method Not Allowed (GET): /submit-review/34/
Method Not Allowed (GET): /submit-review/32/
Not Found: /wp-login.php
Not Found: /js
Not Found: /js
Method Not Allowed (GET): /submit-review/33/
Not Found: /robots.txt
Not Found: /robots.txt
Not Found: /robots.txt
Not Found: /robots.txt
Not Found: /robots.txt
Not Found: /robots.txt
Not Found: /robots.txt
Not Found: /media/system/js/core.js
Not Found: /wp-includes/js/jquery/jquery.js
Not Found: /.well-known/traffic-advice
Not Found: /contact.php
Not Found: /robots.txt
Not Found: /robots.txt
Not Found: /robots.txt
Method Not Allowed (GET): /submit-review/24/
Not Found: /robots.txt
Method Not Allowed (GET): /submit-review/25/
Method Not Allowed (GET): /submit-review/32/
Not Found: /robots.txt
Method Not Allowed (GET): /submit-review/34/
Method Not Allowed (GET): /submit-review/30/
Not Found: /robots.txt
Method Not Allowed (GET): /submit-review/26/
Not Found: /robots.txt
Not Found: /robots.txt
Method Not Allowed (GET): /submit-review/29/
Not Found: /sitemap.html
Method Not Allowed (GET): /submit-review/37/
Method Not Allowed (GET): /submit-review/23/
Not Found: /robots.txt
Not Found: /robots.txt
Method Not Allowed (GET): /submit-review/39/
Method Not Allowed (GET): /submit-review/22/
Not Found: /robots.txt
Method Not Allowed (GET): /submit-review/41/
Not Found: /wp-login.php
Not Found: /robots.txt
Not Found: /robots.txt
Not Found: /robots.txt
Method Not Allowed (GET): /submit-review/19/
Not Found: /wp-content/plugins/hellopress/wp_filemanager.php
Not Found: /shoha.php
Not Found: /error.php
Not Found: /NH19T66T.php
Not Found: /rei.php
Not Found: /666.php
Not Found: /777.php
Not Found: /888.php
Not Found: /555.php
Not Found: /333.php
Not Found: /zeal.php
Not Found: /file.php
Not Found: /file1.php
Not Found: /file2.php
Not Found: /file5.php
Not Found: /file17.php
Not Found: /file32.php
Not Found: /filesss.php
Not Found: /file9.php
Not Found: /file13.php
Not Found: /file3.php
Not Found: /atomlib.php
Not Found: /manager.php
Not Found: /abcd.php
Not Found: /efile.php
Not Found: /file18.php
Not Found: /520.php
Not Found: /031.php
Not Found: /file7.php
Not Found: /file4.php
Not Found: /2%25.php
Not Found: /1%25.php
Not Found: /wp-freya.php
Not Found: /keu.php
Not Found: /file88.php
Not Found: /0%25.php
Not Found: /lock360.php
Not Found: /jmfi2.php
Not Found: /class.1.php
Not Found: /an.php
Not Found: /fs.php
Not Found: /CLA.php
Not Found: /gfile.php
Not Found: /file6.php
Not Found: /eauu.php
Not Found: /we.php
Not Found: /fe5.php
Not Found: /cccc.php
Not Found: /gmo.php
Not Found: /shell1.php
Not Found: /gm.php
Not Found: /lala.php
Not Found: /hexx.php
Not Found: /444.php
Not Found: /a2.php
Not Found: /cfile.php
Not Found: /lv.php
Not Found: /goat.php
Not Found: /222.php
Not Found: /aa.php
Not Found: /vast.php
Not Found: /cool.php
Not Found: /yanki.php
Not Found: /bolt.php
Not Found: /nfile.php
Not Found: /ilex.php
Not Found: /des.php
Not Found: /ext.php
Not Found: /axx.php
Not Found: /wp-update.php
Not Found: /yasnu.php
Not Found: /new4.php
Not Found: /ava.php
Not Found: /ioxi2.php
Not Found: /gfile1.php
Not Found: /ffile.php
Not Found: /rsnu.php
Not Found: /.well-known/acme-challenge/about.php
Not Found: /default.php
Not Found: /dfre.php
Not Found: /pp.php
Not Found: /13.php
Not Found: /usep.php
Not Found: /3.php
Not Found: /sec.php
Not Found: /ea.php
Not Found: /gi.php
Not Found: /10.php
Not Found: /11.php
Not Found: /12.php
Not Found: /hi.php
Not Found: /v.php
Not Found: /ar.php
Not Found: /article.php
Not Found: /install.php
Not Found: /1.php
Not Found: /bak.php
Not Found: /ini.php
Not Found: /mail.php
Not Found: /dlu.php
Not Found: /zde.php
Not Found: /ifm.php
Not Found: /redi.php
Not Found: /fns.php
Not Found: /pent.php
Not Found: /wsx.php
Not Found: /r79.php
Not Found: /mpxct.php
Not Found: /x3.php
Not Found: /wan.php
Not Found: /iov.php
Not Found: /ouh.php
Not Found: /asgtt.php
Not Found: /image.php
Not Found: /wok.php
Not Found: /alexus.php
Not Found: /sadis.php
Not Found: /admir.php
Not Found: /file52.php
Not Found: /133.php
Not Found: /x0.php
Not Found: /wsr2.php
Not Found: /wolv.php
Not Found: /av.php.php
Not Found: /pn.php
Not Found: /tarc.php
Not Found: /ed35f.php
Not Found: /ula.php
Not Found: /wrt.php
Not Found: /c451f.php
Not Found: /efa4f.php
Not Found: /suy.php
Not Found: /nbr.php
Not Found: /gul.php
Not Found: /shop.php
Not Found: /log.php
Not Found: /ker.php
Not Found: /public/new2.php
Not Found: /led.php
Not Found: /nas.php
Not Found: /loi.php
Not Found: /poj.php
Not Found: /dds.php
Not Found: /nok.php
Not Found: /haf.php
Not Found: /sow.php
Not Found: /tro.php
Not Found: /ave.php
Not Found: /sty.php
Not Found: /4ff11.php
Not Found: /dop.php
Not Found: /ad24f.php
Not Found: /wui.php
Not Found: /num.php
Not Found: /wto.php
Not Found: /gib.php
Not Found: /73106.php
Not Found: /show/asa.php
Not Found: /7f8c8.php
Not Found: /skj.php
Not Found: /dom.php
Not Found: /wle.php
Not Found: /lok.php
Not Found: /kla.php
Not Found: /thoms.php
Not Found: /eru.php
Not Found: /wp-admin/new2.php
Not Found: /dox.php
Not Found: /JPG.php
Not Found: /hum.php
Not Found: /tua.php
Not Found: /hey.php
Not Found: /kal.php
Not Found: /hzz.php
Not Found: /lov.php
Not Found: /has.php
Not Found: /ooj.php
Not Found: /09fa6.php
Not Found: /hob.php
Not Found: /zuk.php
Not Found: /ink.php
Not Found: /jju.php
Not Found: /zil.php
Not Found: /pes.php
Not Found: /robots.txt
Method Not Allowed (GET): /submit-review/31/
Method Not Allowed (GET): /submit-review/40/
Method Not Allowed (GET): /submit-review/21/
Method Not Allowed (GET): /submit-review/38/
Not Found: /robots.txt
Not Found: /robots.txt
Method Not Allowed (GET): /submit-review/27/
Method Not Allowed (GET): /submit-review/35/
Not Found: /robots.txt
Method Not Allowed (GET): /submit-review/28/
Not Found: /robots.txt
Method Not Allowed (GET): /submit-review/36/
Method Not Allowed (GET): /submit-review/33/
Not Found: /robots.txt
Not Found: /robots.txt
Not Found: /robots.txt
Not Found: /robots.txt
Not Found: /robots.txt
Not Found: /favicon.ico
Not Found: /favicon.ico
Not Found: /favicon.ico
Not Found: /SiteMap.aspx
Not Found: /news-sitemap.xml
Not Found: /sitemap.txt
Not Found: /sitemap_index.xml
Not Found: /.well-known/traffic-advice
Not Found: /robots.txt
Not Found: /sitemap-index.xml
Not Found: /robots.txt
Not Found: /robots.txt
Not Found: /news_sitemap.xml
Not Found: /sitemap.xml
Not Found: /robots.txt
Not Found: /robots.txt
Not Found: /wp-login.php
Not Found: /robots.txt
Not Found: /robots.txt
Not Found: /robots.txt
Not Found: /robots.txt
Not Found: /robots.txt
Not Found: /robots.txt
Not Found: /robots.txt
Not Found: /robots.txt
Not Found: /robots.txt
Not Found: /robots.txt
Not Found: /robots.txt
Not Found: /robots.txt
Not Found: /wp-content/
Not Found: /robots.txt
Not Found: /robots.txt
Not Found: /robots.txt
Not Found: /robots.txt
Not Found: /media/system/js/core.js
Not Found: /wp-includes/js/jquery/jquery.js
Not Found: /robots.txt
Not Found: /robots.txt
Not Found: /media/products/main/127.0.0.1_8000_home__132.png
Not Found: /.well-known/traffic-advice
Not Found: /robots.txt
Not Found: /robots.txt
Not Found: /robots.txt
Not Found: /robots.txt
Not Found: /robots.txt
Not Found: /robots.txt
Not Found: /robots.txt
Not Found: /robots.txt
Not Found: /robots.txt
Not Found: /robots.txt
Not Found: /robots.txt
Not Found: /robots.txt
Not Found: /robots.txt
Not Found: /robots.txt
Not Found: /robots.txt
Not Found: /robots.txt
Not Found: /favicon.ico
Not Found: /favicon.png
Not Found: /robots.txt
Not Found: /robots.txt
Not Found: /news_sitemap.xml
Not Found: /sitemap.xml
Not Found: /news-sitemap.xml
Not Found: /sitemap-index.xml
Not Found: /sitemap.html
Not Found: /SiteMap.aspx
Not Found: /sitemap_index.xml
Not Found: /robots.txt
Not Found: /sitemap.txt
Not Found: /robots.txt
Not Found: /robots.txt
Not Found: /robots.txt
Not Found: /robots.txt
Not Found: /robots.txt
Not Found: /robots.txt
Not Found: /robots.txt
Not Found: /robots.txt
Not Found: /robots.txt
Not Found: /contact.php
Not Found: /robots.txt
Not Found: /robots.txt
Not Found: /robots.txt
Not Found: /robots.txt
Not Found: /robots.txt
Not Found: /robots.txt
Not Found: /robots.txt
Not Found: /robots.txt
Not Found: /robots.txt
Not Found: /detail/
Not Found: /robots.txt
Not Found: /robots.txt
Not Found: /robots.txt
Not Found: /robots.txt
Not Found: /wp-login.php
Not Found: /robots.txt
Not Found: /sitemap.xml
Not Found: /robots.txt
Not Found: /robots.txt
Not Found: /news_sitemap.xml
Not Found: /SiteMap.aspx
Not Found: /favicon.ico
Not Found: /robots.txt
Not Found: /.well-known/traffic-advice
Not Found: /sitemap_index.xml
Not Found: /sitemap.html
Not Found: /sitemap-index.xml
Not Found: /robots.txt
Not Found: /news-sitemap.xml
Not Found: /sitemap.txt
Not Found: /robots.txt
Not Found: //wp-includes/wlwmanifest.xml
Not Found: //xmlrpc.php
Not Found: //blog/wp-includes/wlwmanifest.xml
Not Found: //web/wp-includes/wlwmanifest.xml
Not Found: //wordpress/wp-includes/wlwmanifest.xml
Not Found: //website/wp-includes/wlwmanifest.xml
Not Found: //wp/wp-includes/wlwmanifest.xml
Not Found: //news/wp-includes/wlwmanifest.xml
Not Found: //2020/wp-includes/wlwmanifest.xml
Not Found: //2019/wp-includes/wlwmanifest.xml
Not Found: //shop/wp-includes/wlwmanifest.xml
Not Found: //wp1/wp-includes/wlwmanifest.xml
Not Found: //test/wp-includes/wlwmanifest.xml
Not Found: //wp2/wp-includes/wlwmanifest.xml
Not Found: //site/wp-includes/wlwmanifest.xml
Not Found: //cms/wp-includes/wlwmanifest.xml
Not Found: //sito/wp-includes/wlwmanifest.xml
Not Found: /robots.txt
Not Found: /robots.txt
Not Found: /robots.txt
Not Found: /robots.txt
Not Found: /robots.txt
Not Found: /robots.txt
Not Found: /robots.txt
Not Found: /robots.txt
Not Found: /robots.txt
Not Found: /robots.txt
Not Found: /robots.txt
Not Found: /favicon.ico
Not Found: /favicon.ico
Not Found: /robots.txt
Not Found: /robots.txt
Not Found: /robots.txt
Not Found: /robots.txt
Not Found: /robots.txt
Not Found: /robots.txt
Not Found: /media/system/js/core.js
Not Found: /wp-includes/js/jquery/jquery.js
Not Found: /robots.txt
Not Found: /robots.txt
Not Found: /robots.txt
Not Found: /robots.txt
Not Found: /robots.txt
Not Found: /robots.txt
Not Found: /robots.txt
Not Found: /sitemap-index.xml
Not Found: /news_sitemap.xml
Not Found: /robots.txt
Not Found: /sitemap.html
Not Found: /robots.txt
Not Found: /SiteMap.aspx
Not Found: /sitemap_index.xml
Not Found: /sitemap.xml
Not Found: /sitemap.txt
Not Found: /news-sitemap.xml
Not Found: /js
Not Found: /userfuns.php
Not Found: /userfuns.php
Not Found: /postnews.php
Not Found: /postnews.php
Not Found: /js
Not Found: /robots.txt
Not Found: /wp-login.php
Not Found: /robots.txt
Not Found: /robots.txt
Not Found: /robots.txt
Not Found: /robots.txt
Not Found: /robots.txt
Not Found: /robots.txt
Not Found: /robots.txt
Not Found: /robots.txt
Not Found: /robots.txt
Not Found: /robots.txt
Not Found: /cord.php
Not Found: /file2.php
Not Found: /shelp.php
Not Found: /133.php
Not Found: /wp-admin/admin-ajax.php
Not Found: /ahax.php
Not Found: /cord.php
Not Found: /file2.php
Not Found: /shelp.php
Not Found: /133.php
Not Found: /wp-admin/admin-ajax.php
Not Found: /ahax.php
Not Found: /robots.txt
Not Found: /robots.txt
Not Found: /robots.txt
Not Found: /robots.txt
Not Found: /wordpress
Not Found: /wp-admin/install.php
Not Found: /wp
Not Found: /wp-admin/install.php
Not Found: /blog
Not Found: /wp-admin/install.php
Not Found: /test
Not Found: /wp-admin/install.php
Not Found: /site
Not Found: /wp-admin/install.php
Not Found: /robots.txt
Not Found: /cms
Not Found: /wp-admin/install.php
Not Found: /new
Not Found: /wp-admin/install.php
Not Found: /old
Not Found: /wp-admin/install.php
Not Found: /beta
Not Found: /wp-admin/install.php
Not Found: /demo
Not Found: /wp-admin/install.php
Not Found: /backup
Not Found: /wp-admin/install.php
Not Found: /wordpress
Not Found: /wp-admin/install.php
Not Found: /wp
Not Found: /wp-admin/install.php
Not Found: /blog
Not Found: /wp-admin/install.php
Not Found: /test
Not Found: /wp-admin/install.php
Not Found: /site
Not Found: /wp-admin/install.php
Not Found: /cms
Not Found: /wp-admin/install.php
Not Found: /new
Not Found: /wp-admin/install.php
Not Found: /old
Not Found: /wp-admin/install.php
Not Found: /beta
Not Found: /wp-admin/install.php
Not Found: /demo
Not Found: /wp-admin/install.php
Not Found: /backup
Not Found: /wp-admin/install.php
Not Found: /robots.txt
Not Found: /robots.txt
Not Found: /robots.txt
Not Found: /robots.txt
Not Found: /robots.txt
Not Found: /sitemap.xml.gz
Not Found: /robots.txt
Not Found: /robots.txt
Not Found: /sitemap.txt
Not Found: /robots.txt
Not Found: /sitemaps.xml
Not Found: /sitemap.xml
Not Found: /.well-known/traffic-advice
Not Found: /robots.txt
Not Found: /robots.txt
Not Found: /robots.txt
Not Found: /robots.txt
Not Found: /robots.txt
Not Found: /sitemap_index.xml
Not Found: /robots.txt
Not Found: /atom.xml
Not Found: /.well-known/traffic-advice
Not Found: /robots.txt
Not Found: /robots.txt
Not Found: /robots.txt
Not Found: /robots.txt
Not Found: /robots.txt
Not Found: /robots.txt
Not Found: /sitemap.xml
Not Found: /sitemap.html
Not Found: /sitemap-index.xml
Not Found: /sitemap.txt
Not Found: /sitemap_index.xml
Not Found: /atom.xml
Not Found: /SiteMap.aspx
Not Found: /news_sitemap.xml
Not Found: /news-sitemap.xml
Not Found: /robots.txt
Not Found: /robots.txt
Not Found: /sitemap.xml.gz
Not Found: /robots.txt
Not Found: /robots.txt
Not Found: /robots.txt
Not Found: /sitemap.txt
Not Found: /sitemaps.xml
Not Found: /sitemap.xml
Not Found: /sitemap_index.xml
Not Found: /robots.txt
Not Found: /robots.txt
Not Found: /robots.txt
Not Found: /robots.txt
Not Found: /robots.txt
Not Found: /robots.txt
Not Found: /robots.txt
Not Found: /robots.txt
Not Found: /robots.txt
Not Found: /robots.txt
Not Found: /robots.txt
Not Found: /robots.txt
Not Found: /robots.txt
Not Found: /robots.txt
Not Found: /sitemap_index.xml
Not Found: /news-sitemap.xml
Not Found: /SiteMap.aspx
Not Found: /sitemap.txt
Not Found: /sitemap.xml
Not Found: /sitemap-index.xml
Not Found: /wp-login.php
Not Found: /news_sitemap.xml
Not Found: /sitemap.html
Not Found: /robots.txt
Not Found: /robots.txt
Not Found: /robots.txt
Not Found: /robots.txt
Not Found: /robots.txt
Not Found: /robots.txt
Not Found: /robots.txt
Not Found: /robots.txt
Not Found: /robots.txt
Not Found: /robots.txt
Not Found: /robots.txt
Not Found: /robots.txt
Not Found: /robots.txt
Not Found: /robots.txt
Not Found: /robots.txt
Not Found: /robots.txt
Not Found: /robots.txt
Not Found: /robots.txt
Not Found: /robots.txt
Not Found: /SiteMap.aspx
Not Found: /news-sitemap.xml
Not Found: /sitemap-index.xml
Not Found: /sitemap.txt
Not Found: /sitemap_index.xml
Not Found: /robots.txt
Not Found: /robots.txt
Not Found: /robots.txt
Not Found: /robots.txt
Not Found: /xmlrpc.php
Not Found: /robots.txt
Not Found: /robots.txt
Not Found: /robots.txt
Not Found: /robots.txt
Not Found: /robots.txt
Not Found: /media/system/js/core.js
Not Found: /wp-includes/js/jquery/jquery.js
Not Found: /robots.txt
Not Found: /atom.xml
Not Found: /sitemap.xml.gz
Not Found: /sitemap.txt
Not Found: /robots.txt
Not Found: /sitemap_index.xml
Not Found: /robots.txt
Not Found: /robots.txt
Not Found: /sitemap_index.xml
Not Found: /sitemaps.xml
Not Found: /robots.txt
Not Found: /robots.txt
Not Found: /robots.txt
Not Found: /sitemap.xml
Not Found: /robots.txt
Not Found: /sitemap.xml
Not Found: /sitemap.html
Not Found: /news_sitemap.xml
Not Found: /robots.txt
Not Found: /sitemap.xml
Not Found: /robots.txt
Not Found: /robots.txt
Not Found: /robots.txt
Not Found: /robots.txt
Method Not Allowed (HEAD): /contact/
Not Found: /robots.txt
Not Found: /favicon.ico
Not Found: /robots.txt
Not Found: /robots.txt
Not Found: /robots.txt
Not Found: /atom.xml
Not Found: /sitemap_index.xml
Not Found: /sitemaps.xml
Not Found: /robots.txt
Not Found: /robots.txt
Not Found: /robots.txt
Not Found: /robots.txt
Not Found: /track-whatsapp-order/undefined/
Not Found: /robots.txt
Not Found: /sitemap.xml.gz
Not Found: /sitemap.xml
Not Found: /robots.txt
Not Found: /.well-known/traffic-advice
Not Found: /robots.txt
Not Found: /sitemap.txt
Not Found: /robots.txt
Not Found: /robots.txt
Not Found: /robots.txt
Not Found: /robots.txt
Not Found: /sitemap.xml.gz
Not Found: /sitemap.xml
Not Found: /robots.txt
Not Found: /robots.txt
Not Found: /robots.txt
Not Found: /robots.txt
Not Found: /robots.txt
Not Found: /robots.txt
Not Found: /sitemap_index.xml
Not Found: /robots.txt
Not Found: /robots.txt
Not Found: /atom.xml
Not Found: /robots.txt
Not Found: /sitemap.txt
Not Found: /robots.txt
Not Found: /sitemaps.xml
Not Found: /robots.txt
Not Found: /robots.txt
Not Found: /robots.txt
Not Found: /robots.txt
Method Not Allowed (GET): /submit-review/27/
Method Not Allowed (GET): /submit-review/21/
Not Found: /robots.txt
Not Found: /sitemap.xml.gz
Not Found: /robots.txt
Not Found: /sitemaps.xml
Not Found: /robots.txt
Not Found: /sitemap.xml
Not Found: /robots.txt
Not Found: /sitemap_index.xml
Not Found: /robots.txt
Not Found: /atom.xml
Not Found: /robots.txt
Not Found: /robots.txt
Not Found: /robots.txt
Not Found: /robots.txt
Not Found: /robots.txt
Not Found: /robots.txt
Not Found: /robots.txt
Not Found: /sitemap.txt
Not Found: /.well-known/traffic-advice
Not Found: /robots.txt
Not Found: /robots.txt
Not Found: /robots.txt
Not Found: /sitemap.txt
Not Found: /robots.txt
Not Found: /robots.txt
Not Found: /robots.txt
Not Found: /favicon.ico
Not Found: /robots.txt
Not Found: /robots.txt
Not Found: /robots.txt
Not Found: /robots.txt
Not Found: /robots.txt
Not Found: /robots.txt
Not Found: /robots.txt
Not Found: /robots.txt
Not Found: /sitemap_index.xml
Not Found: /sitemap.xml
Not Found: /atom.xml
Not Found: /sitemaps.xml
Not Found: /sitemap.xml.gz
Not Found: /robots.txt
Not Found: /robots.txt
Not Found: /robots.txt
Not Found: /robots.txt
Not Found: /sitemap.txt
Not Found: /media/system/js/core.js
Not Found: /wp-includes/js/jquery/jquery.js
Not Found: /robots.txt
Not Found: /robots.txt
Not Found: /robots.txt
Not Found: /robots.txt
Not Found: /robots.txt
Not Found: /robots.txt
Method Not Allowed (GET): /submit-review/26/
Not Found: /robots.txt
Not Found: /robots.txt
Not Found: /atom.xml
Not Found: /robots.txt
Not Found: /robots.txt
Not Found: /atom.xml
Not Found: /robots.txt
Not Found: /sitemap_index.xml
Not Found: /robots.txt
Not Found: /sitemap.txt
Not Found: /sitemap_index.xml
Not Found: /sitemap.xml.gz
Not Found: /robots.txt
Not Found: /robots.txt
Not Found: /sitemap.xml
Not Found: /sitemaps.xml
Not Found: /robots.txt
Not Found: /sitemap.txt
Not Found: /sitemap.xml.gz
Not Found: /sitemap.xml
Not Found: /robots.txt
Not Found: /robots.txt
Not Found: /robots.txt
Not Found: /robots.txt
Not Found: /robots.txt
Not Found: /sitemaps.xml
Not Found: /robots.txt
Not Found: /robots.txt
Not Found: /robots.txt
Not Found: /robots.txt
Not Found: /robots.txt
Method Not Allowed (GET): /submit-review/29/
Not Found: /robots.txt
Not Found: /robots.txt
Not Found: /robots.txt
Not Found: /robots.txt
Method Not Allowed (GET): /submit-review/30/
Not Found: /robots.txt
Not Found: /robots.txt
Method Not Allowed (GET): /submit-review/23/
Method Not Allowed (GET): /submit-review/19/
Not Found: /wordpress/
Not Found: /wp/
Not Found: /blog/
Not Found: /test/
Not Found: /test1/
Not Found: /WP/
Not Found: /2025/
Not Found: /robots.txt
Not Found: /robots.txt
Not Found: /robots.txt
Not Found: /robots.txt
Not Found: /robots.txt
Not Found: /robots.txt
Not Found: /robots.txt
Not Found: /robots.txt
Not Found: /robots.txt
Not Found: /robots.txt
Method Not Allowed (GET): /submit-review/28/
Not Found: /robots.txt
Not Found: /robots.txt
Not Found: /robots.txt
Not Found: /robots.txt
Method Not Allowed (GET): /submit-review/24/
Not Found: /robots.txt
Not Found: /sitemap.xml
Not Found: /media/system/js/core.js
OSError: LSAPI: File error
[UID:3885][3079384] Child process with pid: 3097917 was killed by signal: 15, core dumped: no
OSError: LSAPI: File error
[UID:3885][3079384] Child process with pid: 3097926 was killed by signal: 15, core dumped: no
[UID:3885][3079384] Child process with pid: 3097927 was killed by signal: 15, core dumped: no
OSError: LSAPI: File error
OSError: LSAPI: File error
[UID:3885][3079384] Child process with pid: 3105782 was killed by signal: 15, core dumped: no
OSError: LSAPI: File error
OSError: LSAPI: File error
[UID:3885][3079384] Child process with pid: 3108282 was killed by signal: 15, core dumped: no
Not Found: /atom.xml
Not Found: /robots.txt
OSError: LSAPI: File error
OSError: LSAPI: File error
OSError: LSAPI: File error
[UID:3885][4098676] Child process with pid: 26086 was killed by signal: 15, core dumped: no
[UID:3885][4098676] Child process with pid: 27700 was killed by signal: 15, core dumped: no
OSError: LSAPI: File error
OSError: LSAPI: File error
OSError: LSAPI: File error
[UID:3885][4098676] Child process with pid: 34199 was killed by signal: 15, core dumped: no
[UID:3885][4098676] Child process with pid: 30286 was killed by signal: 15, core dumped: no
OSError: LSAPI: File error
OSError: LSAPI: File error
[UID:3885][4098676] Child process with pid: 35862 was killed by signal: 15, core dumped: no
Not Found: /robots.txt
Not Found: /robots.txt
Not Found: /sitemap.xml.gz
Not Found: /sitemaps.xml
Not Found: /sitemap.txt
Not Found: /robots.txt
Not Found: /robots.txt
Not Found: /sitemap_index.xml
Not Found: /robots.txt
Not Found: /robots.txt
Not Found: /robots.txt
Not Found: /robots.txt
Not Found: /robots.txt
Not Found: /robots.txt
Not Found: /robots.txt
Not Found: /robots.txt
Not Found: /robots.txt
Method Not Allowed (GET): /submit-review/39/
Not Found: /.well-known/traffic-advice
OSError: LSAPI: File error
[UID:3885][2841654] Child process with pid: 2847891 was killed by signal: 15, core dumped: no
Not Found: /robots.txt
Not Found: /robots.txt
Not Found: /robots.txt
Not Found: /robots.txt
Not Found: /atom.xml
Not Found: /robots.txt
Not Found: /sitemap.txt
Not Found: /sitemap.txt
Not Found: /sitemap.xml
[UID:3885][998600] Child process with pid: 1002203 was killed by signal: 15, core dumped: no
[UID:3885][998600] Child process with pid: 1002201 was killed by signal: 15, core dumped: no
[UID:3885][998600] Child process with pid: 998817 was killed by signal: 15, core dumped: no
Not Found: /sitemap_index.xml
OSError: LSAPI: File error
Not Found: /robots.txt
Not Found: /sitemaps.xml
Not Found: /sitemap.xml
Not Found: /robots.txt
Not Found: /sitemap.xml.gz
Not Found: /sitemap_index.xml
Not Found: /robots.txt
Not Found: /robots.txt
Not Found: /sitemaps.xml
Not Found: /robots.txt
Not Found: /apps
Not Found: /api/action
Not Found: /api/actions
Not Found: /_next/data
Forbidden (Referer checking failed - no Referer.): /
Not Found: /apps
Not Found: /api/action
Not Found: /api/actions
Not Found: /_next/data
Forbidden (Referer checking failed - no Referer.): /
Not Found: /robots.txt
Not Found: /robots.txt
Not Found: /apps
Not Found: /api/action
Not Found: /api/actions
Not Found: /_next/data
Forbidden (Referer checking failed - no Referer.): /
Not Found: /robots.txt
Not Found: /apps
Not Found: /api/action
Not Found: /api/actions
Not Found: /_next/data
Forbidden (Referer checking failed - no Referer.): /
Not Found: /robots.txt
Not Found: /robots.txt
Not Found: /robots.txt
Not Found: /robots.txt
Not Found: /robots.txt
Not Found: /robots.txt
Not Found: /robots.txt
Not Found: /robots.txt
Not Found: /robots.txt
Not Found: /robots.txt
Not Found: /robots.txt
Not Found: /robots.txt
Not Found: /robots.txt
Not Found: /robots.txt
Not Found: /apps
Not Found: /api/action
Not Found: /api/actions
Not Found: /_next/data
Forbidden (Referer checking failed - no Referer.): /
Not Found: /apps
Not Found: /api/action
Not Found: /api/actions
Not Found: /_next/data
Forbidden (Referer checking failed - no Referer.): /
Not Found: /robots.txt
Not Found: /favicon.ico
Not Found: /robots.txt
Not Found: /robots.txt
Not Found: /favicon.ico
Not Found: /robots.txt
Not Found: /robots.txt
Not Found: /sitemap.xml
Not Found: /robots.txt
Not Found: /robots.txt
Not Found: /robots.txt
Not Found: /robots.txt
Not Found: /robots.txt
Not Found: /robots.txt
Not Found: /robots.txt
Not Found: /robots.txt
Not Found: /robots.txt
Not Found: /robots.txt
Not Found: /favicon.ico
Not Found: /robots.txt
[UID:3885][3234997] Child process with pid: 3239866 was killed by signal: 15, core dumped: no
[UID:3885][3234997] Child process with pid: 3235010 was killed by signal: 15, core dumped: no
OSError: LSAPI: File error
[UID:3885][3234997] Child process with pid: 3239868 was killed by signal: 15, core dumped: no
[UID:3885][3234997] Child process with pid: 3239867 was killed by signal: 15, core dumped: no
Not Found: /robots.txt
Method Not Allowed (GET): /submit-review/37/
Not Found: /robots.txt
Not Found: /robots.txt
Not Found: /robots.txt
Not Found: /license.txt
Not Found: /license.txt
Not Found: /robots.txt
Not Found: /robots.txt
Method Not Allowed (GET): /submit-review/36/
Not Found: /robots.txt
Method Not Allowed (GET): /submit-review/35/
Not Found: /robots.txt
Method Not Allowed (GET): /submit-review/40/
Not Found: /robots.txt
Not Found: /robots.txt
Not Found: /robots.txt
Not Found: /robots.txt
Not Found: /robots.txt
Not Found: /robots.txt
Not Found: /robots.txt
Not Found: /robots.txt
Not Found: /robots.txt
Not Found: /robots.txt
Not Found: /robots.txt
Not Found: /robots.txt
Not Found: /robots.txt
Not Found: /robots.txt
Not Found: /robots.txt
Not Found: /robots.txt
Not Found: /robots.txt
Not Found: /robots.txt
Not Found: /robots.txt
Not Found: /robots.txt
Not Found: /robots.txt
Not Found: /robots.txt
Not Found: /robots.txt
Not Found: /robots.txt
Not Found: /robots.txt
Not Found: /robots.txt
Not Found: /robots.txt
Not Found: /robots.txt
Not Found: /robots.txt
Not Found: /wp-admin/css/
Not Found: /.well-known/
Not Found: /sites/default/files/
Not Found: /uploads/
Not Found: /images/
Not Found: /files/
Not Found: /robots.txt
Not Found: /robots.txt
Not Found: /robots.txt
Not Found: /robots.txt
Not Found: /robots.txt
Not Found: /robots.txt
Not Found: /robots.txt
Not Found: /robots.txt
Not Found: /robots.txt
Not Found: /robots.txt
Not Found: /robots.txt
Not Found: /robots.txt
Not Found: /robots.txt
Not Found: /robots.txt
Not Found: /robots.txt
Not Found: /register/
Login failed for username: farooq
Not Found: /favicon.ico
OSError: LSAPI: File error
[UID:3885][1566938] Child process with pid: 1579060 was killed by signal: 15, core dumped: no
OSError: LSAPI: File error
Bad Request: /place-order/
Bad Request: /place-order/
ORDER ERROR: name 'send_order_email_admin' is not defined
Bad Request: /place-order/
Bad Request: /place-order/
Not Found: /robots.txt
[UID:3885][1566938] Child process with pid: 1690682 was killed by signal: 15, core dumped: no
ORDER ERROR: name 'send_order_email_admin' is not defined
ORDER ERROR: name 'send_order_email_admin' is not defined
ORDER ERROR: name 'send_order_email_admin' is not defined
Not Found: /robots.txt
Not Found: /robots.txt
Not Found: /robots.txt
Not Found: /robots.txt
Not Found: /robots.txt
Not Found: /robots.txt
Not Found: /robots.txt
Not Found: /robots.txt
Not Found: /robots.txt
Not Found: /robots.txt
Not Found: /.well-known/traffic-advice
Not Found: /robots.txt
Not Found: /lander
Not Found: /favicon.ico
Not Found: /lander
Not Found: /favicon.ico
Not Found: /z0f76a1d14fd21a8fb5fd0d03e0fdc3d3cedae52f
Not Found: /z0f76a1d14fd21a8fb5fd0d03e0fdc3d3cedae52f
Not Found: /z0f76a1d14fd21a8fb5fd0d03e0fdc3d3cedae52f
Not Found: /robots.txt
Not Found: /z0f76a1d14fd21a8fb5fd0d03e0fdc3d3cedae52f
Not Found: /favicon.ico
Not Found: /robots.txt
Not Found: /robots.txt
Not Found: /robots.txt
Not Found: /robots.txt
Not Found: /robots.txt
Not Found: /robots.txt
Not Found: /robots.txt
Not Found: /robots.txt
Not Found: /robots.txt
Not Found: /robots.txt
Not Found: /robots.txt
Not Found: /robots.txt
Not Found: /robots.txt
Not Found: /robots.txt
Not Found: /sitemap.xml
Forbidden (Referer checking failed - no Referer.): /
[UID:3885][467643] packetLen < 0
Not Found: /wp-login.php
Not Found: /wp-admin/
Not Found: /administrator/
Not Found: /user/login
Not Found: /register
Not Found: /robots.txt
[UID:3885][1178139] Child process with pid: 1178155 was killed by signal: 15, core dumped: no
[UID:3885][1178139] Child process with pid: 1178166 was killed by signal: 15, core dumped: no
[UID:3885][1178139] Child process with pid: 1178168 was killed by signal: 15, core dumped: no
Not Found: /robots.txt
Not Found: /robots.txt
Not Found: /robots.txt
Not Found: /robots.txt
Not Found: /favicon.ico
Not Found: /robots.txt
Not Found: /robots.txt
Not Found: /robots.txt
Not Found: /robots.txt
Not Found: /robots.txt
Not Found: /favicon.ico
Not Found: /robots.txt
Not Found: /robots.txt
Not Found: /robots.txt
Not Found: /robots.txt
Not Found: /apps
Not Found: /api/action
Not Found: /api/actions
Not Found: /_next/data
Forbidden (Referer checking failed - no Referer.): /
Not Found: /robots.txt
Not Found: /apps
Not Found: /api/action
Not Found: /api/actions
Not Found: /_next/data
Forbidden (Referer checking failed - no Referer.): /
Not Found: /.well-known/traffic-advice
Not Found: /.well-known/traffic-advice
Not Found: /robots.txt
Not Found: /robots.txt
[UID:3885][942129] Child process with pid: 942137 was killed by signal: 15, core dumped: no
[UID:3885][942129] Child process with pid: 942770 was killed by signal: 15, core dumped: no
[UID:3885][942129] Child process with pid: 942488 was killed by signal: 15, core dumped: no
Not Found: /robots.txt
Not Found: /robots.txt
Not Found: /.env
Not Found: /vendor/phpunit/phpunit/src/Util/PHP/eval-stdin.php
Not Found: /vendor/laravel-filemanager/js/script.js
Not Found: /public/vendor/laravel-filemanager/js/script.js
Forbidden (Referer checking failed - no Referer.): /
Not Found: /_ignition/execute-solution
Not Found: /public/_ignition/execute-solution
Not Found: /robots.txt
Not Found: /robots.txt
Not Found: /robots.txt
Not Found: /apps
Not Found: /api/action
Not Found: /api/actions
Not Found: /_next/data
Forbidden (Referer checking failed - no Referer.): /
Not Found: /robots.txt
Not Found: /robots.txt
Not Found: /wp-login.php
Not Found: /robots.txt
Not Found: /robots.txt
Not Found: /robots.txt
Not Found: /robots.txt
Not Found: /robots.txt
Not Found: /robots.txt
Not Found: /robots.txt
Not Found: /robots.txt
Method Not Allowed (GET): /submit-review/20/
Not Found: /robots.txt
Not Found: /robots.txt
Not Found: /robots.txt
Not Found: /robots.txt
Not Found: /robots.txt
Not Found: /robots.txt
Not Found: /robots.txt
Not Found: /robots.txt
Not Found: /robots.txt
Not Found: /robots.txt
Not Found: /robots.txt
Not Found: /robots.txt
Not Found: /robots.txt
Not Found: /robots.txt
Not Found: /robots.txt
Not Found: /.well-known/traffic-advice
Not Found: /robots.txt
Not Found: /robots.txt
Not Found: /robots.txt
Not Found: /robots.txt
Not Found: /robots.txt
Not Found: /robots.txt
Not Found: /robots.txt
Not Found: /robots.txt
Not Found: /robots.txt
Not Found: /robots.txt
Not Found: /robots.txt
Not Found: /sitemap.xml
Not Found: /robots.txt
Not Found: /favicon.ico
Not Found: /robots.txt
Method Not Allowed (GET): /submit-review/30/
Not Found: /robots.txt
Not Found: /robots.txt
Not Found: /robots.txt
Not Found: /robots.txt
Not Found: /robots.txt
Not Found: /robots.txt
Not Found: /robots.txt
Not Found: /sitemap.xml
Not Found: /llms.txt
Not Found: /ads.txt
Not Found: /humans.txt
Not Found: /security.txt
Not Found: /.well-known/security.txt
Not Found: /robots.txt
Not Found: /robots.txt
Not Found: /robots.txt
Not Found: /robots.txt
Not Found: /robots.txt
Not Found: /robots.txt
Not Found: /robots.txt
Not Found: /robots.txt
Not Found: /robots.txt
Method Not Allowed (GET): /submit-review/31/
Not Found: /robots.txt
Not Found: /robots.txt
Not Found: /robots.txt
Not Found: /robots.txt
Not Found: /favicon.ico
Not Found: /robots.txt
Not Found: /robots.txt
Not Found: /robots.txt
Not Found: /robots.txt
Not Found: /robots.txt
Not Found: /robots.txt
Not Found: /robots.txt
Not Found: /robots.txt
Not Found: /robots.txt
Not Found: /robots.txt
Not Found: /robots.txt
Not Found: /robots.txt
Not Found: /robots.txt
Not Found: /robots.txt
Not Found: /robots.txt
Not Found: /.well-known/traffic-advice
Not Found: /robots.txt
Not Found: /robots.txt
Not Found: /robots.txt
Method Not Allowed (GET): /submit-review/31/
OSError: LSAPI: File error
[UID:3885][3977108] Child process with pid: 3999009 was killed by signal: 15, core dumped: no
[UID:3885][3977108] Child process with pid: 3999010 was killed by signal: 15, core dumped: no
[UID:3885][3977108] Child process with pid: 3999011 was killed by signal: 15, core dumped: no
OSError: LSAPI: File error
Not Found: /robots.txt
Method Not Allowed (GET): /submit-review/35/
Not Found: /.well-known/traffic-advice
Not Found: /robots.txt
Not Found: /robots.txt
Method Not Allowed (GET): /ajax-register/
Not Found: /robots.txt
Method Not Allowed (GET): /ajax-login/
Not Found: /robots.txt
Not Found: /robots.txt
Not Found: /robots.txt
Not Found: /robots.txt
Method Not Allowed (GET): /submit-review/22/
Method Not Allowed (GET): /submit-review/23/
Not Found: /robots.txt
Not Found: /robots.txt
Method Not Allowed (GET): /submit-review/21/
Method Not Allowed (GET): /submit-review/26/
Not Found: /robots.txt
Method Not Allowed (GET): /ajax-login/
Method Not Allowed (GET): /submit-review/24/
Method Not Allowed (GET): /submit-review/33/
Method Not Allowed (GET): /submit-review/34/
Method Not Allowed (GET): /submit-review/27/
Not Found: /.well-known/traffic-advice
Method Not Allowed (GET): /submit-review/28/
Method Not Allowed (GET): /submit-review/32/
Method Not Allowed (GET): /submit-review/36/
Not Found: /robots.txt
Not Found: /robots.txt
Method Not Allowed (GET): /submit-review/40/
Method Not Allowed (GET): /submit-review/41/
Not Found: /robots.txt
Method Not Allowed (GET): /submit-review/38/
Not Found: /robots.txt
Method Not Allowed (GET): /submit-review/37/
Method Not Allowed (GET): /submit-review/39/
Method Not Allowed (GET): /submit-review/29/
Not Found: /robots.txt
Not Found: /robots.txt
Method Not Allowed (GET): /submit-review/19/
Method Not Allowed (GET): /submit-review/25/
Not Found: /robots.txt
Not Found: /favicon.ico
Error processing Product image: 'ascii' codec can't encode character '\u274c' in position 0: ordinal not in range(128)
[UID:3885][575761] Child process with pid: 918663 was killed by signal: 15, core dumped: no
[UID:3885][575761] Child process with pid: 918660 was killed by signal: 15, core dumped: no
[UID:3885][575761] Child process with pid: 918661 was killed by signal: 15, core dumped: no
[UID:3885][575761] Child process with pid: 918677 was killed by signal: 15, core dumped: no
